########### 06-02-2012 09:26 ###########
mc_gross		=> 7.00
invoice		=> 1328508967
protection_eligibility		=> Eligible
address_status		=> confirmed
payer_id		=> HUMLNHFXKAQBS
tax		=> 0.00
address_street		=> 1 Main St
payment_date		=> 22:17:07 Feb 05, 2012 PST
payment_status		=> Completed
charset		=> windows-1252
address_zip		=> 95131
first_name		=> Artem
mc_fee		=> 0.50
address_country_code		=> US
address_name		=> Artem Parfenov
notify_version		=> 3.4
custom		=> 5.04
payer_status		=> verified
business		=> devel_1328469051_biz@allmp3.us
address_country		=> United States
address_city		=> San Jose
quantity		=> 1
payer_email		=> dziro_1328470782_per@allmp3.us
verify_sign		=> AdagaAtswy6PIRCYlI7unhzQTXqRAVwTwRIWyIrE8SYQujjPyE-WOHIr
txn_id		=> 7EX28490CV472903D
payment_type		=> instant
last_name		=> Parfenov
address_state		=> CA
receiver_email		=> devel_1328469051_biz@allmp3.us
payment_fee		=> 0.50
receiver_id		=> X4UZPKFZQ6AEL
txn_type		=> web_accept
item_name		=> Refill balance for client 4 on $7
mc_currency		=> USD
item_number		=> 4
residence_country		=> US
test_ipn		=> 1
transaction_subject		=> 5.04
handling_amount		=> 0.00
payment_gross		=> 7.00
shipping		=> 0.00
########################################


########### 06-02-2012 09:27 ###########
mc_gross		=> 7.00
invoice		=> 1328508967
protection_eligibility		=> Eligible
address_status		=> confirmed
payer_id		=> HUMLNHFXKAQBS
tax		=> 0.00
address_street		=> 1 Main St
payment_date		=> 22:17:07 Feb 05, 2012 PST
payment_status		=> Completed
charset		=> windows-1252
address_zip		=> 95131
first_name		=> Artem
mc_fee		=> 0.50
address_country_code		=> US
address_name		=> Artem Parfenov
notify_version		=> 3.4
custom		=> 5.04
payer_status		=> verified
business		=> devel_1328469051_biz@allmp3.us
address_country		=> United States
address_city		=> San Jose
quantity		=> 1
payer_email		=> dziro_1328470782_per@allmp3.us
verify_sign		=> AdagaAtswy6PIRCYlI7unhzQTXqRAVwTwRIWyIrE8SYQujjPyE-WOHIr
txn_id		=> 7EX28490CV472903D
payment_type		=> instant
last_name		=> Parfenov
address_state		=> CA
receiver_email		=> devel_1328469051_biz@allmp3.us
payment_fee		=> 0.50
receiver_id		=> X4UZPKFZQ6AEL
txn_type		=> web_accept
item_name		=> Refill balance for client 4 on $7
mc_currency		=> USD
item_number		=> 4
residence_country		=> US
test_ipn		=> 1
transaction_subject		=> 5.04
handling_amount		=> 0.00
payment_gross		=> 7.00
shipping		=> 0.00
########################################


########### 06-02-2012 09:28 ###########
mc_gross		=> 7.00
invoice		=> 1328508967
protection_eligibility		=> Eligible
address_status		=> confirmed
payer_id		=> HUMLNHFXKAQBS
tax		=> 0.00
address_street		=> 1 Main St
payment_date		=> 22:17:07 Feb 05, 2012 PST
payment_status		=> Completed
charset		=> windows-1252
address_zip		=> 95131
first_name		=> Artem
mc_fee		=> 0.50
address_country_code		=> US
address_name		=> Artem Parfenov
notify_version		=> 3.4
custom		=> 5.04
payer_status		=> verified
business		=> devel_1328469051_biz@allmp3.us
address_country		=> United States
address_city		=> San Jose
quantity		=> 1
payer_email		=> dziro_1328470782_per@allmp3.us
verify_sign		=> AdagaAtswy6PIRCYlI7unhzQTXqRAVwTwRIWyIrE8SYQujjPyE-WOHIr
txn_id		=> 7EX28490CV472903D
payment_type		=> instant
last_name		=> Parfenov
address_state		=> CA
receiver_email		=> devel_1328469051_biz@allmp3.us
payment_fee		=> 0.50
receiver_id		=> X4UZPKFZQ6AEL
txn_type		=> web_accept
item_name		=> Refill balance for client 4 on $7
mc_currency		=> USD
item_number		=> 4
residence_country		=> US
test_ipn		=> 1
transaction_subject		=> 5.04
handling_amount		=> 0.00
payment_gross		=> 7.00
shipping		=> 0.00
########################################


########### 06-02-2012 09:49 ###########
mc_gross		=> 7.00
invoice		=> 1328508967
protection_eligibility		=> Eligible
address_status		=> confirmed
payer_id		=> HUMLNHFXKAQBS
tax		=> 0.00
address_street		=> 1 Main St
payment_date		=> 22:17:07 Feb 05, 2012 PST
payment_status		=> Completed
charset		=> windows-1252
address_zip		=> 95131
first_name		=> Artem
mc_fee		=> 0.50
address_country_code		=> US
address_name		=> Artem Parfenov
notify_version		=> 3.4
custom		=> 5.04
payer_status		=> verified
business		=> devel_1328469051_biz@allmp3.us
address_country		=> United States
address_city		=> San Jose
quantity		=> 1
payer_email		=> dziro_1328470782_per@allmp3.us
verify_sign		=> AdagaAtswy6PIRCYlI7unhzQTXqRAVwTwRIWyIrE8SYQujjPyE-WOHIr
txn_id		=> 7EX28490CV472903D
payment_type		=> instant
last_name		=> Parfenov
address_state		=> CA
receiver_email		=> devel_1328469051_biz@allmp3.us
payment_fee		=> 0.50
receiver_id		=> X4UZPKFZQ6AEL
txn_type		=> web_accept
item_name		=> Refill balance for client 4 on $7
mc_currency		=> USD
item_number		=> 4
residence_country		=> US
test_ipn		=> 1
transaction_subject		=> 5.04
handling_amount		=> 0.00
payment_gross		=> 7.00
shipping		=> 0.00
########################################


########### 06-02-2012 09:53 ###########
mc_gross		=> 7.00
invoice		=> 1328508967
protection_eligibility		=> Eligible
address_status		=> confirmed
payer_id		=> HUMLNHFXKAQBS
tax		=> 0.00
address_street		=> 1 Main St
payment_date		=> 22:17:07 Feb 05, 2012 PST
payment_status		=> Completed
charset		=> windows-1252
address_zip		=> 95131
first_name		=> Artem
mc_fee		=> 0.50
address_country_code		=> US
address_name		=> Artem Parfenov
notify_version		=> 3.4
custom		=> 5.04
payer_status		=> verified
business		=> devel_1328469051_biz@allmp3.us
address_country		=> United States
address_city		=> San Jose
quantity		=> 1
payer_email		=> dziro_1328470782_per@allmp3.us
verify_sign		=> AdagaAtswy6PIRCYlI7unhzQTXqRAVwTwRIWyIrE8SYQujjPyE-WOHIr
txn_id		=> 7EX28490CV472903D
payment_type		=> instant
last_name		=> Parfenov
address_state		=> CA
receiver_email		=> devel_1328469051_biz@allmp3.us
payment_fee		=> 0.50
receiver_id		=> X4UZPKFZQ6AEL
txn_type		=> web_accept
item_name		=> Refill balance for client 4 on $7
mc_currency		=> USD
item_number		=> 4
residence_country		=> US
test_ipn		=> 1
transaction_subject		=> 5.04
handling_amount		=> 0.00
payment_gross		=> 7.00
shipping		=> 0.00
########################################


########### 06-02-2012 09:54 ###########
mc_gross		=> 7.00
invoice		=> 1328508967
protection_eligibility		=> Eligible
address_status		=> confirmed
payer_id		=> HUMLNHFXKAQBS
tax		=> 0.00
address_street		=> 1 Main St
payment_date		=> 22:17:07 Feb 05, 2012 PST
payment_status		=> Completed
charset		=> windows-1252
address_zip		=> 95131
first_name		=> Artem
mc_fee		=> 0.50
address_country_code		=> US
address_name		=> Artem Parfenov
notify_version		=> 3.4
custom		=> 5.04
payer_status		=> verified
business		=> devel_1328469051_biz@allmp3.us
address_country		=> United States
address_city		=> San Jose
quantity		=> 1
payer_email		=> dziro_1328470782_per@allmp3.us
verify_sign		=> AdagaAtswy6PIRCYlI7unhzQTXqRAVwTwRIWyIrE8SYQujjPyE-WOHIr
txn_id		=> 7EX28490CV472903D
payment_type		=> instant
last_name		=> Parfenov
address_state		=> CA
receiver_email		=> devel_1328469051_biz@allmp3.us
payment_fee		=> 0.50
receiver_id		=> X4UZPKFZQ6AEL
txn_type		=> web_accept
item_name		=> Refill balance for client 4 on $7
mc_currency		=> USD
item_number		=> 4
residence_country		=> US
test_ipn		=> 1
transaction_subject		=> 5.04
handling_amount		=> 0.00
payment_gross		=> 7.00
shipping		=> 0.00
########################################


########### 06-02-2012 09:54 ###########
mc_gross		=> 7.00
invoice		=> 1328508967
protection_eligibility		=> Eligible
address_status		=> confirmed
payer_id		=> HUMLNHFXKAQBS
tax		=> 0.00
address_street		=> 1 Main St
payment_date		=> 22:17:07 Feb 05, 2012 PST
payment_status		=> Completed
charset		=> windows-1252
address_zip		=> 95131
first_name		=> Artem
mc_fee		=> 0.50
address_country_code		=> US
address_name		=> Artem Parfenov
notify_version		=> 3.4
custom		=> 5.04
payer_status		=> verified
business		=> devel_1328469051_biz@allmp3.us
address_country		=> United States
address_city		=> San Jose
quantity		=> 1
payer_email		=> dziro_1328470782_per@allmp3.us
verify_sign		=> AdagaAtswy6PIRCYlI7unhzQTXqRAVwTwRIWyIrE8SYQujjPyE-WOHIr
txn_id		=> 7EX28490CV472903D
payment_type		=> instant
last_name		=> Parfenov
address_state		=> CA
receiver_email		=> devel_1328469051_biz@allmp3.us
payment_fee		=> 0.50
receiver_id		=> X4UZPKFZQ6AEL
txn_type		=> web_accept
item_name		=> Refill balance for client 4 on $7
mc_currency		=> USD
item_number		=> 4
residence_country		=> US
test_ipn		=> 1
transaction_subject		=> 5.04
handling_amount		=> 0.00
payment_gross		=> 7.00
shipping		=> 0.00
Status: OK! [payment_id=2814]
########################################


########### 06-02-2012 09:55 ###########
mc_gross		=> 7.00
invoice		=> 1328511317
protection_eligibility		=> Eligible
address_status		=> confirmed
payer_id		=> HUMLNHFXKAQBS
tax		=> 0.00
address_street		=> 1 Main St
payment_date		=> 22:55:51 Feb 05, 2012 PST
payment_status		=> Completed
charset		=> windows-1252
address_zip		=> 95131
first_name		=> Artem
mc_fee		=> 0.50
address_country_code		=> US
address_name		=> Artem Parfenov
notify_version		=> 3.4
custom		=> 5.04
payer_status		=> verified
business		=> devel_1328469051_biz@allmp3.us
address_country		=> United States
address_city		=> San Jose
quantity		=> 1
verify_sign		=> AksCHRr9v6BAoMb5rNAxnM8IilmJALZ.TGrt8iGAfbCKFMl-062ioZFP
payer_email		=> dziro_1328470782_per@allmp3.us
txn_id		=> 04W881508V214535H
payment_type		=> instant
last_name		=> Parfenov
address_state		=> CA
receiver_email		=> devel_1328469051_biz@allmp3.us
payment_fee		=> 0.50
receiver_id		=> X4UZPKFZQ6AEL
txn_type		=> web_accept
item_name		=> Refill balance for client 4 on $7
mc_currency		=> USD
item_number		=> 4
residence_country		=> US
test_ipn		=> 1
handling_amount		=> 0.00
transaction_subject		=> 5.04
payment_gross		=> 7.00
shipping		=> 0.00
ipn_track_id		=> e980a5e7cbe49
########################################


########### 06-02-2012 09:55 ###########
mc_gross		=> 7.00
invoice		=> 1328511317
protection_eligibility		=> Eligible
address_status		=> confirmed
payer_id		=> HUMLNHFXKAQBS
tax		=> 0.00
address_street		=> 1 Main St
payment_date		=> 22:55:51 Feb 05, 2012 PST
payment_status		=> Completed
charset		=> windows-1252
address_zip		=> 95131
first_name		=> Artem
mc_fee		=> 0.50
address_country_code		=> US
address_name		=> Artem Parfenov
notify_version		=> 3.4
custom		=> 5.04
payer_status		=> verified
business		=> devel_1328469051_biz@allmp3.us
address_country		=> United States
address_city		=> San Jose
quantity		=> 1
verify_sign		=> AksCHRr9v6BAoMb5rNAxnM8IilmJALZ.TGrt8iGAfbCKFMl-062ioZFP
payer_email		=> dziro_1328470782_per@allmp3.us
txn_id		=> 04W881508V214535H
payment_type		=> instant
last_name		=> Parfenov
address_state		=> CA
receiver_email		=> devel_1328469051_biz@allmp3.us
payment_fee		=> 0.50
receiver_id		=> X4UZPKFZQ6AEL
txn_type		=> web_accept
item_name		=> Refill balance for client 4 on $7
mc_currency		=> USD
item_number		=> 4
residence_country		=> US
test_ipn		=> 1
handling_amount		=> 0.00
transaction_subject		=> 5.04
payment_gross		=> 7.00
shipping		=> 0.00
ipn_track_id		=> e980a5e7cbe49
Status: OK! [payment_id=2815]
########################################


########### 06-02-2012 09:55 ###########
mc_gross		=> 7.00
invoice		=> 1328511317
protection_eligibility		=> Eligible
address_status		=> confirmed
payer_id		=> HUMLNHFXKAQBS
tax		=> 0.00
address_street		=> 1 Main St
payment_date		=> 22:55:51 Feb 05, 2012 PST
payment_status		=> Completed
charset		=> windows-1252
address_zip		=> 95131
first_name		=> Artem
mc_fee		=> 0.50
address_country_code		=> US
address_name		=> Artem Parfenov
notify_version		=> 3.4
custom		=> 5.04
payer_status		=> verified
business		=> devel_1328469051_biz@allmp3.us
address_country		=> United States
address_city		=> San Jose
quantity		=> 1
payer_email		=> dziro_1328470782_per@allmp3.us
verify_sign		=> AFMSagzMV0Dzh5AniAVl.eD2IvGfA-naMKhqy6wWwP4gAChNYGbeM59V
txn_id		=> 04W881508V214535H
payment_type		=> instant
last_name		=> Parfenov
address_state		=> CA
receiver_email		=> devel_1328469051_biz@allmp3.us
payment_fee		=> 0.50
receiver_id		=> X4UZPKFZQ6AEL
txn_type		=> web_accept
item_name		=> Refill balance for client 4 on $7
mc_currency		=> USD
item_number		=> 4
residence_country		=> US
test_ipn		=> 1
transaction_subject		=> 5.04
handling_amount		=> 0.00
payment_gross		=> 7.00
shipping		=> 0.00
########################################


########### 06-02-2012 11:56 ###########
mc_gross		=> 8.00
invoice		=> 1328518539
protection_eligibility		=> Eligible
address_status		=> confirmed
payer_id		=> HUMLNHFXKAQBS
tax		=> 0.00
address_street		=> 1 Main St
payment_date		=> 00:56:23 Feb 06, 2012 PST
payment_status		=> Completed
charset		=> windows-1252
address_zip		=> 95131
first_name		=> Artem
mc_fee		=> 0.53
address_country_code		=> US
address_name		=> Artem Parfenov
notify_version		=> 3.4
custom		=> 5.08
payer_status		=> verified
business		=> devel_1328469051_biz@allmp3.us
address_country		=> United States
address_city		=> San Jose
quantity		=> 1
verify_sign		=> AQU0e5vuZCvSg-XJploSa.sGUDlpAslCFH-pap2q2vA6eMB0XX2M6Gx-
payer_email		=> dziro_1328470782_per@allmp3.us
txn_id		=> 6AB8719037596901H
payment_type		=> instant
last_name		=> Parfenov
address_state		=> CA
receiver_email		=> devel_1328469051_biz@allmp3.us
payment_fee		=> 0.53
receiver_id		=> X4UZPKFZQ6AEL
txn_type		=> web_accept
item_name		=> Refill balance for client 4 on $8
mc_currency		=> USD
item_number		=> 4
residence_country		=> US
test_ipn		=> 1
handling_amount		=> 0.00
transaction_subject		=> 5.08
payment_gross		=> 8.00
shipping		=> 0.00
ipn_track_id		=> 1f5a8354a487c
########################################


########### 06-02-2012 11:56 ###########
mc_gross		=> 8.00
invoice		=> 1328518539
protection_eligibility		=> Eligible
address_status		=> confirmed
payer_id		=> HUMLNHFXKAQBS
tax		=> 0.00
address_street		=> 1 Main St
payment_date		=> 00:56:23 Feb 06, 2012 PST
payment_status		=> Completed
charset		=> windows-1252
address_zip		=> 95131
first_name		=> Artem
mc_fee		=> 0.53
address_country_code		=> US
address_name		=> Artem Parfenov
notify_version		=> 3.4
custom		=> 5.08
payer_status		=> verified
business		=> devel_1328469051_biz@allmp3.us
address_country		=> United States
address_city		=> San Jose
quantity		=> 1
verify_sign		=> AQU0e5vuZCvSg-XJploSa.sGUDlpAslCFH-pap2q2vA6eMB0XX2M6Gx-
payer_email		=> dziro_1328470782_per@allmp3.us
txn_id		=> 6AB8719037596901H
payment_type		=> instant
last_name		=> Parfenov
address_state		=> CA
receiver_email		=> devel_1328469051_biz@allmp3.us
payment_fee		=> 0.53
receiver_id		=> X4UZPKFZQ6AEL
txn_type		=> web_accept
item_name		=> Refill balance for client 4 on $8
mc_currency		=> USD
item_number		=> 4
residence_country		=> US
test_ipn		=> 1
handling_amount		=> 0.00
transaction_subject		=> 5.08
payment_gross		=> 8.00
shipping		=> 0.00
ipn_track_id		=> 1f5a8354a487c
Status: OK! [payment_id=2817]
########################################


########### 06-02-2012 12:16 ###########
mc_gross		=> 16.00
invoice		=> 1328519213
protection_eligibility		=> Eligible
address_status		=> confirmed
payer_id		=> HUMLNHFXKAQBS
tax		=> 0.00
address_street		=> 1 Main St
payment_date		=> 01:07:44 Feb 06, 2012 PST
payment_status		=> Completed
charset		=> windows-1252
address_zip		=> 95131
first_name		=> Artem
mc_fee		=> 0.76
address_country_code		=> US
address_name		=> Artem Parfenov
notify_version		=> 3.4
custom		=> 5.4
payer_status		=> verified
business		=> devel_1328469051_biz@allmp3.us
address_country		=> United States
address_city		=> San Jose
quantity		=> 1
payer_email		=> dziro_1328470782_per@allmp3.us
verify_sign		=> AUaMhUQLvCjUi2ABCV4b39AtUnovAdj7LDjgNrCIcg3.u4FrItPHEmff
txn_id		=> 3X923149VK520963V
payment_type		=> instant
last_name		=> Parfenov
address_state		=> CA
receiver_email		=> devel_1328469051_biz@allmp3.us
payment_fee		=> 0.76
receiver_id		=> X4UZPKFZQ6AEL
txn_type		=> web_accept
item_name		=> Refill balance for client 4 on $16
mc_currency		=> USD
item_number		=> 4
residence_country		=> US
test_ipn		=> 1
transaction_subject		=> 5.4
handling_amount		=> 0.00
payment_gross		=> 16.00
shipping		=> 0.00
########################################


########### 06-02-2012 12:16 ###########
mc_gross		=> 16.00
invoice		=> 1328519213
protection_eligibility		=> Eligible
address_status		=> confirmed
payer_id		=> HUMLNHFXKAQBS
tax		=> 0.00
address_street		=> 1 Main St
payment_date		=> 01:07:44 Feb 06, 2012 PST
payment_status		=> Completed
charset		=> windows-1252
address_zip		=> 95131
first_name		=> Artem
mc_fee		=> 0.76
address_country_code		=> US
address_name		=> Artem Parfenov
notify_version		=> 3.4
custom		=> 5.4
payer_status		=> verified
business		=> devel_1328469051_biz@allmp3.us
address_country		=> United States
address_city		=> San Jose
quantity		=> 1
payer_email		=> dziro_1328470782_per@allmp3.us
verify_sign		=> AUaMhUQLvCjUi2ABCV4b39AtUnovAdj7LDjgNrCIcg3.u4FrItPHEmff
txn_id		=> 3X923149VK520963V
payment_type		=> instant
last_name		=> Parfenov
address_state		=> CA
receiver_email		=> devel_1328469051_biz@allmp3.us
payment_fee		=> 0.76
receiver_id		=> X4UZPKFZQ6AEL
txn_type		=> web_accept
item_name		=> Refill balance for client 4 on $16
mc_currency		=> USD
item_number		=> 4
residence_country		=> US
test_ipn		=> 1
transaction_subject		=> 5.4
handling_amount		=> 0.00
payment_gross		=> 16.00
shipping		=> 0.00
Status: OK! [payment_id=2818]
########################################


########### 06-02-2012 12:18 ###########
mc_gross		=> 8.00
invoice		=> 1328519848
protection_eligibility		=> Eligible
address_status		=> confirmed
payer_id		=> HUMLNHFXKAQBS
tax		=> 0.00
address_street		=> 1 Main St
payment_date		=> 01:18:24 Feb 06, 2012 PST
payment_status		=> Completed
charset		=> windows-1252
address_zip		=> 95131
first_name		=> Artem
mc_fee		=> 0.53
address_country_code		=> US
address_name		=> Artem Parfenov
notify_version		=> 3.4
custom		=> 5.08
payer_status		=> verified
business		=> devel_1328469051_biz@allmp3.us
address_country		=> United States
address_city		=> San Jose
quantity		=> 1
verify_sign		=> ApYNoNL7FPkCaYj1aNb7.q40doiFAjUMi7KYMEaS2ycrMntZnokMQ.jG
payer_email		=> dziro_1328470782_per@allmp3.us
txn_id		=> 5AG9890618050490R
payment_type		=> instant
last_name		=> Parfenov
address_state		=> CA
receiver_email		=> devel_1328469051_biz@allmp3.us
payment_fee		=> 0.53
receiver_id		=> X4UZPKFZQ6AEL
txn_type		=> web_accept
item_name		=> Refill balance for client 4 on $8
mc_currency		=> USD
item_number		=> 4
residence_country		=> US
test_ipn		=> 1
handling_amount		=> 0.00
transaction_subject		=> 5.08
payment_gross		=> 8.00
shipping		=> 0.00
ipn_track_id		=> 5ae8b461eb0a2
########################################


########### 06-02-2012 12:18 ###########
mc_gross		=> 8.00
invoice		=> 1328519848
protection_eligibility		=> Eligible
address_status		=> confirmed
payer_id		=> HUMLNHFXKAQBS
tax		=> 0.00
address_street		=> 1 Main St
payment_date		=> 01:18:24 Feb 06, 2012 PST
payment_status		=> Completed
charset		=> windows-1252
address_zip		=> 95131
first_name		=> Artem
mc_fee		=> 0.53
address_country_code		=> US
address_name		=> Artem Parfenov
notify_version		=> 3.4
custom		=> 5.08
payer_status		=> verified
business		=> devel_1328469051_biz@allmp3.us
address_country		=> United States
address_city		=> San Jose
quantity		=> 1
verify_sign		=> ApYNoNL7FPkCaYj1aNb7.q40doiFAjUMi7KYMEaS2ycrMntZnokMQ.jG
payer_email		=> dziro_1328470782_per@allmp3.us
txn_id		=> 5AG9890618050490R
payment_type		=> instant
last_name		=> Parfenov
address_state		=> CA
receiver_email		=> devel_1328469051_biz@allmp3.us
payment_fee		=> 0.53
receiver_id		=> X4UZPKFZQ6AEL
txn_type		=> web_accept
item_name		=> Refill balance for client 4 on $8
mc_currency		=> USD
item_number		=> 4
residence_country		=> US
test_ipn		=> 1
handling_amount		=> 0.00
transaction_subject		=> 5.08
payment_gross		=> 8.00
shipping		=> 0.00
ipn_track_id		=> 5ae8b461eb0a2
Status: OK! [payment_id=2819]
########################################


########### 06-02-2012 12:18 ###########
mc_gross		=> 8.00
invoice		=> 1328519848
protection_eligibility		=> Eligible
address_status		=> confirmed
payer_id		=> HUMLNHFXKAQBS
tax		=> 0.00
address_street		=> 1 Main St
payment_date		=> 01:18:24 Feb 06, 2012 PST
payment_status		=> Completed
charset		=> windows-1252
address_zip		=> 95131
first_name		=> Artem
mc_fee		=> 0.53
address_country_code		=> US
address_name		=> Artem Parfenov
notify_version		=> 3.4
custom		=> 5.08
payer_status		=> verified
business		=> devel_1328469051_biz@allmp3.us
address_country		=> United States
address_city		=> San Jose
quantity		=> 1
payer_email		=> dziro_1328470782_per@allmp3.us
verify_sign		=> AwSXm8-CpqqqMb6UN0o9tI6cwOzFAWoZtI8o9qeKLUfKlV0lhWGfiVn8
txn_id		=> 5AG9890618050490R
payment_type		=> instant
last_name		=> Parfenov
address_state		=> CA
receiver_email		=> devel_1328469051_biz@allmp3.us
payment_fee		=> 0.53
receiver_id		=> X4UZPKFZQ6AEL
txn_type		=> web_accept
item_name		=> Refill balance for client 4 on $8
mc_currency		=> USD
item_number		=> 4
residence_country		=> US
test_ipn		=> 1
transaction_subject		=> 5.08
handling_amount		=> 0.00
payment_gross		=> 8.00
shipping		=> 0.00
########################################


########### 06-02-2012 12:23 ###########
mc_gross		=> 9.00
invoice		=> 1328520163
protection_eligibility		=> Eligible
address_status		=> confirmed
payer_id		=> HUMLNHFXKAQBS
tax		=> 0.00
address_street		=> 1 Main St
payment_date		=> 01:23:23 Feb 06, 2012 PST
payment_status		=> Completed
charset		=> windows-1252
address_zip		=> 95131
first_name		=> Artem
mc_fee		=> 0.56
address_country_code		=> US
address_name		=> Artem Parfenov
notify_version		=> 3.4
custom		=> 5.12
payer_status		=> verified
business		=> devel_1328469051_biz@allmp3.us
address_country		=> United States
address_city		=> San Jose
quantity		=> 1
verify_sign		=> AmaZJVeS3xPDRjSfp615lOUacfBcA8OuEaAta0WUIdMQIrlgENEs2PDA
payer_email		=> dziro_1328470782_per@allmp3.us
txn_id		=> 53Y76920F76130912
payment_type		=> instant
last_name		=> Parfenov
address_state		=> CA
receiver_email		=> devel_1328469051_biz@allmp3.us
payment_fee		=> 0.56
receiver_id		=> X4UZPKFZQ6AEL
txn_type		=> web_accept
item_name		=> Refill balance for client 4 on $9
mc_currency		=> USD
item_number		=> 4
residence_country		=> US
test_ipn		=> 1
handling_amount		=> 0.00
transaction_subject		=> 5.12
payment_gross		=> 9.00
shipping		=> 0.00
ipn_track_id		=> eaaa998e8f810
########################################


########### 06-02-2012 12:23 ###########
mc_gross		=> 9.00
invoice		=> 1328520163
protection_eligibility		=> Eligible
address_status		=> confirmed
payer_id		=> HUMLNHFXKAQBS
tax		=> 0.00
address_street		=> 1 Main St
payment_date		=> 01:23:23 Feb 06, 2012 PST
payment_status		=> Completed
charset		=> windows-1252
address_zip		=> 95131
first_name		=> Artem
mc_fee		=> 0.56
address_country_code		=> US
address_name		=> Artem Parfenov
notify_version		=> 3.4
custom		=> 5.12
payer_status		=> verified
business		=> devel_1328469051_biz@allmp3.us
address_country		=> United States
address_city		=> San Jose
quantity		=> 1
verify_sign		=> AmaZJVeS3xPDRjSfp615lOUacfBcA8OuEaAta0WUIdMQIrlgENEs2PDA
payer_email		=> dziro_1328470782_per@allmp3.us
txn_id		=> 53Y76920F76130912
payment_type		=> instant
last_name		=> Parfenov
address_state		=> CA
receiver_email		=> devel_1328469051_biz@allmp3.us
payment_fee		=> 0.56
receiver_id		=> X4UZPKFZQ6AEL
txn_type		=> web_accept
item_name		=> Refill balance for client 4 on $9
mc_currency		=> USD
item_number		=> 4
residence_country		=> US
test_ipn		=> 1
handling_amount		=> 0.00
transaction_subject		=> 5.12
payment_gross		=> 9.00
shipping		=> 0.00
ipn_track_id		=> eaaa998e8f810
Status: OK! [payment_id=2821]
########################################


########### 06-02-2012 13:42 ###########
mc_gross		=> 17.00
invoice		=> 1328524907
protection_eligibility		=> Eligible
address_status		=> confirmed
payer_id		=> HUMLNHFXKAQBS
tax		=> 0.00
address_street		=> 1 Main St
payment_date		=> 02:42:22 Feb 06, 2012 PST
payment_status		=> Completed
charset		=> windows-1252
address_zip		=> 95131
first_name		=> Artem
mc_fee		=> 0.79
address_country_code		=> US
address_name		=> Artem Parfenov
notify_version		=> 3.4
custom		=> 5.44
payer_status		=> verified
business		=> devel_1328469051_biz@allmp3.us
address_country		=> United States
address_city		=> San Jose
quantity		=> 1
payer_email		=> dziro_1328470782_per@allmp3.us
verify_sign		=> AFcWxV21C7fd0v3bYYYRCpSSRl31AgjxLPcAPGiNA9.4c93d5qwRic8X
txn_id		=> 51R75702FF992035W
payment_type		=> instant
last_name		=> Parfenov
address_state		=> CA
receiver_email		=> devel_1328469051_biz@allmp3.us
payment_fee		=> 0.79
receiver_id		=> X4UZPKFZQ6AEL
txn_type		=> web_accept
item_name		=> Refill balance for client 4 on $17
mc_currency		=> USD
item_number		=> 4
residence_country		=> US
test_ipn		=> 1
transaction_subject		=> 5.44
handling_amount		=> 0.00
payment_gross		=> 17.00
shipping		=> 0.00
########################################


########### 06-02-2012 13:42 ###########
mc_gross		=> 17.00
invoice		=> 1328524907
protection_eligibility		=> Eligible
address_status		=> confirmed
payer_id		=> HUMLNHFXKAQBS
tax		=> 0.00
address_street		=> 1 Main St
payment_date		=> 02:42:22 Feb 06, 2012 PST
payment_status		=> Completed
charset		=> windows-1252
address_zip		=> 95131
first_name		=> Artem
mc_fee		=> 0.79
address_country_code		=> US
address_name		=> Artem Parfenov
notify_version		=> 3.4
custom		=> 5.44
payer_status		=> verified
business		=> devel_1328469051_biz@allmp3.us
address_country		=> United States
address_city		=> San Jose
quantity		=> 1
payer_email		=> dziro_1328470782_per@allmp3.us
verify_sign		=> AFcWxV21C7fd0v3bYYYRCpSSRl31AgjxLPcAPGiNA9.4c93d5qwRic8X
txn_id		=> 51R75702FF992035W
payment_type		=> instant
last_name		=> Parfenov
address_state		=> CA
receiver_email		=> devel_1328469051_biz@allmp3.us
payment_fee		=> 0.79
receiver_id		=> X4UZPKFZQ6AEL
txn_type		=> web_accept
item_name		=> Refill balance for client 4 on $17
mc_currency		=> USD
item_number		=> 4
residence_country		=> US
test_ipn		=> 1
transaction_subject		=> 5.44
handling_amount		=> 0.00
payment_gross		=> 17.00
shipping		=> 0.00
Status: OK! [payment_id=2822]
########################################


########### 06-02-2012 13:47 ###########
mc_gross		=> 11.00
invoice		=> 1328525202
protection_eligibility		=> Eligible
address_status		=> confirmed
payer_id		=> HUMLNHFXKAQBS
tax		=> 0.00
address_street		=> 1 Main St
payment_date		=> 02:47:39 Feb 06, 2012 PST
payment_status		=> Completed
charset		=> windows-1252
address_zip		=> 95131
first_name		=> Artem
mc_fee		=> 0.62
address_country_code		=> US
address_name		=> Artem Parfenov
notify_version		=> 3.4
custom		=> 5.2
payer_status		=> verified
business		=> devel_1328469051_biz@allmp3.us
address_country		=> United States
address_city		=> San Jose
quantity		=> 1
payer_email		=> dziro_1328470782_per@allmp3.us
verify_sign		=> AFcWxV21C7fd0v3bYYYRCpSSRl31AqIYHEN3YZZpF1cpL0OKhoJtuL36
txn_id		=> 3GX642515V991963P
payment_type		=> instant
last_name		=> Parfenov
address_state		=> CA
receiver_email		=> devel_1328469051_biz@allmp3.us
payment_fee		=> 0.62
receiver_id		=> X4UZPKFZQ6AEL
txn_type		=> web_accept
item_name		=> Refill balance for client 4 on $11
mc_currency		=> USD
item_number		=> 4
residence_country		=> US
test_ipn		=> 1
transaction_subject		=> 5.2
handling_amount		=> 0.00
payment_gross		=> 11.00
shipping		=> 0.00
########################################


########### 06-02-2012 13:47 ###########
mc_gross		=> 11.00
invoice		=> 1328525202
protection_eligibility		=> Eligible
address_status		=> confirmed
payer_id		=> HUMLNHFXKAQBS
tax		=> 0.00
address_street		=> 1 Main St
payment_date		=> 02:47:39 Feb 06, 2012 PST
payment_status		=> Completed
charset		=> windows-1252
address_zip		=> 95131
first_name		=> Artem
mc_fee		=> 0.62
address_country_code		=> US
address_name		=> Artem Parfenov
notify_version		=> 3.4
custom		=> 5.2
payer_status		=> verified
business		=> devel_1328469051_biz@allmp3.us
address_country		=> United States
address_city		=> San Jose
quantity		=> 1
payer_email		=> dziro_1328470782_per@allmp3.us
verify_sign		=> AFcWxV21C7fd0v3bYYYRCpSSRl31AqIYHEN3YZZpF1cpL0OKhoJtuL36
txn_id		=> 3GX642515V991963P
payment_type		=> instant
last_name		=> Parfenov
address_state		=> CA
receiver_email		=> devel_1328469051_biz@allmp3.us
payment_fee		=> 0.62
receiver_id		=> X4UZPKFZQ6AEL
txn_type		=> web_accept
item_name		=> Refill balance for client 4 on $11
mc_currency		=> USD
item_number		=> 4
residence_country		=> US
test_ipn		=> 1
transaction_subject		=> 5.2
handling_amount		=> 0.00
payment_gross		=> 11.00
shipping		=> 0.00
Status: OK! [payment_id=2823]
########################################


########### 06-02-2012 14:05 ###########
test_ipn		=> 1
payment_type		=> instant
payment_date		=> 02:55:04 Feb 06, 2012 PST
payment_status		=> Completed
payer_status		=> verified
first_name		=> John
last_name		=> Smith
payer_email		=> buyer@paypalsandbox.com
payer_id		=> TESTBUYERID01
business		=> seller@paypalsandbox.com
receiver_email		=> seller@paypalsandbox.com
receiver_id		=> TESTSELLERID1
residence_country		=> US
item_name1		=> something
item_number1		=> AK-1234
quantity1		=> 1
tax		=> 2.02
mc_currency		=> USD
mc_fee		=> 0.44
mc_gross		=> 15.34
mc_gross_1		=> 12.34
mc_handling		=> 2.06
mc_handling1		=> 1.67
mc_shipping		=> 3.02
mc_shipping1		=> 1.02
txn_type		=> cart
txn_id		=> 4261055
notify_version		=> 2.4
custom		=> xyz123
invoice		=> abc1234
charset		=> windows-1252
verify_sign		=> AQU0e5vuZCvSg-XJploSa.sGUDlpA8UDeb1l7WoUp6Qnz9qzBOAUnuEp
########################################


########### 06-02-2012 14:05 ###########
mc_gross		=> 17.00
invoice		=> 1328524907
protection_eligibility		=> Eligible
address_status		=> confirmed
payer_id		=> HUMLNHFXKAQBS
tax		=> 0.00
address_street		=> 1 Main St
payment_date		=> 02:42:22 Feb 06, 2012 PST
payment_status		=> Completed
charset		=> windows-1252
address_zip		=> 95131
first_name		=> Artem
mc_fee		=> 0.79
address_country_code		=> US
address_name		=> Artem Parfenov
notify_version		=> 3.4
custom		=> 5.44
payer_status		=> verified
business		=> devel_1328469051_biz@allmp3.us
address_country		=> United States
address_city		=> San Jose
quantity		=> 1
verify_sign		=> AQU0e5vuZCvSg-XJploSa.sGUDlpAmI.JtFTDDTHZV9CDpRBlwElZqoY
payer_email		=> dziro_1328470782_per@allmp3.us
txn_id		=> 51R75702FF992035W
payment_type		=> instant
last_name		=> Parfenov
address_state		=> CA
receiver_email		=> devel_1328469051_biz@allmp3.us
payment_fee		=> 0.79
receiver_id		=> X4UZPKFZQ6AEL
txn_type		=> web_accept
item_name		=> Refill balance for client 4 on $17
mc_currency		=> USD
item_number		=> 4
residence_country		=> US
test_ipn		=> 1
handling_amount		=> 0.00
transaction_subject		=> 5.44
payment_gross		=> 17.00
shipping		=> 0.00
ipn_track_id		=> 89211defc5510
########################################


########### 06-02-2012 14:06 ###########
test_ipn		=> 1
payment_type		=> instant
payment_date		=> 02:55:04 Feb 06, 2012 PST
payment_status		=> Completed
payer_status		=> verified
first_name		=> John
last_name		=> Smith
payer_email		=> buyer@paypalsandbox.com
payer_id		=> TESTBUYERID01
business		=> seller@paypalsandbox.com
receiver_email		=> seller@paypalsandbox.com
receiver_id		=> TESTSELLERID1
residence_country		=> US
item_name1		=> something
item_number1		=> AK-1234
quantity1		=> 1
tax		=> 2.02
mc_currency		=> USD
mc_fee		=> 0.44
mc_gross		=> 15.34
mc_gross_1		=> 12.34
mc_handling		=> 2.06
mc_handling1		=> 1.67
mc_shipping		=> 3.02
mc_shipping1		=> 1.02
txn_type		=> cart
txn_id		=> 4261055
notify_version		=> 2.4
custom		=> xyz123
invoice		=> abc1234
charset		=> windows-1252
verify_sign		=> AFcWxV21C7fd0v3bYYYRCpSSRl31APgTfqV6n0bsivHpSy1DWHrrTswt
########################################


########### 06-02-2012 14:07 ###########
mc_gross		=> 7.00
invoice		=> 1328526419
protection_eligibility		=> Eligible
address_status		=> confirmed
payer_id		=> HUMLNHFXKAQBS
tax		=> 0.00
address_street		=> 1 Main St
payment_date		=> 03:08:02 Feb 06, 2012 PST
payment_status		=> Completed
charset		=> windows-1252
address_zip		=> 95131
first_name		=> Artem
mc_fee		=> 0.50
address_country_code		=> US
address_name		=> Artem Parfenov
notify_version		=> 3.4
custom		=> 5.04
payer_status		=> verified
business		=> devel_1328469051_biz@allmp3.us
address_country		=> United States
address_city		=> San Jose
quantity		=> 1
verify_sign		=> AQfcGuJKs9r.aJ9uvlibcwU0bwHPACiih7zfCDeAzRcPdWoe7ZOG4bAw
payer_email		=> dziro_1328470782_per@allmp3.us
txn_id		=> 9YR85460SN906930F
payment_type		=> instant
last_name		=> Parfenov
address_state		=> CA
receiver_email		=> devel_1328469051_biz@allmp3.us
payment_fee		=> 0.50
receiver_id		=> X4UZPKFZQ6AEL
txn_type		=> web_accept
item_name		=> Refill balance for client 4 on $7
mc_currency		=> USD
item_number		=> 4
residence_country		=> US
test_ipn		=> 1
handling_amount		=> 0.00
transaction_subject		=> 5.04
payment_gross		=> 7.00
shipping		=> 0.00
ipn_track_id		=> 98f5ad90ecee
########################################


########### 06-02-2012 14:07 ###########
mc_gross		=> 7.00
invoice		=> 1328526419
protection_eligibility		=> Eligible
address_status		=> confirmed
payer_id		=> HUMLNHFXKAQBS
tax		=> 0.00
address_street		=> 1 Main St
payment_date		=> 03:08:02 Feb 06, 2012 PST
payment_status		=> Completed
charset		=> windows-1252
address_zip		=> 95131
first_name		=> Artem
mc_fee		=> 0.50
address_country_code		=> US
address_name		=> Artem Parfenov
notify_version		=> 3.4
custom		=> 5.04
payer_status		=> verified
business		=> devel_1328469051_biz@allmp3.us
address_country		=> United States
address_city		=> San Jose
quantity		=> 1
verify_sign		=> AQfcGuJKs9r.aJ9uvlibcwU0bwHPACiih7zfCDeAzRcPdWoe7ZOG4bAw
payer_email		=> dziro_1328470782_per@allmp3.us
txn_id		=> 9YR85460SN906930F
payment_type		=> instant
last_name		=> Parfenov
address_state		=> CA
receiver_email		=> devel_1328469051_biz@allmp3.us
payment_fee		=> 0.50
receiver_id		=> X4UZPKFZQ6AEL
txn_type		=> web_accept
item_name		=> Refill balance for client 4 on $7
mc_currency		=> USD
item_number		=> 4
residence_country		=> US
test_ipn		=> 1
handling_amount		=> 0.00
transaction_subject		=> 5.04
payment_gross		=> 7.00
shipping		=> 0.00
ipn_track_id		=> 98f5ad90ecee
Status: OK! [payment_id=2825]
########################################


########### 06-02-2012 14:09 ###########
mc_gross		=> 8.00
invoice		=> 1328526546
protection_eligibility		=> Eligible
address_status		=> confirmed
payer_id		=> HUMLNHFXKAQBS
tax		=> 0.00
address_street		=> 1 Main St
payment_date		=> 03:09:46 Feb 06, 2012 PST
payment_status		=> Completed
charset		=> windows-1252
address_zip		=> 95131
first_name		=> Artem
mc_fee		=> 0.53
address_country_code		=> US
address_name		=> Artem Parfenov
notify_version		=> 3.4
custom		=> 5.08
payer_status		=> verified
business		=> devel_1328469051_biz@allmp3.us
address_country		=> United States
address_city		=> San Jose
quantity		=> 1
verify_sign		=> AFcWxV21C7fd0v3bYYYRCpSSRl31Aog-JNc-G1n9pQUw1ZE4u.7rCR0R
payer_email		=> dziro_1328470782_per@allmp3.us
txn_id		=> 37640323BT793482N
payment_type		=> instant
last_name		=> Parfenov
address_state		=> CA
receiver_email		=> devel_1328469051_biz@allmp3.us
payment_fee		=> 0.53
receiver_id		=> X4UZPKFZQ6AEL
txn_type		=> web_accept
item_name		=> Refill balance for client 4 on $8
mc_currency		=> USD
item_number		=> 4
residence_country		=> US
test_ipn		=> 1
handling_amount		=> 0.00
transaction_subject		=> 5.08
payment_gross		=> 8.00
shipping		=> 0.00
ipn_track_id		=> 67ad9ccb54a03
########################################


########### 06-02-2012 14:09 ###########
mc_gross		=> 8.00
invoice		=> 1328526546
protection_eligibility		=> Eligible
address_status		=> confirmed
payer_id		=> HUMLNHFXKAQBS
tax		=> 0.00
address_street		=> 1 Main St
payment_date		=> 03:09:46 Feb 06, 2012 PST
payment_status		=> Completed
charset		=> windows-1252
address_zip		=> 95131
first_name		=> Artem
mc_fee		=> 0.53
address_country_code		=> US
address_name		=> Artem Parfenov
notify_version		=> 3.4
custom		=> 5.08
payer_status		=> verified
business		=> devel_1328469051_biz@allmp3.us
address_country		=> United States
address_city		=> San Jose
quantity		=> 1
verify_sign		=> AFcWxV21C7fd0v3bYYYRCpSSRl31Aog-JNc-G1n9pQUw1ZE4u.7rCR0R
payer_email		=> dziro_1328470782_per@allmp3.us
txn_id		=> 37640323BT793482N
payment_type		=> instant
last_name		=> Parfenov
address_state		=> CA
receiver_email		=> devel_1328469051_biz@allmp3.us
payment_fee		=> 0.53
receiver_id		=> X4UZPKFZQ6AEL
txn_type		=> web_accept
item_name		=> Refill balance for client 4 on $8
mc_currency		=> USD
item_number		=> 4
residence_country		=> US
test_ipn		=> 1
handling_amount		=> 0.00
transaction_subject		=> 5.08
payment_gross		=> 8.00
shipping		=> 0.00
ipn_track_id		=> 67ad9ccb54a03
Status: OK! [payment_id=2826]
########################################


########### 06-02-2012 14:11 ###########
mc_gross		=> 11.00
invoice		=> 1328525202
protection_eligibility		=> Eligible
address_status		=> confirmed
payer_id		=> HUMLNHFXKAQBS
tax		=> 0.00
address_street		=> 1 Main St
payment_date		=> 02:47:39 Feb 06, 2012 PST
payment_status		=> Completed
charset		=> windows-1252
address_zip		=> 95131
first_name		=> Artem
mc_fee		=> 0.62
address_country_code		=> US
address_name		=> Artem Parfenov
notify_version		=> 3.4
custom		=> 5.2
payer_status		=> verified
business		=> devel_1328469051_biz@allmp3.us
address_country		=> United States
address_city		=> San Jose
quantity		=> 1
verify_sign		=> AfS9Ym-j2wQFC8w.syzowE8pBXjAAyNg8.0BEyoCUjNawyrvsvfmvzDo
payer_email		=> dziro_1328470782_per@allmp3.us
txn_id		=> 3GX642515V991963P
payment_type		=> instant
last_name		=> Parfenov
address_state		=> CA
receiver_email		=> devel_1328469051_biz@allmp3.us
payment_fee		=> 0.62
receiver_id		=> X4UZPKFZQ6AEL
txn_type		=> web_accept
item_name		=> Refill balance for client 4 on $11
mc_currency		=> USD
item_number		=> 4
residence_country		=> US
test_ipn		=> 1
handling_amount		=> 0.00
transaction_subject		=> 5.2
payment_gross		=> 11.00
shipping		=> 0.00
ipn_track_id		=> ed963a4a29ba
########################################


########### 06-02-2012 14:20 ###########
mc_gross		=> 10.00
invoice		=> 1328524503
protection_eligibility		=> Eligible
address_status		=> confirmed
payer_id		=> HUMLNHFXKAQBS
tax		=> 0.00
address_street		=> 1 Main St
payment_date		=> 02:35:41 Feb 06, 2012 PST
payment_status		=> Completed
charset		=> windows-1252
address_zip		=> 95131
first_name		=> Artem
mc_fee		=> 0.59
address_country_code		=> US
address_name		=> Artem Parfenov
notify_version		=> 3.4
custom		=> 5.16
payer_status		=> verified
business		=> devel_1328469051_biz@allmp3.us
address_country		=> United States
address_city		=> San Jose
quantity		=> 1
verify_sign		=> Ay7g31EbyKWgwMwCmz7IoxOMR-HiACMmbqWXBMJBwAwem-cDUq7hrsyR
payer_email		=> dziro_1328470782_per@allmp3.us
txn_id		=> 0JA60961J18498833
payment_type		=> instant
last_name		=> Parfenov
address_state		=> CA
receiver_email		=> devel_1328469051_biz@allmp3.us
payment_fee		=> 0.59
receiver_id		=> X4UZPKFZQ6AEL
txn_type		=> web_accept
item_name		=> Refill balance for client 4 on $10
mc_currency		=> USD
item_number		=> 4
residence_country		=> US
test_ipn		=> 1
handling_amount		=> 0.00
transaction_subject		=> 5.16
payment_gross		=> 10.00
shipping		=> 0.00
ipn_track_id		=> e772cc3731d60
########################################


########### 06-02-2012 14:20 ###########
mc_gross		=> 10.00
invoice		=> 1328524503
protection_eligibility		=> Eligible
address_status		=> confirmed
payer_id		=> HUMLNHFXKAQBS
tax		=> 0.00
address_street		=> 1 Main St
payment_date		=> 02:35:41 Feb 06, 2012 PST
payment_status		=> Completed
charset		=> windows-1252
address_zip		=> 95131
first_name		=> Artem
mc_fee		=> 0.59
address_country_code		=> US
address_name		=> Artem Parfenov
notify_version		=> 3.4
custom		=> 5.16
payer_status		=> verified
business		=> devel_1328469051_biz@allmp3.us
address_country		=> United States
address_city		=> San Jose
quantity		=> 1
verify_sign		=> Ay7g31EbyKWgwMwCmz7IoxOMR-HiACMmbqWXBMJBwAwem-cDUq7hrsyR
payer_email		=> dziro_1328470782_per@allmp3.us
txn_id		=> 0JA60961J18498833
payment_type		=> instant
last_name		=> Parfenov
address_state		=> CA
receiver_email		=> devel_1328469051_biz@allmp3.us
payment_fee		=> 0.59
receiver_id		=> X4UZPKFZQ6AEL
txn_type		=> web_accept
item_name		=> Refill balance for client 4 on $10
mc_currency		=> USD
item_number		=> 4
residence_country		=> US
test_ipn		=> 1
handling_amount		=> 0.00
transaction_subject		=> 5.16
payment_gross		=> 10.00
shipping		=> 0.00
ipn_track_id		=> e772cc3731d60
Status: OK! [payment_id=2828]
########################################


########### 06-02-2012 14:27 ###########
mc_gross		=> 17.00
invoice		=> 1328524907
protection_eligibility		=> Eligible
address_status		=> confirmed
payer_id		=> HUMLNHFXKAQBS
tax		=> 0.00
address_street		=> 1 Main St
payment_date		=> 02:42:22 Feb 06, 2012 PST
payment_status		=> Completed
charset		=> windows-1252
address_zip		=> 95131
first_name		=> Artem
mc_fee		=> 0.79
address_country_code		=> US
address_name		=> Artem Parfenov
notify_version		=> 3.4
custom		=> 5.44
payer_status		=> verified
business		=> devel_1328469051_biz@allmp3.us
address_country		=> United States
address_city		=> San Jose
quantity		=> 1
verify_sign		=> AQU0e5vuZCvSg-XJploSa.sGUDlpAmI.JtFTDDTHZV9CDpRBlwElZqoY
payer_email		=> dziro_1328470782_per@allmp3.us
txn_id		=> 51R75702FF992035W
payment_type		=> instant
last_name		=> Parfenov
address_state		=> CA
receiver_email		=> devel_1328469051_biz@allmp3.us
payment_fee		=> 0.79
receiver_id		=> X4UZPKFZQ6AEL
txn_type		=> web_accept
item_name		=> Refill balance for client 4 on $17
mc_currency		=> USD
item_number		=> 4
residence_country		=> US
test_ipn		=> 1
handling_amount		=> 0.00
transaction_subject		=> 5.44
payment_gross		=> 17.00
shipping		=> 0.00
ipn_track_id		=> 89211defc5510
########################################


########### 06-02-2012 14:32 ###########
mc_gross		=> 11.00
invoice		=> 1328525202
protection_eligibility		=> Eligible
address_status		=> confirmed
payer_id		=> HUMLNHFXKAQBS
tax		=> 0.00
address_street		=> 1 Main St
payment_date		=> 02:47:39 Feb 06, 2012 PST
payment_status		=> Completed
charset		=> windows-1252
address_zip		=> 95131
first_name		=> Artem
mc_fee		=> 0.62
address_country_code		=> US
address_name		=> Artem Parfenov
notify_version		=> 3.4
custom		=> 5.2
payer_status		=> verified
business		=> devel_1328469051_biz@allmp3.us
address_country		=> United States
address_city		=> San Jose
quantity		=> 1
verify_sign		=> AfS9Ym-j2wQFC8w.syzowE8pBXjAAyNg8.0BEyoCUjNawyrvsvfmvzDo
payer_email		=> dziro_1328470782_per@allmp3.us
txn_id		=> 3GX642515V991963P
payment_type		=> instant
last_name		=> Parfenov
address_state		=> CA
receiver_email		=> devel_1328469051_biz@allmp3.us
payment_fee		=> 0.62
receiver_id		=> X4UZPKFZQ6AEL
txn_type		=> web_accept
item_name		=> Refill balance for client 4 on $11
mc_currency		=> USD
item_number		=> 4
residence_country		=> US
test_ipn		=> 1
handling_amount		=> 0.00
transaction_subject		=> 5.2
payment_gross		=> 11.00
shipping		=> 0.00
ipn_track_id		=> ed963a4a29ba
########################################


