########### 06-11-2011 16:31 ###########
out_summ		=> 2275.000000
inv_id		=> 3142091
crc		=> EBEF747F8BEF9EF5BCD0608E8751302C
OutSum		=> 2275.000000
InvId		=> 3142091
SignatureValue		=> EBEF747F8BEF9EF5BCD0608E8751302C
PaymentMethod		=> UFS
IncSum		=> 2434.250000
IncCurrLabel		=> BANKR
ShpAmount		=> 71
ShpComment		=> 
ShpTax		=> 1.278
ShpUser		=> 314
Status:OK3142091
########################################


########### 06-11-2011 19:23 ###########
out_summ		=> 898.000000
inv_id		=> 2952069
crc		=> F0609E1B6C5FE7149A6F20D04A66E2EE
OutSum		=> 898.000000
InvId		=> 2952069
SignatureValue		=> F0609E1B6C5FE7149A6F20D04A66E2EE
PaymentMethod		=> EMoney
IncSum		=> 963.520000
IncCurrLabel		=> QiwiR
ShpAmount		=> 28
ShpComment		=> 
ShpTax		=> 0.504
ShpUser		=> 295
Status:OK2952069
########################################


