########### 02-06-2011 14:50 ###########
out_summ		=> 30.000000
inv_id		=> 2292116
crc		=> 71B3A1C16908C996384BA703A8D69A92
OutSum		=> 30.000000
InvId		=> 2292116
SignatureValue		=> 71B3A1C16908C996384BA703A8D69A92
PaymentMethod		=> Qiwi
IncSum		=> 32.190000
IncCurrLabel		=> QiwiR
ShpComment		=> 
ShpUser		=> 229
Status:Fail! (Invalid signum! [71B3A1C16908C996384BA703A8D69A92<==>02528DD7AFAA7185544F2BF45B7563F1])
########################################


########### 02-06-2011 14:51 ###########
out_summ		=> 30.000000
inv_id		=> 2292116
crc		=> 71B3A1C16908C996384BA703A8D69A92
OutSum		=> 30.000000
InvId		=> 2292116
SignatureValue		=> 71B3A1C16908C996384BA703A8D69A92
PaymentMethod		=> Qiwi
IncSum		=> 32.190000
IncCurrLabel		=> QiwiR
ShpComment		=> 
ShpUser		=> 229
Status:Fail! (Invalid signum! [71B3A1C16908C996384BA703A8D69A92<==>02528DD7AFAA7185544F2BF45B7563F1])
########################################


########### 02-06-2011 14:52 ###########
out_summ		=> 30.000000
inv_id		=> 2292116
crc		=> 71B3A1C16908C996384BA703A8D69A92
OutSum		=> 30.000000
InvId		=> 2292116
SignatureValue		=> 71B3A1C16908C996384BA703A8D69A92
PaymentMethod		=> Qiwi
IncSum		=> 32.190000
IncCurrLabel		=> QiwiR
ShpComment		=> 
ShpUser		=> 229
Status:Fail! (Invalid signum! [71B3A1C16908C996384BA703A8D69A92<==>02528DD7AFAA7185544F2BF45B7563F1])
########################################


########### 02-06-2011 14:53 ###########
out_summ		=> 30.000000
inv_id		=> 2292116
crc		=> 71B3A1C16908C996384BA703A8D69A92
OutSum		=> 30.000000
InvId		=> 2292116
SignatureValue		=> 71B3A1C16908C996384BA703A8D69A92
PaymentMethod		=> Qiwi
IncSum		=> 32.190000
IncCurrLabel		=> QiwiR
ShpComment		=> 
ShpUser		=> 229
Status:Fail! (Invalid signum! [71B3A1C16908C996384BA703A8D69A92<==>02528DD7AFAA7185544F2BF45B7563F1])
########################################


########### 02-06-2011 14:54 ###########
out_summ		=> 30.000000
inv_id		=> 2292116
crc		=> 71B3A1C16908C996384BA703A8D69A92
OutSum		=> 30.000000
InvId		=> 2292116
SignatureValue		=> 71B3A1C16908C996384BA703A8D69A92
PaymentMethod		=> Qiwi
IncSum		=> 32.190000
IncCurrLabel		=> QiwiR
ShpComment		=> 
ShpUser		=> 229
Status:Fail! (Invalid signum! [71B3A1C16908C996384BA703A8D69A92<==>02528DD7AFAA7185544F2BF45B7563F1])
########################################


########### 02-06-2011 15:04 ###########
out_summ		=> 30.000000
inv_id		=> 2292047
crc		=> 6FB79E4508B71E4099EA7537F4C1204A
OutSum		=> 30.000000
InvId		=> 2292047
SignatureValue		=> 6FB79E4508B71E4099EA7537F4C1204A
PaymentMethod		=> EMoney
IncSum		=> 30.600000
IncCurrLabel		=> WMRM
ShpComment		=> 
ShpUser		=> 229
Status:Fail! (Invalid signum! [6FB79E4508B71E4099EA7537F4C1204A<==>CC8D22A09246D49F5A6F375C41853037])
########################################


########### 02-06-2011 15:05 ###########
out_summ		=> 30.000000
inv_id		=> 2292047
crc		=> 6FB79E4508B71E4099EA7537F4C1204A
OutSum		=> 30.000000
InvId		=> 2292047
SignatureValue		=> 6FB79E4508B71E4099EA7537F4C1204A
PaymentMethod		=> EMoney
IncSum		=> 30.600000
IncCurrLabel		=> WMRM
ShpComment		=> 
ShpUser		=> 229
Status:Fail! (Invalid signum! [6FB79E4508B71E4099EA7537F4C1204A<==>CC8D22A09246D49F5A6F375C41853037])
########################################


########### 02-06-2011 15:06 ###########
out_summ		=> 30.000000
inv_id		=> 2292047
crc		=> 6FB79E4508B71E4099EA7537F4C1204A
OutSum		=> 30.000000
InvId		=> 2292047
SignatureValue		=> 6FB79E4508B71E4099EA7537F4C1204A
PaymentMethod		=> EMoney
IncSum		=> 30.600000
IncCurrLabel		=> WMRM
ShpComment		=> 
ShpUser		=> 229
Status:Fail! (Invalid signum! [6FB79E4508B71E4099EA7537F4C1204A<==>CC8D22A09246D49F5A6F375C41853037])
########################################


########### 02-06-2011 15:07 ###########
out_summ		=> 30.000000
inv_id		=> 2292047
crc		=> 6FB79E4508B71E4099EA7537F4C1204A
OutSum		=> 30.000000
InvId		=> 2292047
SignatureValue		=> 6FB79E4508B71E4099EA7537F4C1204A
PaymentMethod		=> EMoney
IncSum		=> 30.600000
IncCurrLabel		=> WMRM
ShpComment		=> 
ShpUser		=> 229
Status:Fail! (Invalid signum! [6FB79E4508B71E4099EA7537F4C1204A<==>CC8D22A09246D49F5A6F375C41853037])
########################################


########### 02-06-2011 15:08 ###########
out_summ		=> 30.000000
inv_id		=> 2292047
crc		=> 6FB79E4508B71E4099EA7537F4C1204A
OutSum		=> 30.000000
InvId		=> 2292047
SignatureValue		=> 6FB79E4508B71E4099EA7537F4C1204A
PaymentMethod		=> EMoney
IncSum		=> 30.600000
IncCurrLabel		=> WMRM
ShpComment		=> 
ShpUser		=> 229
Status:Fail! (Invalid signum! [6FB79E4508B71E4099EA7537F4C1204A<==>CC8D22A09246D49F5A6F375C41853037])
########################################


########### 02-06-2011 15:25 ###########
out_summ		=> 30.000000
inv_id		=> 2292068
crc		=> D61C352F0D17B318A9C54E90EFE00246
OutSum		=> 30.000000
InvId		=> 2292068
SignatureValue		=> D61C352F0D17B318A9C54E90EFE00246
PaymentMethod		=> EMoney
IncSum		=> 30.600000
IncCurrLabel		=> WMRM
ShpComment		=> 
ShpUser		=> 229
Status:OK2292068
########################################


########### 02-06-2011 21:33 ###########
out_summ		=> 59.000000
inv_id		=> 2212073
crc		=> 7E98A7C152CE0F22177ED391A3449368
OutSum		=> 59.000000
InvId		=> 2212073
SignatureValue		=> 7E98A7C152CE0F22177ED391A3449368
PaymentMethod		=> EMoney
IncSum		=> 60.180000
IncCurrLabel		=> WMRM
ShpComment		=> 
ShpUser		=> 221
Status:Fail! (Invalid params/one or more fields is empty!)
########################################


########### 02-06-2011 21:34 ###########
out_summ		=> 59.000000
inv_id		=> 2212073
crc		=> 7E98A7C152CE0F22177ED391A3449368
OutSum		=> 59.000000
InvId		=> 2212073
SignatureValue		=> 7E98A7C152CE0F22177ED391A3449368
PaymentMethod		=> EMoney
IncSum		=> 60.180000
IncCurrLabel		=> WMRM
ShpComment		=> 
ShpUser		=> 221
Status:Fail! (Invalid params/one or more fields is empty!)
########################################


########### 02-06-2011 21:35 ###########
out_summ		=> 59.000000
inv_id		=> 2212073
crc		=> 7E98A7C152CE0F22177ED391A3449368
OutSum		=> 59.000000
InvId		=> 2212073
SignatureValue		=> 7E98A7C152CE0F22177ED391A3449368
PaymentMethod		=> EMoney
IncSum		=> 60.180000
IncCurrLabel		=> WMRM
ShpComment		=> 
ShpUser		=> 221
Status:Fail! (Invalid params/one or more fields is empty!)
########################################


########### 02-06-2011 21:36 ###########
out_summ		=> 59.000000
inv_id		=> 2212073
crc		=> 7E98A7C152CE0F22177ED391A3449368
OutSum		=> 59.000000
InvId		=> 2212073
SignatureValue		=> 7E98A7C152CE0F22177ED391A3449368
PaymentMethod		=> EMoney
IncSum		=> 60.180000
IncCurrLabel		=> WMRM
ShpComment		=> 
ShpUser		=> 221
Status:Fail! (Invalid params/one or more fields is empty!)
########################################


########### 02-06-2011 21:37 ###########
out_summ		=> 59.000000
inv_id		=> 2212073
crc		=> 7E98A7C152CE0F22177ED391A3449368
OutSum		=> 59.000000
InvId		=> 2212073
SignatureValue		=> 7E98A7C152CE0F22177ED391A3449368
PaymentMethod		=> EMoney
IncSum		=> 60.180000
IncCurrLabel		=> WMRM
ShpComment		=> 
ShpUser		=> 221
Status:Fail! (Invalid params/one or more fields is empty!)
########################################


########### 02-06-2011 22:40 ###########
out_summ		=> 30.000000
inv_id		=> 2212115
crc		=> 4A1710D970F00A6EB74FC487324840B2
OutSum		=> 30.000000
InvId		=> 2212115
SignatureValue		=> 4A1710D970F00A6EB74FC487324840B2
PaymentMethod		=> EMoney
IncSum		=> 30.600000
IncCurrLabel		=> WMRM
ShpAmount		=> 1
ShpComment		=> 
ShpTax		=> 0.018
ShpUser		=> 221
Status:OK2212115
########################################


