########### 01-06-2011 22:55 ###########
out_summ		=> 30.000000
inv_id		=> 2212136
crc		=> 2208A1F97BD711E889A13133A47A5B5D
OutSum		=> 30.000000
InvId		=> 2212136
SignatureValue		=> 2208A1F97BD711E889A13133A47A5B5D
PaymentMethod		=> Qiwi
IncSum		=> 32.190000
IncCurrLabel		=> QiwiR
ShpComment		=> 
ShpUser		=> 221
Status:Fail! (Invalid signum! [2208A1F97BD711E889A13133A47A5B5D<==>2274183E6FE080EBE536C0B813599FE3])
########################################


########### 01-06-2011 22:56 ###########
out_summ		=> 30.000000
inv_id		=> 2212136
crc		=> 2208A1F97BD711E889A13133A47A5B5D
OutSum		=> 30.000000
InvId		=> 2212136
SignatureValue		=> 2208A1F97BD711E889A13133A47A5B5D
PaymentMethod		=> Qiwi
IncSum		=> 32.190000
IncCurrLabel		=> QiwiR
ShpComment		=> 
ShpUser		=> 221
Status:Fail! (Invalid signum! [2208A1F97BD711E889A13133A47A5B5D<==>2274183E6FE080EBE536C0B813599FE3])
########################################


########### 01-06-2011 22:57 ###########
out_summ		=> 30.000000
inv_id		=> 2212136
crc		=> 2208A1F97BD711E889A13133A47A5B5D
OutSum		=> 30.000000
InvId		=> 2212136
SignatureValue		=> 2208A1F97BD711E889A13133A47A5B5D
PaymentMethod		=> Qiwi
IncSum		=> 32.190000
IncCurrLabel		=> QiwiR
ShpComment		=> 
ShpUser		=> 221
Status:Fail! (Invalid signum! [2208A1F97BD711E889A13133A47A5B5D<==>2274183E6FE080EBE536C0B813599FE3])
########################################


########### 01-06-2011 22:59 ###########
out_summ		=> 30.000000
inv_id		=> 2212136
crc		=> 2208A1F97BD711E889A13133A47A5B5D
OutSum		=> 30.000000
InvId		=> 2212136
SignatureValue		=> 2208A1F97BD711E889A13133A47A5B5D
PaymentMethod		=> Qiwi
IncSum		=> 32.190000
IncCurrLabel		=> QiwiR
ShpComment		=> 
ShpUser		=> 221
Status:Fail! (Invalid signum! [2208A1F97BD711E889A13133A47A5B5D<==>2274183E6FE080EBE536C0B813599FE3])
########################################


########### 01-06-2011 23:00 ###########
out_summ		=> 30.000000
inv_id		=> 2212136
crc		=> 2208A1F97BD711E889A13133A47A5B5D
OutSum		=> 30.000000
InvId		=> 2212136
SignatureValue		=> 2208A1F97BD711E889A13133A47A5B5D
PaymentMethod		=> Qiwi
IncSum		=> 32.190000
IncCurrLabel		=> QiwiR
ShpComment		=> 
ShpUser		=> 221
Status:Fail! (Invalid signum! [2208A1F97BD711E889A13133A47A5B5D<==>2274183E6FE080EBE536C0B813599FE3])
########################################


########### 01-06-2011 23:22 ###########
out_summ		=> 30.000000
inv_id		=> 2212104
crc		=> 191FC1A4FFF826F6A220F38D6B2ED422
OutSum		=> 30.000000
InvId		=> 2212104
SignatureValue		=> 191FC1A4FFF826F6A220F38D6B2ED422
PaymentMethod		=> EMoney
IncSum		=> 30.600000
IncCurrLabel		=> WMRM
ShpComment		=> 
ShpUser		=> 221
Status:Fail! (Invalid signum! [191FC1A4FFF826F6A220F38D6B2ED422<==>5BB4D6E4399743E734B57B042ED23D2B])
########################################


########### 01-06-2011 23:23 ###########
out_summ		=> 30.000000
inv_id		=> 2212104
crc		=> 191FC1A4FFF826F6A220F38D6B2ED422
OutSum		=> 30.000000
InvId		=> 2212104
SignatureValue		=> 191FC1A4FFF826F6A220F38D6B2ED422
PaymentMethod		=> EMoney
IncSum		=> 30.600000
IncCurrLabel		=> WMRM
ShpComment		=> 
ShpUser		=> 221
Status:Fail! (Invalid signum! [191FC1A4FFF826F6A220F38D6B2ED422<==>5BB4D6E4399743E734B57B042ED23D2B])
########################################


########### 01-06-2011 23:24 ###########
out_summ		=> 30.000000
inv_id		=> 2212104
crc		=> 191FC1A4FFF826F6A220F38D6B2ED422
OutSum		=> 30.000000
InvId		=> 2212104
SignatureValue		=> 191FC1A4FFF826F6A220F38D6B2ED422
PaymentMethod		=> EMoney
IncSum		=> 30.600000
IncCurrLabel		=> WMRM
ShpComment		=> 
ShpUser		=> 221
Status:Fail! (Invalid signum! [191FC1A4FFF826F6A220F38D6B2ED422<==>5BB4D6E4399743E734B57B042ED23D2B])
########################################


########### 01-06-2011 23:25 ###########
out_summ		=> 30.000000
inv_id		=> 2212104
crc		=> 191FC1A4FFF826F6A220F38D6B2ED422
OutSum		=> 30.000000
InvId		=> 2212104
SignatureValue		=> 191FC1A4FFF826F6A220F38D6B2ED422
PaymentMethod		=> EMoney
IncSum		=> 30.600000
IncCurrLabel		=> WMRM
ShpComment		=> 
ShpUser		=> 221
Status:Fail! (Invalid signum! [191FC1A4FFF826F6A220F38D6B2ED422<==>5BB4D6E4399743E734B57B042ED23D2B])
########################################


########### 01-06-2011 23:26 ###########
out_summ		=> 30.000000
inv_id		=> 2212104
crc		=> 191FC1A4FFF826F6A220F38D6B2ED422
OutSum		=> 30.000000
InvId		=> 2212104
SignatureValue		=> 191FC1A4FFF826F6A220F38D6B2ED422
PaymentMethod		=> EMoney
IncSum		=> 30.600000
IncCurrLabel		=> WMRM
ShpComment		=> 
ShpUser		=> 221
Status:Fail! (Invalid signum! [191FC1A4FFF826F6A220F38D6B2ED422<==>5BB4D6E4399743E734B57B042ED23D2B])
########################################


