########### 13-12-2011 01:48 ###########
out_summ		=> 3236.000000
inv_id		=> 1323737095
crc		=> 29D0A19DE7ABB10B358BDA9B08A1A188
OutSum		=> 3236.000000
InvId		=> 1323737095
SignatureValue		=> 29D0A19DE7ABB10B358BDA9B08A1A188
PaymentMethod		=> UFS
IncSum		=> 3462.520000
IncCurrLabel		=> BANKR
ShpAmount		=> 100
ShpComment		=> 
ShpTax		=> 1.8
ShpUser		=> 46
Status:OK1323737095
########################################


########### 13-12-2011 11:43 ###########
out_summ		=> 550.000000
inv_id		=> 1323773023
crc		=> A38E2E58DEB678A0A28281C9CC9C2734
OutSum		=> 550.000000
InvId		=> 1323773023
SignatureValue		=> A38E2E58DEB678A0A28281C9CC9C2734
PaymentMethod		=> UFS
IncSum		=> 588.500000
IncCurrLabel		=> BANKR
ShpAmount		=> 17
ShpComment		=> 
ShpTax		=> 0.306
ShpUser		=> 118
Status:OK1323773023
########################################


########### 13-12-2011 20:05 ###########
out_summ		=> 3296.000000
inv_id		=> 1323803177
crc		=> 17E47A9B712FF3021BA16446A4C2E25F
OutSum		=> 3296.000000
InvId		=> 1323803177
SignatureValue		=> 17E47A9B712FF3021BA16446A4C2E25F
PaymentMethod		=> UFS
IncSum		=> 3526.720000
IncCurrLabel		=> BANKR
ShpAmount		=> 101
ShpComment		=> 
ShpTax		=> 1.818
ShpUser		=> 118
Status:OK1323803177
########################################


