########### 15-12-2011 09:06 ###########
out_summ		=> 33.000000
inv_id		=> 1323936446
crc		=> C200863F85FC169BE19178EA83DB7F31
OutSum		=> 33.000000
InvId		=> 1323936446
SignatureValue		=> C200863F85FC169BE19178EA83DB7F31
PaymentMethod		=> PlatezhRu
IncSum		=> 33.930000
IncCurrLabel		=> OceanBankR
ShpAmount		=> 1
ShpComment		=> 
ShpTax		=> 0.018
ShpUser		=> 149
Status:OK1323936446
########################################


########### 15-12-2011 15:14 ###########
out_summ		=> 462.000000
inv_id		=> 1323958652
crc		=> DE1B01594A5FB38DB293A9B95E159D74
OutSum		=> 462.000000
InvId		=> 1323958652
SignatureValue		=> DE1B01594A5FB38DB293A9B95E159D74
PaymentMethod		=> UFS
IncSum		=> 494.340000
IncCurrLabel		=> BANKR
ShpAmount		=> 14
ShpComment		=> 
ShpTax		=> 0.252
ShpUser		=> 414
Status:OK1323958652
########################################


########### 15-12-2011 21:00 ###########
out_summ		=> 66.000000
inv_id		=> 1323979536
crc		=> FC8D86B0878F0982F22671B15769515A
OutSum		=> 66.000000
InvId		=> 1323979536
SignatureValue		=> FC8D86B0878F0982F22671B15769515A
PaymentMethod		=> UFS
IncSum		=> 70.620000
IncCurrLabel		=> BANKR
ShpAmount		=> 2
ShpComment		=> 
ShpTax		=> 0.036
ShpUser		=> 466
Status:OK1323979536
########################################


