########### 19-05-2011 06:09 ###########
OutSum		=> 2947
InvId		=> 2302103
SignatureValue		=> 1B8DF9B042897BFB67A5FF24208FA236
ShpComment		=> dHR0dHR0dHR0dHR0dHR0dHR0dHQ=
ShpUser		=> 230
Status:OK2302103
########################################


########### 19-05-2011 06:11 ###########
OutSum		=> 2947
InvId		=> 2302069
SignatureValue		=> 4717272310356EDCFB175F6A6EA594BC
ShpComment		=> dXV1dXV1dQ==
ShpUser		=> 230
Status:OK2302069
########################################


########### 19-05-2011 06:15 ###########
OutSum		=> 2947
InvId		=> 2302066
SignatureValue		=> AA2B95A7CF760CB258D9B0691045C03A
ShpComment		=> cmVnZXJnZXJmZw==
ShpUser		=> 230
Status:OK2302066
########################################


########### 19-05-2011 06:16 ###########
OutSum		=> 2947
InvId		=> 2302088
SignatureValue		=> 9B220B78D47850F7A5ECD9D175379C29
ShpComment		=> ZWVlZQ==
ShpUser		=> 230
Status:OK2302088
########################################


########### 19-05-2011 06:50 ###########
OutSum		=> 8840
InvId		=> 2302104
SignatureValue		=> C53828DA78924BB2058A8F6B698720C2
ShpComment		=> 
ShpUser		=> 230
Status:OK2302104
########################################


########### 19-05-2011 06:54 ###########
OutSum		=> 8840
InvId		=> 2302109
SignatureValue		=> 3E04951D6889AD2D203C4FFA1CD9C16A
ShpComment		=> 
ShpUser		=> 230
Status:OK2302109
########################################


########### 19-05-2011 06:57 ###########
OutSum		=> 8840
InvId		=> 2302137
SignatureValue		=> 4CA4CCC7FA53592296512E6D7FB14021
ShpComment		=> 
ShpUser		=> 230
Status:OK2302137
########################################


########### 19-05-2011 07:00 ###########
OutSum		=> 2947
InvId		=> 2302052
SignatureValue		=> E2C01253B390A15CE0566C8495832E02
ShpComment		=> 
ShpUser		=> 230
Status:OK2302052
########################################


########### 19-05-2011 07:02 ###########
OutSum		=> 2947
InvId		=> 2302065
SignatureValue		=> EF9D7907074A1ACEB483B3C7759AB9F8
ShpComment		=> 
ShpUser		=> 230
Status:OK2302065
########################################


########### 19-05-2011 07:07 ###########
OutSum		=> 2947
InvId		=> 2302064
SignatureValue		=> 972145E3AFDA9FCA57864E1A0503ED10
ShpComment		=> 
ShpUser		=> 230
Status:OK2302064
########################################


########### 19-05-2011 07:09 ###########
OutSum		=> 2947
InvId		=> 2302097
SignatureValue		=> 2E7700E183F7CA532E25AE101C02D5D3
ShpComment		=> 
ShpUser		=> 230
Status:OK2302097
########################################


########### 19-05-2011 07:11 ###########
OutSum		=> 2947
InvId		=> 2302084
SignatureValue		=> FB46383183F4FE6FCB5E301DB3671C93
ShpComment		=> 
ShpUser		=> 230
Status:OK2302084
########################################


