########### 20-05-2011 21:24 ###########
OutSum		=> 2938
InvId		=> 2732084
SignatureValue		=> 32AD6F23F63A4B6EEF5B5EBD3F99712B
ShpComment		=> 
ShpUser		=> 273
Status:OK2732084
########################################


########### 20-05-2011 21:35 ###########
OutSum		=> 2938
InvId		=> 2732104
SignatureValue		=> 8B63AE43E51E0523E862FC3499E1426D
ShpComment		=> 
ShpUser		=> 273
Status:OK2732104
########################################


########### 20-05-2011 21:37 ###########
OutSum		=> 2938
InvId		=> 2732117
SignatureValue		=> EF6233754CE68ABCD7DE93769B5336FE
ShpComment		=> 
ShpUser		=> 273
Status:OK2732117
########################################


########### 20-05-2011 21:38 ###########
OutSum		=> 2938
InvId		=> 2732091
SignatureValue		=> 996AA26DBFB4EF89268304988D9DD261
ShpComment		=> 
ShpUser		=> 273
Status:OK2732091
########################################


########### 20-05-2011 21:41 ###########
OutSum		=> 2938
InvId		=> 2732089
SignatureValue		=> 816FED4744981803E2BDF8B10589FCB8
ShpComment		=> 
ShpUser		=> 273
Status:OK2732089
########################################


########### 20-05-2011 21:46 ###########
OutSum		=> 2938
InvId		=> 2732140
SignatureValue		=> CC7CEC1313D68C5CA8E86B5C44944C40
ShpComment		=> 
ShpUser		=> 273
Status:OK2732140
########################################


########### 20-05-2011 21:48 ###########
OutSum		=> 2938
InvId		=> 2732145
SignatureValue		=> D955BB8D1B56BFCC60A91C0CD9283673
ShpComment		=> 
ShpUser		=> 273
Status:OK2732145
########################################


########### 20-05-2011 21:54 ###########
OutSum		=> 2938
InvId		=> 2732109
SignatureValue		=> CD085F8CB51A59DEA449E5F915B796CA
ShpComment		=> 
ShpUser		=> 273
Status:OK2732109
########################################


