########### 09-08-2011 06:43 ###########
User_amount		=> 260
User_comment		=> BASE64:
User_id		=> 129
User_tax		=> 7.8
WMI_AUTO_ACCEPT		=> 0
WMI_CREATE_DATE		=> 2011-08-09 04:26:54
WMI_CURRENCY_ID		=> 643
WMI_DESCRIPTION		=> Пополнение счета пользователем №129 на сумму 260 у.е.
WMI_EXPIRED_DATE		=> 2011-11-09 04:26:54
WMI_FAIL_URL		=> http://countrypost.ru/syspay/showFail
WMI_LAST_NOTIFY_DATE		=> 2011-08-09 04:41:58
WMI_MERCHANT_ID		=> 103853778255
WMI_NOTIFY_COUNT		=> 1
WMI_ORDER_ID		=> 343085625978
WMI_ORDER_STATE		=> Processing
WMI_PAYMENT_AMOUNT		=> 7743.00
WMI_PAYMENT_NO		=> 1292094
WMI_PAYMENT_TYPE		=> LiqPayUSD
WMI_SUCCESS_URL		=> http://countrypost.ru/syspay/showSuccess
WMI_TO_USER_ID		=> 111018776570
WMI_UPDATE_DATE		=> 2011-08-09 04:41:54
WMI_SIGNATURE		=> NQgRl8ym1fba2wrer4aGWYPjX2I=
########################################


########### 09-08-2011 06:43 ###########
User_amount		=> 260
User_comment		=> BASE64:
User_id		=> 129
User_tax		=> 7.8
WMI_AUTO_ACCEPT		=> 0
WMI_CREATE_DATE		=> 2011-08-09 04:26:54
WMI_CURRENCY_ID		=> 643
WMI_DESCRIPTION		=> Пополнение счета пользователем №129 на сумму 260 у.е.
WMI_EXPIRED_DATE		=> 2011-11-09 04:26:54
WMI_FAIL_URL		=> http://countrypost.ru/syspay/showFail
WMI_LAST_NOTIFY_DATE		=> 2011-08-09 04:41:58
WMI_MERCHANT_ID		=> 103853778255
WMI_NOTIFY_COUNT		=> 1
WMI_ORDER_ID		=> 343085625978
WMI_ORDER_STATE		=> Processing
WMI_PAYMENT_AMOUNT		=> 7743.00
WMI_PAYMENT_NO		=> 1292094
WMI_PAYMENT_TYPE		=> LiqPayUSD
WMI_SUCCESS_URL		=> http://countrypost.ru/syspay/showSuccess
WMI_TO_USER_ID		=> 111018776570
WMI_UPDATE_DATE		=> 2011-08-09 04:41:54
WMI_SIGNATURE		=> NQgRl8ym1fba2wrer4aGWYPjX2I=
Answer:"WMI_RESULT=OK&WMI_DESCRIPTION=%C7%E0%EA%E0%E7+%231292094+%EE%EF%EB%E0%F7%E5%ED%21"
Decoded Desc:"Заказ #1292094 оплачен!"
########################################


