########### 08-06-2011 02:53 ###########
User_amount		=> 1
User_comment		=> BASE64:
User_id		=> 221
User_tax		=> 0.03
WMI_AUTO_ACCEPT		=> 0
WMI_CREATE_DATE		=> 2011-06-02 21:50:26
WMI_CURRENCY_ID		=> 643
WMI_DESCRIPTION		=> Пополнение счета пользователем №221 на сумму 1 у.е.
WMI_EXPIRED_DATE		=> 2011-09-02 21:50:26
WMI_FAIL_URL		=> http://countrypost.ru/syspay/showFail
WMI_LAST_NOTIFY_DATE		=> 2011-06-08 00:53:34
WMI_MERCHANT_ID		=> 103853778255
WMI_NOTIFY_COUNT		=> 89
WMI_ORDER_ID		=> 343042149029
WMI_ORDER_STATE		=> Processing
WMI_PAYMENT_AMOUNT		=> 30.00
WMI_PAYMENT_NO		=> 2212096
WMI_PAYMENT_TYPE		=> LiqPayRUB
WMI_SUCCESS_URL		=> http://countrypost.ru/syspay/showSuccess
WMI_TO_USER_ID		=> 164349817986
WMI_UPDATE_DATE		=> 2011-06-02 21:54:36
WMI_SIGNATURE		=> QBBKAcS8AyraloVlgtJdNNvOq7s=
########################################


########### 08-06-2011 06:54 ###########
User_amount		=> 1
User_comment		=> BASE64:
User_id		=> 221
User_tax		=> 0.03
WMI_AUTO_ACCEPT		=> 0
WMI_CREATE_DATE		=> 2011-06-02 21:50:26
WMI_CURRENCY_ID		=> 643
WMI_DESCRIPTION		=> Пополнение счета пользователем №221 на сумму 1 у.е.
WMI_EXPIRED_DATE		=> 2011-09-02 21:50:26
WMI_FAIL_URL		=> http://countrypost.ru/syspay/showFail
WMI_LAST_NOTIFY_DATE		=> 2011-06-08 04:54:10
WMI_MERCHANT_ID		=> 103853778255
WMI_NOTIFY_COUNT		=> 90
WMI_ORDER_ID		=> 343042149029
WMI_ORDER_STATE		=> Processing
WMI_PAYMENT_AMOUNT		=> 30.00
WMI_PAYMENT_NO		=> 2212096
WMI_PAYMENT_TYPE		=> LiqPayRUB
WMI_SUCCESS_URL		=> http://countrypost.ru/syspay/showSuccess
WMI_TO_USER_ID		=> 164349817986
WMI_UPDATE_DATE		=> 2011-06-02 21:54:36
WMI_SIGNATURE		=> I3rvnFIL9hAp2zZ09B0BBHb6zw4=
########################################


########### 08-06-2011 10:55 ###########
User_amount		=> 1
User_comment		=> BASE64:
User_id		=> 221
User_tax		=> 0.03
WMI_AUTO_ACCEPT		=> 0
WMI_CREATE_DATE		=> 2011-06-02 21:50:26
WMI_CURRENCY_ID		=> 643
WMI_DESCRIPTION		=> Пополнение счета пользователем №221 на сумму 1 у.е.
WMI_EXPIRED_DATE		=> 2011-09-02 21:50:26
WMI_FAIL_URL		=> http://countrypost.ru/syspay/showFail
WMI_LAST_NOTIFY_DATE		=> 2011-06-08 08:55:11
WMI_MERCHANT_ID		=> 103853778255
WMI_NOTIFY_COUNT		=> 91
WMI_ORDER_ID		=> 343042149029
WMI_ORDER_STATE		=> Processing
WMI_PAYMENT_AMOUNT		=> 30.00
WMI_PAYMENT_NO		=> 2212096
WMI_PAYMENT_TYPE		=> LiqPayRUB
WMI_SUCCESS_URL		=> http://countrypost.ru/syspay/showSuccess
WMI_TO_USER_ID		=> 164349817986
WMI_UPDATE_DATE		=> 2011-06-02 21:54:36
WMI_SIGNATURE		=> BtfVEGE5K4+VNfcOwuF42s9hy7Q=
########################################


########### 08-06-2011 14:55 ###########
User_amount		=> 1
User_comment		=> BASE64:
User_id		=> 221
User_tax		=> 0.03
WMI_AUTO_ACCEPT		=> 0
WMI_CREATE_DATE		=> 2011-06-02 21:50:26
WMI_CURRENCY_ID		=> 643
WMI_DESCRIPTION		=> Пополнение счета пользователем №221 на сумму 1 у.е.
WMI_EXPIRED_DATE		=> 2011-09-02 21:50:26
WMI_FAIL_URL		=> http://countrypost.ru/syspay/showFail
WMI_LAST_NOTIFY_DATE		=> 2011-06-08 12:55:40
WMI_MERCHANT_ID		=> 103853778255
WMI_NOTIFY_COUNT		=> 92
WMI_ORDER_ID		=> 343042149029
WMI_ORDER_STATE		=> Processing
WMI_PAYMENT_AMOUNT		=> 30.00
WMI_PAYMENT_NO		=> 2212096
WMI_PAYMENT_TYPE		=> LiqPayRUB
WMI_SUCCESS_URL		=> http://countrypost.ru/syspay/showSuccess
WMI_TO_USER_ID		=> 164349817986
WMI_UPDATE_DATE		=> 2011-06-02 21:54:36
WMI_SIGNATURE		=> YF8JwW6gHw3fQs681ALNTNVJFgI=
########################################


########### 08-06-2011 18:56 ###########
User_amount		=> 1
User_comment		=> BASE64:
User_id		=> 221
User_tax		=> 0.03
WMI_AUTO_ACCEPT		=> 0
WMI_CREATE_DATE		=> 2011-06-02 21:50:26
WMI_CURRENCY_ID		=> 643
WMI_DESCRIPTION		=> Пополнение счета пользователем №221 на сумму 1 у.е.
WMI_EXPIRED_DATE		=> 2011-09-02 21:50:26
WMI_FAIL_URL		=> http://countrypost.ru/syspay/showFail
WMI_LAST_NOTIFY_DATE		=> 2011-06-08 16:55:55
WMI_MERCHANT_ID		=> 103853778255
WMI_NOTIFY_COUNT		=> 93
WMI_ORDER_ID		=> 343042149029
WMI_ORDER_STATE		=> Processing
WMI_PAYMENT_AMOUNT		=> 30.00
WMI_PAYMENT_NO		=> 2212096
WMI_PAYMENT_TYPE		=> LiqPayRUB
WMI_SUCCESS_URL		=> http://countrypost.ru/syspay/showSuccess
WMI_TO_USER_ID		=> 164349817986
WMI_UPDATE_DATE		=> 2011-06-02 21:54:36
WMI_SIGNATURE		=> 1M0Jwcha+ShkdYex6SQRxp6FEtw=
########################################


########### 08-06-2011 22:56 ###########
User_amount		=> 1
User_comment		=> BASE64:
User_id		=> 221
User_tax		=> 0.03
WMI_AUTO_ACCEPT		=> 0
WMI_CREATE_DATE		=> 2011-06-02 21:50:26
WMI_CURRENCY_ID		=> 643
WMI_DESCRIPTION		=> Пополнение счета пользователем №221 на сумму 1 у.е.
WMI_EXPIRED_DATE		=> 2011-09-02 21:50:26
WMI_FAIL_URL		=> http://countrypost.ru/syspay/showFail
WMI_LAST_NOTIFY_DATE		=> 2011-06-08 20:56:37
WMI_MERCHANT_ID		=> 103853778255
WMI_NOTIFY_COUNT		=> 94
WMI_ORDER_ID		=> 343042149029
WMI_ORDER_STATE		=> Processing
WMI_PAYMENT_AMOUNT		=> 30.00
WMI_PAYMENT_NO		=> 2212096
WMI_PAYMENT_TYPE		=> LiqPayRUB
WMI_SUCCESS_URL		=> http://countrypost.ru/syspay/showSuccess
WMI_TO_USER_ID		=> 164349817986
WMI_UPDATE_DATE		=> 2011-06-02 21:54:36
WMI_SIGNATURE		=> DLwKk5DK/87++8aOeKX/uiyuBYM=
########################################


