########### 05-06-2011 01:46 ###########
User_amount		=> 1
User_comment		=> BASE64:
User_id		=> 221
User_tax		=> 0.03
WMI_AUTO_ACCEPT		=> 0
WMI_CREATE_DATE		=> 2011-06-02 21:50:26
WMI_CURRENCY_ID		=> 643
WMI_DESCRIPTION		=> Пополнение счета пользователем №221 на сумму 1 у.е.
WMI_EXPIRED_DATE		=> 2011-09-02 21:50:26
WMI_FAIL_URL		=> http://countrypost.ru/syspay/showFail
WMI_LAST_NOTIFY_DATE		=> 2011-06-04 23:45:14
WMI_MERCHANT_ID		=> 103853778255
WMI_NOTIFY_COUNT		=> 67
WMI_ORDER_ID		=> 343042149029
WMI_ORDER_STATE		=> Processing
WMI_PAYMENT_AMOUNT		=> 30.00
WMI_PAYMENT_NO		=> 2212096
WMI_PAYMENT_TYPE		=> LiqPayRUB
WMI_SUCCESS_URL		=> http://countrypost.ru/syspay/showSuccess
WMI_TO_USER_ID		=> 164349817986
WMI_UPDATE_DATE		=> 2011-06-02 21:54:36
WMI_SIGNATURE		=> GAnW5rIENIECHHp39LWlbj71bC4=
########################################


########### 05-06-2011 01:48 ###########
User_amount		=> 1
User_comment		=> BASE64:
User_id		=> 221
User_tax		=> 0.03
WMI_AUTO_ACCEPT		=> 0
WMI_CREATE_DATE		=> 2011-06-02 19:53:12
WMI_CURRENCY_ID		=> 643
WMI_DESCRIPTION		=> Пополнение счета пользователем №221 на сумму 1 у.е.
WMI_EXPIRED_DATE		=> 2011-09-02 19:53:12
WMI_FAIL_URL		=> http://countrypost.ru/syspay/showFail
WMI_LAST_NOTIFY_DATE		=> 2011-06-04 23:47:16
WMI_MERCHANT_ID		=> 103853778255
WMI_NOTIFY_COUNT		=> 68
WMI_ORDER_ID		=> 343042069805
WMI_ORDER_STATE		=> Processing
WMI_PAYMENT_AMOUNT		=> 30.00
WMI_PAYMENT_NO		=> 2212083
WMI_PAYMENT_TYPE		=> WalletOneRUB
WMI_SUCCESS_URL		=> http://countrypost.ru/syspay/showSuccess
WMI_TO_USER_ID		=> 164349817986
WMI_UPDATE_DATE		=> 2011-06-02 19:53:28
WMI_SIGNATURE		=> iZVl1tKE/GRkrbn+iToiB1nEGAQ=
########################################


########### 05-06-2011 03:46 ###########
User_amount		=> 1
User_comment		=> BASE64:
User_id		=> 221
User_tax		=> 0.03
WMI_AUTO_ACCEPT		=> 0
WMI_CREATE_DATE		=> 2011-06-02 21:50:26
WMI_CURRENCY_ID		=> 643
WMI_DESCRIPTION		=> Пополнение счета пользователем №221 на сумму 1 у.е.
WMI_EXPIRED_DATE		=> 2011-09-02 21:50:26
WMI_FAIL_URL		=> http://countrypost.ru/syspay/showFail
WMI_LAST_NOTIFY_DATE		=> 2011-06-05 01:45:28
WMI_MERCHANT_ID		=> 103853778255
WMI_NOTIFY_COUNT		=> 68
WMI_ORDER_ID		=> 343042149029
WMI_ORDER_STATE		=> Processing
WMI_PAYMENT_AMOUNT		=> 30.00
WMI_PAYMENT_NO		=> 2212096
WMI_PAYMENT_TYPE		=> LiqPayRUB
WMI_SUCCESS_URL		=> http://countrypost.ru/syspay/showSuccess
WMI_TO_USER_ID		=> 164349817986
WMI_UPDATE_DATE		=> 2011-06-02 21:54:36
WMI_SIGNATURE		=> MfjoPwFS2g01DjSXrjVbBUmbAQI=
########################################


########### 05-06-2011 03:48 ###########
User_amount		=> 1
User_comment		=> BASE64:
User_id		=> 221
User_tax		=> 0.03
WMI_AUTO_ACCEPT		=> 0
WMI_CREATE_DATE		=> 2011-06-02 19:53:12
WMI_CURRENCY_ID		=> 643
WMI_DESCRIPTION		=> Пополнение счета пользователем №221 на сумму 1 у.е.
WMI_EXPIRED_DATE		=> 2011-09-02 19:53:12
WMI_FAIL_URL		=> http://countrypost.ru/syspay/showFail
WMI_LAST_NOTIFY_DATE		=> 2011-06-05 01:47:31
WMI_MERCHANT_ID		=> 103853778255
WMI_NOTIFY_COUNT		=> 69
WMI_ORDER_ID		=> 343042069805
WMI_ORDER_STATE		=> Processing
WMI_PAYMENT_AMOUNT		=> 30.00
WMI_PAYMENT_NO		=> 2212083
WMI_PAYMENT_TYPE		=> WalletOneRUB
WMI_SUCCESS_URL		=> http://countrypost.ru/syspay/showSuccess
WMI_TO_USER_ID		=> 164349817986
WMI_UPDATE_DATE		=> 2011-06-02 19:53:28
WMI_SIGNATURE		=> vYztsdCDNnT1aJ1bM95bo/7ivFM=
########################################


########### 05-06-2011 05:47 ###########
User_amount		=> 1
User_comment		=> BASE64:
User_id		=> 221
User_tax		=> 0.03
WMI_AUTO_ACCEPT		=> 0
WMI_CREATE_DATE		=> 2011-06-02 21:50:26
WMI_CURRENCY_ID		=> 643
WMI_DESCRIPTION		=> Пополнение счета пользователем №221 на сумму 1 у.е.
WMI_EXPIRED_DATE		=> 2011-09-02 21:50:26
WMI_FAIL_URL		=> http://countrypost.ru/syspay/showFail
WMI_LAST_NOTIFY_DATE		=> 2011-06-05 03:46:15
WMI_MERCHANT_ID		=> 103853778255
WMI_NOTIFY_COUNT		=> 69
WMI_ORDER_ID		=> 343042149029
WMI_ORDER_STATE		=> Processing
WMI_PAYMENT_AMOUNT		=> 30.00
WMI_PAYMENT_NO		=> 2212096
WMI_PAYMENT_TYPE		=> LiqPayRUB
WMI_SUCCESS_URL		=> http://countrypost.ru/syspay/showSuccess
WMI_TO_USER_ID		=> 164349817986
WMI_UPDATE_DATE		=> 2011-06-02 21:54:36
WMI_SIGNATURE		=> myf/PHcwiHPBIo3NaNQNabWPIUI=
########################################


########### 05-06-2011 05:49 ###########
User_amount		=> 1
User_comment		=> BASE64:
User_id		=> 221
User_tax		=> 0.03
WMI_AUTO_ACCEPT		=> 0
WMI_CREATE_DATE		=> 2011-06-02 19:53:12
WMI_CURRENCY_ID		=> 643
WMI_DESCRIPTION		=> Пополнение счета пользователем №221 на сумму 1 у.е.
WMI_EXPIRED_DATE		=> 2011-09-02 19:53:12
WMI_FAIL_URL		=> http://countrypost.ru/syspay/showFail
WMI_LAST_NOTIFY_DATE		=> 2011-06-05 03:48:18
WMI_MERCHANT_ID		=> 103853778255
WMI_NOTIFY_COUNT		=> 70
WMI_ORDER_ID		=> 343042069805
WMI_ORDER_STATE		=> Processing
WMI_PAYMENT_AMOUNT		=> 30.00
WMI_PAYMENT_NO		=> 2212083
WMI_PAYMENT_TYPE		=> WalletOneRUB
WMI_SUCCESS_URL		=> http://countrypost.ru/syspay/showSuccess
WMI_TO_USER_ID		=> 164349817986
WMI_UPDATE_DATE		=> 2011-06-02 19:53:28
WMI_SIGNATURE		=> qluTWr5m/i4XVZYdQuqBEvgkBvw=
########################################


########### 05-06-2011 07:47 ###########
User_amount		=> 1
User_comment		=> BASE64:
User_id		=> 221
User_tax		=> 0.03
WMI_AUTO_ACCEPT		=> 0
WMI_CREATE_DATE		=> 2011-06-02 21:50:26
WMI_CURRENCY_ID		=> 643
WMI_DESCRIPTION		=> Пополнение счета пользователем №221 на сумму 1 у.е.
WMI_EXPIRED_DATE		=> 2011-09-02 21:50:26
WMI_FAIL_URL		=> http://countrypost.ru/syspay/showFail
WMI_LAST_NOTIFY_DATE		=> 2011-06-05 05:46:35
WMI_MERCHANT_ID		=> 103853778255
WMI_NOTIFY_COUNT		=> 70
WMI_ORDER_ID		=> 343042149029
WMI_ORDER_STATE		=> Processing
WMI_PAYMENT_AMOUNT		=> 30.00
WMI_PAYMENT_NO		=> 2212096
WMI_PAYMENT_TYPE		=> LiqPayRUB
WMI_SUCCESS_URL		=> http://countrypost.ru/syspay/showSuccess
WMI_TO_USER_ID		=> 164349817986
WMI_UPDATE_DATE		=> 2011-06-02 21:54:36
WMI_SIGNATURE		=> LRf8EpvXONqFY44GBGpRiSOtnmg=
########################################


########### 05-06-2011 07:49 ###########
User_amount		=> 1
User_comment		=> BASE64:
User_id		=> 221
User_tax		=> 0.03
WMI_AUTO_ACCEPT		=> 0
WMI_CREATE_DATE		=> 2011-06-02 19:53:12
WMI_CURRENCY_ID		=> 643
WMI_DESCRIPTION		=> Пополнение счета пользователем №221 на сумму 1 у.е.
WMI_EXPIRED_DATE		=> 2011-09-02 19:53:12
WMI_FAIL_URL		=> http://countrypost.ru/syspay/showFail
WMI_LAST_NOTIFY_DATE		=> 2011-06-05 05:48:37
WMI_MERCHANT_ID		=> 103853778255
WMI_NOTIFY_COUNT		=> 71
WMI_ORDER_ID		=> 343042069805
WMI_ORDER_STATE		=> Processing
WMI_PAYMENT_AMOUNT		=> 30.00
WMI_PAYMENT_NO		=> 2212083
WMI_PAYMENT_TYPE		=> WalletOneRUB
WMI_SUCCESS_URL		=> http://countrypost.ru/syspay/showSuccess
WMI_TO_USER_ID		=> 164349817986
WMI_UPDATE_DATE		=> 2011-06-02 19:53:28
WMI_SIGNATURE		=> dfQemv0qJfktgib7PYkhSjNXZrg=
########################################


########### 05-06-2011 09:48 ###########
User_amount		=> 1
User_comment		=> BASE64:
User_id		=> 221
User_tax		=> 0.03
WMI_AUTO_ACCEPT		=> 0
WMI_CREATE_DATE		=> 2011-06-02 21:50:26
WMI_CURRENCY_ID		=> 643
WMI_DESCRIPTION		=> Пополнение счета пользователем №221 на сумму 1 у.е.
WMI_EXPIRED_DATE		=> 2011-09-02 21:50:26
WMI_FAIL_URL		=> http://countrypost.ru/syspay/showFail
WMI_LAST_NOTIFY_DATE		=> 2011-06-05 07:47:04
WMI_MERCHANT_ID		=> 103853778255
WMI_NOTIFY_COUNT		=> 71
WMI_ORDER_ID		=> 343042149029
WMI_ORDER_STATE		=> Processing
WMI_PAYMENT_AMOUNT		=> 30.00
WMI_PAYMENT_NO		=> 2212096
WMI_PAYMENT_TYPE		=> LiqPayRUB
WMI_SUCCESS_URL		=> http://countrypost.ru/syspay/showSuccess
WMI_TO_USER_ID		=> 164349817986
WMI_UPDATE_DATE		=> 2011-06-02 21:54:36
WMI_SIGNATURE		=> PL1gIznCtsWoEmMVY+gNowAvokg=
########################################


########### 05-06-2011 09:50 ###########
User_amount		=> 1
User_comment		=> BASE64:
User_id		=> 221
User_tax		=> 0.03
WMI_AUTO_ACCEPT		=> 0
WMI_CREATE_DATE		=> 2011-06-02 19:53:12
WMI_CURRENCY_ID		=> 643
WMI_DESCRIPTION		=> Пополнение счета пользователем №221 на сумму 1 у.е.
WMI_EXPIRED_DATE		=> 2011-09-02 19:53:12
WMI_FAIL_URL		=> http://countrypost.ru/syspay/showFail
WMI_LAST_NOTIFY_DATE		=> 2011-06-05 07:49:06
WMI_MERCHANT_ID		=> 103853778255
WMI_NOTIFY_COUNT		=> 72
WMI_ORDER_ID		=> 343042069805
WMI_ORDER_STATE		=> Processing
WMI_PAYMENT_AMOUNT		=> 30.00
WMI_PAYMENT_NO		=> 2212083
WMI_PAYMENT_TYPE		=> WalletOneRUB
WMI_SUCCESS_URL		=> http://countrypost.ru/syspay/showSuccess
WMI_TO_USER_ID		=> 164349817986
WMI_UPDATE_DATE		=> 2011-06-02 19:53:28
WMI_SIGNATURE		=> m1STTkUlfj6g63MXbn6Rr/N/iKw=
########################################


########### 05-06-2011 11:48 ###########
User_amount		=> 1
User_comment		=> BASE64:
User_id		=> 221
User_tax		=> 0.03
WMI_AUTO_ACCEPT		=> 0
WMI_CREATE_DATE		=> 2011-06-02 21:50:26
WMI_CURRENCY_ID		=> 643
WMI_DESCRIPTION		=> Пополнение счета пользователем №221 на сумму 1 у.е.
WMI_EXPIRED_DATE		=> 2011-09-02 21:50:26
WMI_FAIL_URL		=> http://countrypost.ru/syspay/showFail
WMI_LAST_NOTIFY_DATE		=> 2011-06-05 09:47:14
WMI_MERCHANT_ID		=> 103853778255
WMI_NOTIFY_COUNT		=> 72
WMI_ORDER_ID		=> 343042149029
WMI_ORDER_STATE		=> Processing
WMI_PAYMENT_AMOUNT		=> 30.00
WMI_PAYMENT_NO		=> 2212096
WMI_PAYMENT_TYPE		=> LiqPayRUB
WMI_SUCCESS_URL		=> http://countrypost.ru/syspay/showSuccess
WMI_TO_USER_ID		=> 164349817986
WMI_UPDATE_DATE		=> 2011-06-02 21:54:36
WMI_SIGNATURE		=> DOwUHte3N4V2AtRyEc3mw9pUdSI=
########################################


########### 05-06-2011 11:50 ###########
User_amount		=> 1
User_comment		=> BASE64:
User_id		=> 221
User_tax		=> 0.03
WMI_AUTO_ACCEPT		=> 0
WMI_CREATE_DATE		=> 2011-06-02 19:53:12
WMI_CURRENCY_ID		=> 643
WMI_DESCRIPTION		=> Пополнение счета пользователем №221 на сумму 1 у.е.
WMI_EXPIRED_DATE		=> 2011-09-02 19:53:12
WMI_FAIL_URL		=> http://countrypost.ru/syspay/showFail
WMI_LAST_NOTIFY_DATE		=> 2011-06-05 09:49:16
WMI_MERCHANT_ID		=> 103853778255
WMI_NOTIFY_COUNT		=> 73
WMI_ORDER_ID		=> 343042069805
WMI_ORDER_STATE		=> Processing
WMI_PAYMENT_AMOUNT		=> 30.00
WMI_PAYMENT_NO		=> 2212083
WMI_PAYMENT_TYPE		=> WalletOneRUB
WMI_SUCCESS_URL		=> http://countrypost.ru/syspay/showSuccess
WMI_TO_USER_ID		=> 164349817986
WMI_UPDATE_DATE		=> 2011-06-02 19:53:28
WMI_SIGNATURE		=> 3XOF1t2szZbyqaIXkBEaaM8VGuI=
########################################


########### 05-06-2011 13:48 ###########
User_amount		=> 1
User_comment		=> BASE64:
User_id		=> 221
User_tax		=> 0.03
WMI_AUTO_ACCEPT		=> 0
WMI_CREATE_DATE		=> 2011-06-02 21:50:26
WMI_CURRENCY_ID		=> 643
WMI_DESCRIPTION		=> Пополнение счета пользователем №221 на сумму 1 у.е.
WMI_EXPIRED_DATE		=> 2011-09-02 21:50:26
WMI_FAIL_URL		=> http://countrypost.ru/syspay/showFail
WMI_LAST_NOTIFY_DATE		=> 2011-06-05 11:47:31
WMI_MERCHANT_ID		=> 103853778255
WMI_NOTIFY_COUNT		=> 73
WMI_ORDER_ID		=> 343042149029
WMI_ORDER_STATE		=> Processing
WMI_PAYMENT_AMOUNT		=> 30.00
WMI_PAYMENT_NO		=> 2212096
WMI_PAYMENT_TYPE		=> LiqPayRUB
WMI_SUCCESS_URL		=> http://countrypost.ru/syspay/showSuccess
WMI_TO_USER_ID		=> 164349817986
WMI_UPDATE_DATE		=> 2011-06-02 21:54:36
WMI_SIGNATURE		=> rpKH6XpFv9Y7+xd5+HsBeAnfdbo=
########################################


########### 05-06-2011 13:50 ###########
User_amount		=> 1
User_comment		=> BASE64:
User_id		=> 221
User_tax		=> 0.03
WMI_AUTO_ACCEPT		=> 0
WMI_CREATE_DATE		=> 2011-06-02 19:53:12
WMI_CURRENCY_ID		=> 643
WMI_DESCRIPTION		=> Пополнение счета пользователем №221 на сумму 1 у.е.
WMI_EXPIRED_DATE		=> 2011-09-02 19:53:12
WMI_FAIL_URL		=> http://countrypost.ru/syspay/showFail
WMI_LAST_NOTIFY_DATE		=> 2011-06-05 11:49:34
WMI_MERCHANT_ID		=> 103853778255
WMI_NOTIFY_COUNT		=> 74
WMI_ORDER_ID		=> 343042069805
WMI_ORDER_STATE		=> Processing
WMI_PAYMENT_AMOUNT		=> 30.00
WMI_PAYMENT_NO		=> 2212083
WMI_PAYMENT_TYPE		=> WalletOneRUB
WMI_SUCCESS_URL		=> http://countrypost.ru/syspay/showSuccess
WMI_TO_USER_ID		=> 164349817986
WMI_UPDATE_DATE		=> 2011-06-02 19:53:28
WMI_SIGNATURE		=> pbPYQcse+7ldvunno7tVNAnpzPc=
########################################


########### 05-06-2011 15:49 ###########
User_amount		=> 1
User_comment		=> BASE64:
User_id		=> 221
User_tax		=> 0.03
WMI_AUTO_ACCEPT		=> 0
WMI_CREATE_DATE		=> 2011-06-02 21:50:26
WMI_CURRENCY_ID		=> 643
WMI_DESCRIPTION		=> Пополнение счета пользователем №221 на сумму 1 у.е.
WMI_EXPIRED_DATE		=> 2011-09-02 21:50:26
WMI_FAIL_URL		=> http://countrypost.ru/syspay/showFail
WMI_LAST_NOTIFY_DATE		=> 2011-06-05 13:48:10
WMI_MERCHANT_ID		=> 103853778255
WMI_NOTIFY_COUNT		=> 74
WMI_ORDER_ID		=> 343042149029
WMI_ORDER_STATE		=> Processing
WMI_PAYMENT_AMOUNT		=> 30.00
WMI_PAYMENT_NO		=> 2212096
WMI_PAYMENT_TYPE		=> LiqPayRUB
WMI_SUCCESS_URL		=> http://countrypost.ru/syspay/showSuccess
WMI_TO_USER_ID		=> 164349817986
WMI_UPDATE_DATE		=> 2011-06-02 21:54:36
WMI_SIGNATURE		=> dYz7Qnbq7eJcSRtZyy9VF0ld6CA=
########################################


########### 05-06-2011 15:51 ###########
User_amount		=> 1
User_comment		=> BASE64:
User_id		=> 221
User_tax		=> 0.03
WMI_AUTO_ACCEPT		=> 0
WMI_CREATE_DATE		=> 2011-06-02 19:53:12
WMI_CURRENCY_ID		=> 643
WMI_DESCRIPTION		=> Пополнение счета пользователем №221 на сумму 1 у.е.
WMI_EXPIRED_DATE		=> 2011-09-02 19:53:12
WMI_FAIL_URL		=> http://countrypost.ru/syspay/showFail
WMI_LAST_NOTIFY_DATE		=> 2011-06-05 13:50:12
WMI_MERCHANT_ID		=> 103853778255
WMI_NOTIFY_COUNT		=> 75
WMI_ORDER_ID		=> 343042069805
WMI_ORDER_STATE		=> Processing
WMI_PAYMENT_AMOUNT		=> 30.00
WMI_PAYMENT_NO		=> 2212083
WMI_PAYMENT_TYPE		=> WalletOneRUB
WMI_SUCCESS_URL		=> http://countrypost.ru/syspay/showSuccess
WMI_TO_USER_ID		=> 164349817986
WMI_UPDATE_DATE		=> 2011-06-02 19:53:28
WMI_SIGNATURE		=> MOiHD74GNrJYqXkeWsCgzkJ3oCs=
########################################


########### 05-06-2011 17:49 ###########
User_amount		=> 1
User_comment		=> BASE64:
User_id		=> 221
User_tax		=> 0.03
WMI_AUTO_ACCEPT		=> 0
WMI_CREATE_DATE		=> 2011-06-02 21:50:26
WMI_CURRENCY_ID		=> 643
WMI_DESCRIPTION		=> Пополнение счета пользователем №221 на сумму 1 у.е.
WMI_EXPIRED_DATE		=> 2011-09-02 21:50:26
WMI_FAIL_URL		=> http://countrypost.ru/syspay/showFail
WMI_LAST_NOTIFY_DATE		=> 2011-06-05 15:48:37
WMI_MERCHANT_ID		=> 103853778255
WMI_NOTIFY_COUNT		=> 75
WMI_ORDER_ID		=> 343042149029
WMI_ORDER_STATE		=> Processing
WMI_PAYMENT_AMOUNT		=> 30.00
WMI_PAYMENT_NO		=> 2212096
WMI_PAYMENT_TYPE		=> LiqPayRUB
WMI_SUCCESS_URL		=> http://countrypost.ru/syspay/showSuccess
WMI_TO_USER_ID		=> 164349817986
WMI_UPDATE_DATE		=> 2011-06-02 21:54:36
WMI_SIGNATURE		=> s4/Vlkz4n0DqJ9D/nGaRIHFlDsY=
########################################


########### 05-06-2011 19:51 ###########
User_amount		=> 1
User_comment		=> BASE64:
User_id		=> 221
User_tax		=> 0.03
WMI_AUTO_ACCEPT		=> 0
WMI_CREATE_DATE		=> 2011-06-02 19:53:12
WMI_CURRENCY_ID		=> 643
WMI_DESCRIPTION		=> Пополнение счета пользователем №221 на сумму 1 у.е.
WMI_EXPIRED_DATE		=> 2011-09-02 19:53:12
WMI_FAIL_URL		=> http://countrypost.ru/syspay/showFail
WMI_LAST_NOTIFY_DATE		=> 2011-06-05 17:50:30
WMI_MERCHANT_ID		=> 103853778255
WMI_NOTIFY_COUNT		=> 76
WMI_ORDER_ID		=> 343042069805
WMI_ORDER_STATE		=> Processing
WMI_PAYMENT_AMOUNT		=> 30.00
WMI_PAYMENT_NO		=> 2212083
WMI_PAYMENT_TYPE		=> WalletOneRUB
WMI_SUCCESS_URL		=> http://countrypost.ru/syspay/showSuccess
WMI_TO_USER_ID		=> 164349817986
WMI_UPDATE_DATE		=> 2011-06-02 19:53:28
WMI_SIGNATURE		=> EyeOzcorJClDyOzvCZHjiE8Wj1A=
########################################


########### 05-06-2011 21:49 ###########
User_amount		=> 1
User_comment		=> BASE64:
User_id		=> 221
User_tax		=> 0.03
WMI_AUTO_ACCEPT		=> 0
WMI_CREATE_DATE		=> 2011-06-02 21:50:26
WMI_CURRENCY_ID		=> 643
WMI_DESCRIPTION		=> Пополнение счета пользователем №221 на сумму 1 у.е.
WMI_EXPIRED_DATE		=> 2011-09-02 21:50:26
WMI_FAIL_URL		=> http://countrypost.ru/syspay/showFail
WMI_LAST_NOTIFY_DATE		=> 2011-06-05 19:48:50
WMI_MERCHANT_ID		=> 103853778255
WMI_NOTIFY_COUNT		=> 76
WMI_ORDER_ID		=> 343042149029
WMI_ORDER_STATE		=> Processing
WMI_PAYMENT_AMOUNT		=> 30.00
WMI_PAYMENT_NO		=> 2212096
WMI_PAYMENT_TYPE		=> LiqPayRUB
WMI_SUCCESS_URL		=> http://countrypost.ru/syspay/showSuccess
WMI_TO_USER_ID		=> 164349817986
WMI_UPDATE_DATE		=> 2011-06-02 21:54:36
WMI_SIGNATURE		=> u5hcZjHSmdI+YiQ/3vT72NSWJhs=
########################################


########### 05-06-2011 23:51 ###########
User_amount		=> 1
User_comment		=> BASE64:
User_id		=> 221
User_tax		=> 0.03
WMI_AUTO_ACCEPT		=> 0
WMI_CREATE_DATE		=> 2011-06-02 19:53:12
WMI_CURRENCY_ID		=> 643
WMI_DESCRIPTION		=> Пополнение счета пользователем №221 на сумму 1 у.е.
WMI_EXPIRED_DATE		=> 2011-09-02 19:53:12
WMI_FAIL_URL		=> http://countrypost.ru/syspay/showFail
WMI_LAST_NOTIFY_DATE		=> 2011-06-05 21:51:08
WMI_MERCHANT_ID		=> 103853778255
WMI_NOTIFY_COUNT		=> 77
WMI_ORDER_ID		=> 343042069805
WMI_ORDER_STATE		=> Processing
WMI_PAYMENT_AMOUNT		=> 30.00
WMI_PAYMENT_NO		=> 2212083
WMI_PAYMENT_TYPE		=> WalletOneRUB
WMI_SUCCESS_URL		=> http://countrypost.ru/syspay/showSuccess
WMI_TO_USER_ID		=> 164349817986
WMI_UPDATE_DATE		=> 2011-06-02 19:53:28
WMI_SIGNATURE		=> WnlpXBefA7Jo4u2MrQGX7wPe2EI=
########################################


