########### 07-06-2011 02:50 ###########
User_amount		=> 1
User_comment		=> BASE64:
User_id		=> 221
User_tax		=> 0.03
WMI_AUTO_ACCEPT		=> 0
WMI_CREATE_DATE		=> 2011-06-02 21:50:26
WMI_CURRENCY_ID		=> 643
WMI_DESCRIPTION		=> Пополнение счета пользователем №221 на сумму 1 у.е.
WMI_EXPIRED_DATE		=> 2011-09-02 21:50:26
WMI_FAIL_URL		=> http://countrypost.ru/syspay/showFail
WMI_LAST_NOTIFY_DATE		=> 2011-06-07 00:50:07
WMI_MERCHANT_ID		=> 103853778255
WMI_NOTIFY_COUNT		=> 83
WMI_ORDER_ID		=> 343042149029
WMI_ORDER_STATE		=> Processing
WMI_PAYMENT_AMOUNT		=> 30.00
WMI_PAYMENT_NO		=> 2212096
WMI_PAYMENT_TYPE		=> LiqPayRUB
WMI_SUCCESS_URL		=> http://countrypost.ru/syspay/showSuccess
WMI_TO_USER_ID		=> 164349817986
WMI_UPDATE_DATE		=> 2011-06-02 21:54:36
WMI_SIGNATURE		=> O+OnMayAV2w7sy267/q0DU3Slm4=
########################################


########### 07-06-2011 02:50 ###########
User_amount		=> 1
User_comment		=> BASE64:
User_id		=> 221
User_tax		=> 0.03
WMI_AUTO_ACCEPT		=> 0
WMI_CREATE_DATE		=> 2011-06-02 21:50:26
WMI_CURRENCY_ID		=> 643
WMI_DESCRIPTION		=> Пополнение счета пользователем №221 на сумму 1 у.е.
WMI_EXPIRED_DATE		=> 2011-09-02 21:50:26
WMI_FAIL_URL		=> http://countrypost.ru/syspay/showFail
WMI_LAST_NOTIFY_DATE		=> 2011-06-07 00:50:07
WMI_MERCHANT_ID		=> 103853778255
WMI_NOTIFY_COUNT		=> 83
WMI_ORDER_ID		=> 343042149029
WMI_ORDER_STATE		=> Processing
WMI_PAYMENT_AMOUNT		=> 30.00
WMI_PAYMENT_NO		=> 2212096
WMI_PAYMENT_TYPE		=> LiqPayRUB
WMI_SUCCESS_URL		=> http://countrypost.ru/syspay/showSuccess
WMI_TO_USER_ID		=> 164349817986
WMI_UPDATE_DATE		=> 2011-06-02 21:54:36
WMI_SIGNATURE		=> O+OnMayAV2w7sy267/q0DU3Slm4=
Answer:"WMI_RESULT=OK&WMI_DESCRIPTION=%C7%E0%EA%E0%E7+%232212096+%EE%EF%EB%E0%F7%E5%ED%21"
Decoded Desc:"Заказ #2212096 оплачен!"
########################################


########### 07-06-2011 06:50 ###########
User_amount		=> 1
User_comment		=> BASE64:
User_id		=> 221
User_tax		=> 0.03
WMI_AUTO_ACCEPT		=> 0
WMI_CREATE_DATE		=> 2011-06-02 21:50:26
WMI_CURRENCY_ID		=> 643
WMI_DESCRIPTION		=> Пополнение счета пользователем №221 на сумму 1 у.е.
WMI_EXPIRED_DATE		=> 2011-09-02 21:50:26
WMI_FAIL_URL		=> http://countrypost.ru/syspay/showFail
WMI_LAST_NOTIFY_DATE		=> 2011-06-07 04:50:27
WMI_MERCHANT_ID		=> 103853778255
WMI_NOTIFY_COUNT		=> 84
WMI_ORDER_ID		=> 343042149029
WMI_ORDER_STATE		=> Processing
WMI_PAYMENT_AMOUNT		=> 30.00
WMI_PAYMENT_NO		=> 2212096
WMI_PAYMENT_TYPE		=> LiqPayRUB
WMI_SUCCESS_URL		=> http://countrypost.ru/syspay/showSuccess
WMI_TO_USER_ID		=> 164349817986
WMI_UPDATE_DATE		=> 2011-06-02 21:54:36
WMI_SIGNATURE		=> 7fvLB2xhMoZQ3bQOstPUokryiBE=
########################################


########### 07-06-2011 10:51 ###########
User_amount		=> 1
User_comment		=> BASE64:
User_id		=> 221
User_tax		=> 0.03
WMI_AUTO_ACCEPT		=> 0
WMI_CREATE_DATE		=> 2011-06-02 21:50:26
WMI_CURRENCY_ID		=> 643
WMI_DESCRIPTION		=> Пополнение счета пользователем №221 на сумму 1 у.е.
WMI_EXPIRED_DATE		=> 2011-09-02 21:50:26
WMI_FAIL_URL		=> http://countrypost.ru/syspay/showFail
WMI_LAST_NOTIFY_DATE		=> 2011-06-07 08:51:41
WMI_MERCHANT_ID		=> 103853778255
WMI_NOTIFY_COUNT		=> 85
WMI_ORDER_ID		=> 343042149029
WMI_ORDER_STATE		=> Processing
WMI_PAYMENT_AMOUNT		=> 30.00
WMI_PAYMENT_NO		=> 2212096
WMI_PAYMENT_TYPE		=> LiqPayRUB
WMI_SUCCESS_URL		=> http://countrypost.ru/syspay/showSuccess
WMI_TO_USER_ID		=> 164349817986
WMI_UPDATE_DATE		=> 2011-06-02 21:54:36
WMI_SIGNATURE		=> r1ECg1ZX0vvcGTarVdeW+x436Og=
########################################


########### 07-06-2011 14:52 ###########
User_amount		=> 1
User_comment		=> BASE64:
User_id		=> 221
User_tax		=> 0.03
WMI_AUTO_ACCEPT		=> 0
WMI_CREATE_DATE		=> 2011-06-02 21:50:26
WMI_CURRENCY_ID		=> 643
WMI_DESCRIPTION		=> Пополнение счета пользователем №221 на сумму 1 у.е.
WMI_EXPIRED_DATE		=> 2011-09-02 21:50:26
WMI_FAIL_URL		=> http://countrypost.ru/syspay/showFail
WMI_LAST_NOTIFY_DATE		=> 2011-06-07 12:52:03
WMI_MERCHANT_ID		=> 103853778255
WMI_NOTIFY_COUNT		=> 86
WMI_ORDER_ID		=> 343042149029
WMI_ORDER_STATE		=> Processing
WMI_PAYMENT_AMOUNT		=> 30.00
WMI_PAYMENT_NO		=> 2212096
WMI_PAYMENT_TYPE		=> LiqPayRUB
WMI_SUCCESS_URL		=> http://countrypost.ru/syspay/showSuccess
WMI_TO_USER_ID		=> 164349817986
WMI_UPDATE_DATE		=> 2011-06-02 21:54:36
WMI_SIGNATURE		=> 1hsPrvYbXlbJiKNp7PLPz45OxE8=
########################################


########### 07-06-2011 18:53 ###########
User_amount		=> 1
User_comment		=> BASE64:
User_id		=> 221
User_tax		=> 0.03
WMI_AUTO_ACCEPT		=> 0
WMI_CREATE_DATE		=> 2011-06-02 21:50:26
WMI_CURRENCY_ID		=> 643
WMI_DESCRIPTION		=> Пополнение счета пользователем №221 на сумму 1 у.е.
WMI_EXPIRED_DATE		=> 2011-09-02 21:50:26
WMI_FAIL_URL		=> http://countrypost.ru/syspay/showFail
WMI_LAST_NOTIFY_DATE		=> 2011-06-07 16:52:48
WMI_MERCHANT_ID		=> 103853778255
WMI_NOTIFY_COUNT		=> 87
WMI_ORDER_ID		=> 343042149029
WMI_ORDER_STATE		=> Processing
WMI_PAYMENT_AMOUNT		=> 30.00
WMI_PAYMENT_NO		=> 2212096
WMI_PAYMENT_TYPE		=> LiqPayRUB
WMI_SUCCESS_URL		=> http://countrypost.ru/syspay/showSuccess
WMI_TO_USER_ID		=> 164349817986
WMI_UPDATE_DATE		=> 2011-06-02 21:54:36
WMI_SIGNATURE		=> qssyLGL0/2QR0SqLius9KCSjMUo=
########################################


########### 07-06-2011 22:53 ###########
User_amount		=> 1
User_comment		=> BASE64:
User_id		=> 221
User_tax		=> 0.03
WMI_AUTO_ACCEPT		=> 0
WMI_CREATE_DATE		=> 2011-06-02 21:50:26
WMI_CURRENCY_ID		=> 643
WMI_DESCRIPTION		=> Пополнение счета пользователем №221 на сумму 1 у.е.
WMI_EXPIRED_DATE		=> 2011-09-02 21:50:26
WMI_FAIL_URL		=> http://countrypost.ru/syspay/showFail
WMI_LAST_NOTIFY_DATE		=> 2011-06-07 20:53:27
WMI_MERCHANT_ID		=> 103853778255
WMI_NOTIFY_COUNT		=> 88
WMI_ORDER_ID		=> 343042149029
WMI_ORDER_STATE		=> Processing
WMI_PAYMENT_AMOUNT		=> 30.00
WMI_PAYMENT_NO		=> 2212096
WMI_PAYMENT_TYPE		=> LiqPayRUB
WMI_SUCCESS_URL		=> http://countrypost.ru/syspay/showSuccess
WMI_TO_USER_ID		=> 164349817986
WMI_UPDATE_DATE		=> 2011-06-02 21:54:36
WMI_SIGNATURE		=> 6e4GOgHKI7SGnpcG8Gh6cYcswHc=
########################################


