########### 08-08-2011 08:58 ###########
User_amount		=> 1
User_comment		=> BASE64:
User_id		=> 76
User_tax		=> 0.03
WMI_AUTO_ACCEPT		=> 0
WMI_CREATE_DATE		=> 2011-08-08 06:49:24
WMI_CURRENCY_ID		=> 643
WMI_DESCRIPTION		=> Пополнение счета пользователем №76 на сумму 1 у.е.
WMI_EXPIRED_DATE		=> 2011-11-08 06:49:24
WMI_FAIL_URL		=> http://countrypost.ru/syspay/showFail
WMI_LAST_NOTIFY_DATE		=> 2011-08-08 06:57:09
WMI_MERCHANT_ID		=> 103853778255
WMI_NOTIFY_COUNT		=> 1
WMI_ORDER_ID		=> 343085016152
WMI_ORDER_STATE		=> Processing
WMI_PAYMENT_AMOUNT		=> 30.00
WMI_PAYMENT_NO		=> 762115
WMI_PAYMENT_TYPE		=> LiqPayUAH
WMI_SUCCESS_URL		=> http://countrypost.ru/syspay/showSuccess
WMI_TO_USER_ID		=> 183900216646
WMI_UPDATE_DATE		=> 2011-08-08 06:57:04
WMI_SIGNATURE		=> YV1P4YVr4tSvCLvvqflGrWk/tP0=
########################################


########### 08-08-2011 08:58 ###########
User_amount		=> 1
User_comment		=> BASE64:
User_id		=> 76
User_tax		=> 0.03
WMI_AUTO_ACCEPT		=> 0
WMI_CREATE_DATE		=> 2011-08-08 06:49:24
WMI_CURRENCY_ID		=> 643
WMI_DESCRIPTION		=> Пополнение счета пользователем №76 на сумму 1 у.е.
WMI_EXPIRED_DATE		=> 2011-11-08 06:49:24
WMI_FAIL_URL		=> http://countrypost.ru/syspay/showFail
WMI_LAST_NOTIFY_DATE		=> 2011-08-08 06:57:09
WMI_MERCHANT_ID		=> 103853778255
WMI_NOTIFY_COUNT		=> 1
WMI_ORDER_ID		=> 343085016152
WMI_ORDER_STATE		=> Processing
WMI_PAYMENT_AMOUNT		=> 30.00
WMI_PAYMENT_NO		=> 762115
WMI_PAYMENT_TYPE		=> LiqPayUAH
WMI_SUCCESS_URL		=> http://countrypost.ru/syspay/showSuccess
WMI_TO_USER_ID		=> 183900216646
WMI_UPDATE_DATE		=> 2011-08-08 06:57:04
WMI_SIGNATURE		=> YV1P4YVr4tSvCLvvqflGrWk/tP0=
Answer:"WMI_RESULT=OK&WMI_DESCRIPTION=%C7%E0%EA%E0%E7+%23762115+%EE%EF%EB%E0%F7%E5%ED%21"
Decoded Desc:"Заказ #762115 оплачен!"
########################################


