########### 04-06-2011 01:39 ###########
User_amount		=> 1
User_comment		=> BASE64:
User_id		=> 221
User_tax		=> 0.03
WMI_AUTO_ACCEPT		=> 0
WMI_CREATE_DATE		=> 2011-06-02 21:50:26
WMI_CURRENCY_ID		=> 643
WMI_DESCRIPTION		=> Пополнение счета пользователем №221 на сумму 1 у.е.
WMI_EXPIRED_DATE		=> 2011-09-02 21:50:26
WMI_FAIL_URL		=> http://countrypost.ru/syspay/showFail
WMI_LAST_NOTIFY_DATE		=> 2011-06-03 23:38:15
WMI_MERCHANT_ID		=> 103853778255
WMI_NOTIFY_COUNT		=> 55
WMI_ORDER_ID		=> 343042149029
WMI_ORDER_STATE		=> Processing
WMI_PAYMENT_AMOUNT		=> 30.00
WMI_PAYMENT_NO		=> 2212096
WMI_PAYMENT_TYPE		=> LiqPayRUB
WMI_SUCCESS_URL		=> http://countrypost.ru/syspay/showSuccess
WMI_TO_USER_ID		=> 164349817986
WMI_UPDATE_DATE		=> 2011-06-02 21:54:36
WMI_SIGNATURE		=> ACXOXSOhxtadrZnX1rhmVkR4CQo=
########################################


########### 04-06-2011 01:40 ###########
User_amount		=> 1
User_comment		=> BASE64:
User_id		=> 221
User_tax		=> 0.03
WMI_AUTO_ACCEPT		=> 0
WMI_CREATE_DATE		=> 2011-06-02 19:53:12
WMI_CURRENCY_ID		=> 643
WMI_DESCRIPTION		=> Пополнение счета пользователем №221 на сумму 1 у.е.
WMI_EXPIRED_DATE		=> 2011-09-02 19:53:12
WMI_FAIL_URL		=> http://countrypost.ru/syspay/showFail
WMI_LAST_NOTIFY_DATE		=> 2011-06-03 23:39:23
WMI_MERCHANT_ID		=> 103853778255
WMI_NOTIFY_COUNT		=> 56
WMI_ORDER_ID		=> 343042069805
WMI_ORDER_STATE		=> Processing
WMI_PAYMENT_AMOUNT		=> 30.00
WMI_PAYMENT_NO		=> 2212083
WMI_PAYMENT_TYPE		=> WalletOneRUB
WMI_SUCCESS_URL		=> http://countrypost.ru/syspay/showSuccess
WMI_TO_USER_ID		=> 164349817986
WMI_UPDATE_DATE		=> 2011-06-02 19:53:28
WMI_SIGNATURE		=> YumPI9uSZAPiaFTvObZiKCZWFlU=
########################################


########### 04-06-2011 03:39 ###########
User_amount		=> 1
User_comment		=> BASE64:
User_id		=> 221
User_tax		=> 0.03
WMI_AUTO_ACCEPT		=> 0
WMI_CREATE_DATE		=> 2011-06-02 21:50:26
WMI_CURRENCY_ID		=> 643
WMI_DESCRIPTION		=> Пополнение счета пользователем №221 на сумму 1 у.е.
WMI_EXPIRED_DATE		=> 2011-09-02 21:50:26
WMI_FAIL_URL		=> http://countrypost.ru/syspay/showFail
WMI_LAST_NOTIFY_DATE		=> 2011-06-04 01:38:49
WMI_MERCHANT_ID		=> 103853778255
WMI_NOTIFY_COUNT		=> 56
WMI_ORDER_ID		=> 343042149029
WMI_ORDER_STATE		=> Processing
WMI_PAYMENT_AMOUNT		=> 30.00
WMI_PAYMENT_NO		=> 2212096
WMI_PAYMENT_TYPE		=> LiqPayRUB
WMI_SUCCESS_URL		=> http://countrypost.ru/syspay/showSuccess
WMI_TO_USER_ID		=> 164349817986
WMI_UPDATE_DATE		=> 2011-06-02 21:54:36
WMI_SIGNATURE		=> JYlmKvGnQLmrJfx7EG//GqeuCUM=
########################################


########### 04-06-2011 03:40 ###########
User_amount		=> 1
User_comment		=> BASE64:
User_id		=> 221
User_tax		=> 0.03
WMI_AUTO_ACCEPT		=> 0
WMI_CREATE_DATE		=> 2011-06-02 19:53:12
WMI_CURRENCY_ID		=> 643
WMI_DESCRIPTION		=> Пополнение счета пользователем №221 на сумму 1 у.е.
WMI_EXPIRED_DATE		=> 2011-09-02 19:53:12
WMI_FAIL_URL		=> http://countrypost.ru/syspay/showFail
WMI_LAST_NOTIFY_DATE		=> 2011-06-04 01:39:51
WMI_MERCHANT_ID		=> 103853778255
WMI_NOTIFY_COUNT		=> 57
WMI_ORDER_ID		=> 343042069805
WMI_ORDER_STATE		=> Processing
WMI_PAYMENT_AMOUNT		=> 30.00
WMI_PAYMENT_NO		=> 2212083
WMI_PAYMENT_TYPE		=> WalletOneRUB
WMI_SUCCESS_URL		=> http://countrypost.ru/syspay/showSuccess
WMI_TO_USER_ID		=> 164349817986
WMI_UPDATE_DATE		=> 2011-06-02 19:53:28
WMI_SIGNATURE		=> HSpGZhYcfTn5FpagLvo9gESh0H4=
########################################


########### 04-06-2011 05:40 ###########
User_amount		=> 1
User_comment		=> BASE64:
User_id		=> 221
User_tax		=> 0.03
WMI_AUTO_ACCEPT		=> 0
WMI_CREATE_DATE		=> 2011-06-02 21:50:26
WMI_CURRENCY_ID		=> 643
WMI_DESCRIPTION		=> Пополнение счета пользователем №221 на сумму 1 у.е.
WMI_EXPIRED_DATE		=> 2011-09-02 21:50:26
WMI_FAIL_URL		=> http://countrypost.ru/syspay/showFail
WMI_LAST_NOTIFY_DATE		=> 2011-06-04 03:39:29
WMI_MERCHANT_ID		=> 103853778255
WMI_NOTIFY_COUNT		=> 57
WMI_ORDER_ID		=> 343042149029
WMI_ORDER_STATE		=> Processing
WMI_PAYMENT_AMOUNT		=> 30.00
WMI_PAYMENT_NO		=> 2212096
WMI_PAYMENT_TYPE		=> LiqPayRUB
WMI_SUCCESS_URL		=> http://countrypost.ru/syspay/showSuccess
WMI_TO_USER_ID		=> 164349817986
WMI_UPDATE_DATE		=> 2011-06-02 21:54:36
WMI_SIGNATURE		=> +22i61K+4R3rpCZCkjf388/N4t0=
########################################


########### 04-06-2011 05:41 ###########
User_amount		=> 1
User_comment		=> BASE64:
User_id		=> 221
User_tax		=> 0.03
WMI_AUTO_ACCEPT		=> 0
WMI_CREATE_DATE		=> 2011-06-02 19:53:12
WMI_CURRENCY_ID		=> 643
WMI_DESCRIPTION		=> Пополнение счета пользователем №221 на сумму 1 у.е.
WMI_EXPIRED_DATE		=> 2011-09-02 19:53:12
WMI_FAIL_URL		=> http://countrypost.ru/syspay/showFail
WMI_LAST_NOTIFY_DATE		=> 2011-06-04 03:40:31
WMI_MERCHANT_ID		=> 103853778255
WMI_NOTIFY_COUNT		=> 58
WMI_ORDER_ID		=> 343042069805
WMI_ORDER_STATE		=> Processing
WMI_PAYMENT_AMOUNT		=> 30.00
WMI_PAYMENT_NO		=> 2212083
WMI_PAYMENT_TYPE		=> WalletOneRUB
WMI_SUCCESS_URL		=> http://countrypost.ru/syspay/showSuccess
WMI_TO_USER_ID		=> 164349817986
WMI_UPDATE_DATE		=> 2011-06-02 19:53:28
WMI_SIGNATURE		=> pWrQ5srO7BTs9FuW+Lg83RO5n5E=
########################################


########### 04-06-2011 07:40 ###########
User_amount		=> 1
User_comment		=> BASE64:
User_id		=> 221
User_tax		=> 0.03
WMI_AUTO_ACCEPT		=> 0
WMI_CREATE_DATE		=> 2011-06-02 21:50:26
WMI_CURRENCY_ID		=> 643
WMI_DESCRIPTION		=> Пополнение счета пользователем №221 на сумму 1 у.е.
WMI_EXPIRED_DATE		=> 2011-09-02 21:50:26
WMI_FAIL_URL		=> http://countrypost.ru/syspay/showFail
WMI_LAST_NOTIFY_DATE		=> 2011-06-04 05:39:46
WMI_MERCHANT_ID		=> 103853778255
WMI_NOTIFY_COUNT		=> 58
WMI_ORDER_ID		=> 343042149029
WMI_ORDER_STATE		=> Processing
WMI_PAYMENT_AMOUNT		=> 30.00
WMI_PAYMENT_NO		=> 2212096
WMI_PAYMENT_TYPE		=> LiqPayRUB
WMI_SUCCESS_URL		=> http://countrypost.ru/syspay/showSuccess
WMI_TO_USER_ID		=> 164349817986
WMI_UPDATE_DATE		=> 2011-06-02 21:54:36
WMI_SIGNATURE		=> xyBMCztp4jMinpj9THZ6Dk5nG18=
########################################


########### 04-06-2011 07:41 ###########
User_amount		=> 1
User_comment		=> BASE64:
User_id		=> 221
User_tax		=> 0.03
WMI_AUTO_ACCEPT		=> 0
WMI_CREATE_DATE		=> 2011-06-02 19:53:12
WMI_CURRENCY_ID		=> 643
WMI_DESCRIPTION		=> Пополнение счета пользователем №221 на сумму 1 у.е.
WMI_EXPIRED_DATE		=> 2011-09-02 19:53:12
WMI_FAIL_URL		=> http://countrypost.ru/syspay/showFail
WMI_LAST_NOTIFY_DATE		=> 2011-06-04 05:40:48
WMI_MERCHANT_ID		=> 103853778255
WMI_NOTIFY_COUNT		=> 59
WMI_ORDER_ID		=> 343042069805
WMI_ORDER_STATE		=> Processing
WMI_PAYMENT_AMOUNT		=> 30.00
WMI_PAYMENT_NO		=> 2212083
WMI_PAYMENT_TYPE		=> WalletOneRUB
WMI_SUCCESS_URL		=> http://countrypost.ru/syspay/showSuccess
WMI_TO_USER_ID		=> 164349817986
WMI_UPDATE_DATE		=> 2011-06-02 19:53:28
WMI_SIGNATURE		=> xlvbw21vbQqlvj5pckaqA6wh720=
########################################


########### 04-06-2011 09:41 ###########
User_amount		=> 1
User_comment		=> BASE64:
User_id		=> 221
User_tax		=> 0.03
WMI_AUTO_ACCEPT		=> 0
WMI_CREATE_DATE		=> 2011-06-02 21:50:26
WMI_CURRENCY_ID		=> 643
WMI_DESCRIPTION		=> Пополнение счета пользователем №221 на сумму 1 у.е.
WMI_EXPIRED_DATE		=> 2011-09-02 21:50:26
WMI_FAIL_URL		=> http://countrypost.ru/syspay/showFail
WMI_LAST_NOTIFY_DATE		=> 2011-06-04 07:40:26
WMI_MERCHANT_ID		=> 103853778255
WMI_NOTIFY_COUNT		=> 59
WMI_ORDER_ID		=> 343042149029
WMI_ORDER_STATE		=> Processing
WMI_PAYMENT_AMOUNT		=> 30.00
WMI_PAYMENT_NO		=> 2212096
WMI_PAYMENT_TYPE		=> LiqPayRUB
WMI_SUCCESS_URL		=> http://countrypost.ru/syspay/showSuccess
WMI_TO_USER_ID		=> 164349817986
WMI_UPDATE_DATE		=> 2011-06-02 21:54:36
WMI_SIGNATURE		=> a2uhQHis5gnYLbl4AswkE3D/9Yw=
########################################


########### 04-06-2011 09:42 ###########
User_amount		=> 1
User_comment		=> BASE64:
User_id		=> 221
User_tax		=> 0.03
WMI_AUTO_ACCEPT		=> 0
WMI_CREATE_DATE		=> 2011-06-02 19:53:12
WMI_CURRENCY_ID		=> 643
WMI_DESCRIPTION		=> Пополнение счета пользователем №221 на сумму 1 у.е.
WMI_EXPIRED_DATE		=> 2011-09-02 19:53:12
WMI_FAIL_URL		=> http://countrypost.ru/syspay/showFail
WMI_LAST_NOTIFY_DATE		=> 2011-06-04 07:41:28
WMI_MERCHANT_ID		=> 103853778255
WMI_NOTIFY_COUNT		=> 60
WMI_ORDER_ID		=> 343042069805
WMI_ORDER_STATE		=> Processing
WMI_PAYMENT_AMOUNT		=> 30.00
WMI_PAYMENT_NO		=> 2212083
WMI_PAYMENT_TYPE		=> WalletOneRUB
WMI_SUCCESS_URL		=> http://countrypost.ru/syspay/showSuccess
WMI_TO_USER_ID		=> 164349817986
WMI_UPDATE_DATE		=> 2011-06-02 19:53:28
WMI_SIGNATURE		=> W99o/O/gtzaduMdiXR1Q385Ad84=
########################################


########### 04-06-2011 11:41 ###########
User_amount		=> 1
User_comment		=> BASE64:
User_id		=> 221
User_tax		=> 0.03
WMI_AUTO_ACCEPT		=> 0
WMI_CREATE_DATE		=> 2011-06-02 21:50:26
WMI_CURRENCY_ID		=> 643
WMI_DESCRIPTION		=> Пополнение счета пользователем №221 на сумму 1 у.е.
WMI_EXPIRED_DATE		=> 2011-09-02 21:50:26
WMI_FAIL_URL		=> http://countrypost.ru/syspay/showFail
WMI_LAST_NOTIFY_DATE		=> 2011-06-04 09:40:27
WMI_MERCHANT_ID		=> 103853778255
WMI_NOTIFY_COUNT		=> 60
WMI_ORDER_ID		=> 343042149029
WMI_ORDER_STATE		=> Processing
WMI_PAYMENT_AMOUNT		=> 30.00
WMI_PAYMENT_NO		=> 2212096
WMI_PAYMENT_TYPE		=> LiqPayRUB
WMI_SUCCESS_URL		=> http://countrypost.ru/syspay/showSuccess
WMI_TO_USER_ID		=> 164349817986
WMI_UPDATE_DATE		=> 2011-06-02 21:54:36
WMI_SIGNATURE		=> 2t+C2PvAiYaVgara/EPJFGPVTz8=
########################################


########### 04-06-2011 11:43 ###########
User_amount		=> 1
User_comment		=> BASE64:
User_id		=> 221
User_tax		=> 0.03
WMI_AUTO_ACCEPT		=> 0
WMI_CREATE_DATE		=> 2011-06-02 19:53:12
WMI_CURRENCY_ID		=> 643
WMI_DESCRIPTION		=> Пополнение счета пользователем №221 на сумму 1 у.е.
WMI_EXPIRED_DATE		=> 2011-09-02 19:53:12
WMI_FAIL_URL		=> http://countrypost.ru/syspay/showFail
WMI_LAST_NOTIFY_DATE		=> 2011-06-04 09:42:29
WMI_MERCHANT_ID		=> 103853778255
WMI_NOTIFY_COUNT		=> 61
WMI_ORDER_ID		=> 343042069805
WMI_ORDER_STATE		=> Processing
WMI_PAYMENT_AMOUNT		=> 30.00
WMI_PAYMENT_NO		=> 2212083
WMI_PAYMENT_TYPE		=> WalletOneRUB
WMI_SUCCESS_URL		=> http://countrypost.ru/syspay/showSuccess
WMI_TO_USER_ID		=> 164349817986
WMI_UPDATE_DATE		=> 2011-06-02 19:53:28
WMI_SIGNATURE		=> q2f0eX2pB2iXofD7UaLNsW+cr30=
########################################


########### 04-06-2011 13:42 ###########
User_amount		=> 1
User_comment		=> BASE64:
User_id		=> 221
User_tax		=> 0.03
WMI_AUTO_ACCEPT		=> 0
WMI_CREATE_DATE		=> 2011-06-02 21:50:26
WMI_CURRENCY_ID		=> 643
WMI_DESCRIPTION		=> Пополнение счета пользователем №221 на сумму 1 у.е.
WMI_EXPIRED_DATE		=> 2011-09-02 21:50:26
WMI_FAIL_URL		=> http://countrypost.ru/syspay/showFail
WMI_LAST_NOTIFY_DATE		=> 2011-06-04 11:41:14
WMI_MERCHANT_ID		=> 103853778255
WMI_NOTIFY_COUNT		=> 61
WMI_ORDER_ID		=> 343042149029
WMI_ORDER_STATE		=> Processing
WMI_PAYMENT_AMOUNT		=> 30.00
WMI_PAYMENT_NO		=> 2212096
WMI_PAYMENT_TYPE		=> LiqPayRUB
WMI_SUCCESS_URL		=> http://countrypost.ru/syspay/showSuccess
WMI_TO_USER_ID		=> 164349817986
WMI_UPDATE_DATE		=> 2011-06-02 21:54:36
WMI_SIGNATURE		=> Jj7kAa9LTROc8X5a17UyyrN5QDU=
########################################


########### 04-06-2011 13:44 ###########
User_amount		=> 1
User_comment		=> BASE64:
User_id		=> 221
User_tax		=> 0.03
WMI_AUTO_ACCEPT		=> 0
WMI_CREATE_DATE		=> 2011-06-02 19:53:12
WMI_CURRENCY_ID		=> 643
WMI_DESCRIPTION		=> Пополнение счета пользователем №221 на сумму 1 у.е.
WMI_EXPIRED_DATE		=> 2011-09-02 19:53:12
WMI_FAIL_URL		=> http://countrypost.ru/syspay/showFail
WMI_LAST_NOTIFY_DATE		=> 2011-06-04 11:43:17
WMI_MERCHANT_ID		=> 103853778255
WMI_NOTIFY_COUNT		=> 62
WMI_ORDER_ID		=> 343042069805
WMI_ORDER_STATE		=> Processing
WMI_PAYMENT_AMOUNT		=> 30.00
WMI_PAYMENT_NO		=> 2212083
WMI_PAYMENT_TYPE		=> WalletOneRUB
WMI_SUCCESS_URL		=> http://countrypost.ru/syspay/showSuccess
WMI_TO_USER_ID		=> 164349817986
WMI_UPDATE_DATE		=> 2011-06-02 19:53:28
WMI_SIGNATURE		=> cxg8MAtoqjH1Qed/POAz5OCL9Vk=
########################################


########### 04-06-2011 15:42 ###########
User_amount		=> 1
User_comment		=> BASE64:
User_id		=> 221
User_tax		=> 0.03
WMI_AUTO_ACCEPT		=> 0
WMI_CREATE_DATE		=> 2011-06-02 21:50:26
WMI_CURRENCY_ID		=> 643
WMI_DESCRIPTION		=> Пополнение счета пользователем №221 на сумму 1 у.е.
WMI_EXPIRED_DATE		=> 2011-09-02 21:50:26
WMI_FAIL_URL		=> http://countrypost.ru/syspay/showFail
WMI_LAST_NOTIFY_DATE		=> 2011-06-04 13:41:48
WMI_MERCHANT_ID		=> 103853778255
WMI_NOTIFY_COUNT		=> 62
WMI_ORDER_ID		=> 343042149029
WMI_ORDER_STATE		=> Processing
WMI_PAYMENT_AMOUNT		=> 30.00
WMI_PAYMENT_NO		=> 2212096
WMI_PAYMENT_TYPE		=> LiqPayRUB
WMI_SUCCESS_URL		=> http://countrypost.ru/syspay/showSuccess
WMI_TO_USER_ID		=> 164349817986
WMI_UPDATE_DATE		=> 2011-06-02 21:54:36
WMI_SIGNATURE		=> F9J3xGvo/dy1KQFGNxlmhBy58zM=
########################################


########### 04-06-2011 15:44 ###########
User_amount		=> 1
User_comment		=> BASE64:
User_id		=> 221
User_tax		=> 0.03
WMI_AUTO_ACCEPT		=> 0
WMI_CREATE_DATE		=> 2011-06-02 19:53:12
WMI_CURRENCY_ID		=> 643
WMI_DESCRIPTION		=> Пополнение счета пользователем №221 на сумму 1 у.е.
WMI_EXPIRED_DATE		=> 2011-09-02 19:53:12
WMI_FAIL_URL		=> http://countrypost.ru/syspay/showFail
WMI_LAST_NOTIFY_DATE		=> 2011-06-04 13:43:51
WMI_MERCHANT_ID		=> 103853778255
WMI_NOTIFY_COUNT		=> 63
WMI_ORDER_ID		=> 343042069805
WMI_ORDER_STATE		=> Processing
WMI_PAYMENT_AMOUNT		=> 30.00
WMI_PAYMENT_NO		=> 2212083
WMI_PAYMENT_TYPE		=> WalletOneRUB
WMI_SUCCESS_URL		=> http://countrypost.ru/syspay/showSuccess
WMI_TO_USER_ID		=> 164349817986
WMI_UPDATE_DATE		=> 2011-06-02 19:53:28
WMI_SIGNATURE		=> 7mdJ51AsNx57umgaTMU0jd8+zMw=
########################################


########### 04-06-2011 17:42 ###########
User_amount		=> 1
User_comment		=> BASE64:
User_id		=> 221
User_tax		=> 0.03
WMI_AUTO_ACCEPT		=> 0
WMI_CREATE_DATE		=> 2011-06-02 21:50:26
WMI_CURRENCY_ID		=> 643
WMI_DESCRIPTION		=> Пополнение счета пользователем №221 на сумму 1 у.е.
WMI_EXPIRED_DATE		=> 2011-09-02 21:50:26
WMI_FAIL_URL		=> http://countrypost.ru/syspay/showFail
WMI_LAST_NOTIFY_DATE		=> 2011-06-04 15:41:58
WMI_MERCHANT_ID		=> 103853778255
WMI_NOTIFY_COUNT		=> 63
WMI_ORDER_ID		=> 343042149029
WMI_ORDER_STATE		=> Processing
WMI_PAYMENT_AMOUNT		=> 30.00
WMI_PAYMENT_NO		=> 2212096
WMI_PAYMENT_TYPE		=> LiqPayRUB
WMI_SUCCESS_URL		=> http://countrypost.ru/syspay/showSuccess
WMI_TO_USER_ID		=> 164349817986
WMI_UPDATE_DATE		=> 2011-06-02 21:54:36
WMI_SIGNATURE		=> BbjfJ/ryi91Up3MvuNQEkJS9B1o=
########################################


########### 04-06-2011 17:44 ###########
User_amount		=> 1
User_comment		=> BASE64:
User_id		=> 221
User_tax		=> 0.03
WMI_AUTO_ACCEPT		=> 0
WMI_CREATE_DATE		=> 2011-06-02 19:53:12
WMI_CURRENCY_ID		=> 643
WMI_DESCRIPTION		=> Пополнение счета пользователем №221 на сумму 1 у.е.
WMI_EXPIRED_DATE		=> 2011-09-02 19:53:12
WMI_FAIL_URL		=> http://countrypost.ru/syspay/showFail
WMI_LAST_NOTIFY_DATE		=> 2011-06-04 15:44:00
WMI_MERCHANT_ID		=> 103853778255
WMI_NOTIFY_COUNT		=> 64
WMI_ORDER_ID		=> 343042069805
WMI_ORDER_STATE		=> Processing
WMI_PAYMENT_AMOUNT		=> 30.00
WMI_PAYMENT_NO		=> 2212083
WMI_PAYMENT_TYPE		=> WalletOneRUB
WMI_SUCCESS_URL		=> http://countrypost.ru/syspay/showSuccess
WMI_TO_USER_ID		=> 164349817986
WMI_UPDATE_DATE		=> 2011-06-02 19:53:28
WMI_SIGNATURE		=> LAwPW5Q+0sfK4jDdof3BHmkK6F4=
########################################


########### 04-06-2011 19:43 ###########
User_amount		=> 1
User_comment		=> BASE64:
User_id		=> 221
User_tax		=> 0.03
WMI_AUTO_ACCEPT		=> 0
WMI_CREATE_DATE		=> 2011-06-02 21:50:26
WMI_CURRENCY_ID		=> 643
WMI_DESCRIPTION		=> Пополнение счета пользователем №221 на сумму 1 у.е.
WMI_EXPIRED_DATE		=> 2011-09-02 21:50:26
WMI_FAIL_URL		=> http://countrypost.ru/syspay/showFail
WMI_LAST_NOTIFY_DATE		=> 2011-06-04 17:42:17
WMI_MERCHANT_ID		=> 103853778255
WMI_NOTIFY_COUNT		=> 64
WMI_ORDER_ID		=> 343042149029
WMI_ORDER_STATE		=> Processing
WMI_PAYMENT_AMOUNT		=> 30.00
WMI_PAYMENT_NO		=> 2212096
WMI_PAYMENT_TYPE		=> LiqPayRUB
WMI_SUCCESS_URL		=> http://countrypost.ru/syspay/showSuccess
WMI_TO_USER_ID		=> 164349817986
WMI_UPDATE_DATE		=> 2011-06-02 21:54:36
WMI_SIGNATURE		=> EG6RJ+XVuzhZrXQ7G5wUYjfdkMA=
########################################


########### 04-06-2011 19:45 ###########
User_amount		=> 1
User_comment		=> BASE64:
User_id		=> 221
User_tax		=> 0.03
WMI_AUTO_ACCEPT		=> 0
WMI_CREATE_DATE		=> 2011-06-02 19:53:12
WMI_CURRENCY_ID		=> 643
WMI_DESCRIPTION		=> Пополнение счета пользователем №221 на сумму 1 у.е.
WMI_EXPIRED_DATE		=> 2011-09-02 19:53:12
WMI_FAIL_URL		=> http://countrypost.ru/syspay/showFail
WMI_LAST_NOTIFY_DATE		=> 2011-06-04 17:44:19
WMI_MERCHANT_ID		=> 103853778255
WMI_NOTIFY_COUNT		=> 65
WMI_ORDER_ID		=> 343042069805
WMI_ORDER_STATE		=> Processing
WMI_PAYMENT_AMOUNT		=> 30.00
WMI_PAYMENT_NO		=> 2212083
WMI_PAYMENT_TYPE		=> WalletOneRUB
WMI_SUCCESS_URL		=> http://countrypost.ru/syspay/showSuccess
WMI_TO_USER_ID		=> 164349817986
WMI_UPDATE_DATE		=> 2011-06-02 19:53:28
WMI_SIGNATURE		=> c1q1lRUXN5oPUQfe1BHJe3bQCTE=
########################################


########### 04-06-2011 21:44 ###########
User_amount		=> 1
User_comment		=> BASE64:
User_id		=> 221
User_tax		=> 0.03
WMI_AUTO_ACCEPT		=> 0
WMI_CREATE_DATE		=> 2011-06-02 21:50:26
WMI_CURRENCY_ID		=> 643
WMI_DESCRIPTION		=> Пополнение счета пользователем №221 на сумму 1 у.е.
WMI_EXPIRED_DATE		=> 2011-09-02 21:50:26
WMI_FAIL_URL		=> http://countrypost.ru/syspay/showFail
WMI_LAST_NOTIFY_DATE		=> 2011-06-04 19:43:17
WMI_MERCHANT_ID		=> 103853778255
WMI_NOTIFY_COUNT		=> 65
WMI_ORDER_ID		=> 343042149029
WMI_ORDER_STATE		=> Processing
WMI_PAYMENT_AMOUNT		=> 30.00
WMI_PAYMENT_NO		=> 2212096
WMI_PAYMENT_TYPE		=> LiqPayRUB
WMI_SUCCESS_URL		=> http://countrypost.ru/syspay/showSuccess
WMI_TO_USER_ID		=> 164349817986
WMI_UPDATE_DATE		=> 2011-06-02 21:54:36
WMI_SIGNATURE		=> /NIfqg8vHbUYNDAhziaxh0TqFgo=
########################################


########### 04-06-2011 21:46 ###########
User_amount		=> 1
User_comment		=> BASE64:
User_id		=> 221
User_tax		=> 0.03
WMI_AUTO_ACCEPT		=> 0
WMI_CREATE_DATE		=> 2011-06-02 19:53:12
WMI_CURRENCY_ID		=> 643
WMI_DESCRIPTION		=> Пополнение счета пользователем №221 на сумму 1 у.е.
WMI_EXPIRED_DATE		=> 2011-09-02 19:53:12
WMI_FAIL_URL		=> http://countrypost.ru/syspay/showFail
WMI_LAST_NOTIFY_DATE		=> 2011-06-04 19:45:20
WMI_MERCHANT_ID		=> 103853778255
WMI_NOTIFY_COUNT		=> 66
WMI_ORDER_ID		=> 343042069805
WMI_ORDER_STATE		=> Processing
WMI_PAYMENT_AMOUNT		=> 30.00
WMI_PAYMENT_NO		=> 2212083
WMI_PAYMENT_TYPE		=> WalletOneRUB
WMI_SUCCESS_URL		=> http://countrypost.ru/syspay/showSuccess
WMI_TO_USER_ID		=> 164349817986
WMI_UPDATE_DATE		=> 2011-06-02 19:53:28
WMI_SIGNATURE		=> Kl7YcOpxt1bXBMsnciQXvJ8SMrc=
########################################


########### 04-06-2011 23:45 ###########
User_amount		=> 1
User_comment		=> BASE64:
User_id		=> 221
User_tax		=> 0.03
WMI_AUTO_ACCEPT		=> 0
WMI_CREATE_DATE		=> 2011-06-02 21:50:26
WMI_CURRENCY_ID		=> 643
WMI_DESCRIPTION		=> Пополнение счета пользователем №221 на сумму 1 у.е.
WMI_EXPIRED_DATE		=> 2011-09-02 21:50:26
WMI_FAIL_URL		=> http://countrypost.ru/syspay/showFail
WMI_LAST_NOTIFY_DATE		=> 2011-06-04 21:44:14
WMI_MERCHANT_ID		=> 103853778255
WMI_NOTIFY_COUNT		=> 66
WMI_ORDER_ID		=> 343042149029
WMI_ORDER_STATE		=> Processing
WMI_PAYMENT_AMOUNT		=> 30.00
WMI_PAYMENT_NO		=> 2212096
WMI_PAYMENT_TYPE		=> LiqPayRUB
WMI_SUCCESS_URL		=> http://countrypost.ru/syspay/showSuccess
WMI_TO_USER_ID		=> 164349817986
WMI_UPDATE_DATE		=> 2011-06-02 21:54:36
WMI_SIGNATURE		=> Xv/hVdcha8mCVxB/p9ZXVnticI0=
########################################


########### 04-06-2011 23:47 ###########
User_amount		=> 1
User_comment		=> BASE64:
User_id		=> 221
User_tax		=> 0.03
WMI_AUTO_ACCEPT		=> 0
WMI_CREATE_DATE		=> 2011-06-02 19:53:12
WMI_CURRENCY_ID		=> 643
WMI_DESCRIPTION		=> Пополнение счета пользователем №221 на сумму 1 у.е.
WMI_EXPIRED_DATE		=> 2011-09-02 19:53:12
WMI_FAIL_URL		=> http://countrypost.ru/syspay/showFail
WMI_LAST_NOTIFY_DATE		=> 2011-06-04 21:46:21
WMI_MERCHANT_ID		=> 103853778255
WMI_NOTIFY_COUNT		=> 67
WMI_ORDER_ID		=> 343042069805
WMI_ORDER_STATE		=> Processing
WMI_PAYMENT_AMOUNT		=> 30.00
WMI_PAYMENT_NO		=> 2212083
WMI_PAYMENT_TYPE		=> WalletOneRUB
WMI_SUCCESS_URL		=> http://countrypost.ru/syspay/showSuccess
WMI_TO_USER_ID		=> 164349817986
WMI_UPDATE_DATE		=> 2011-06-02 19:53:28
WMI_SIGNATURE		=> XG5PY1qP2/78L+7QeYKNDZQ0wrc=
########################################


