########### 14-10-2011 16:41 ###########
User_amount		=> 181
User_comment		=> BASE64:
User_id		=> 76
User_tax		=> 5.43
WMI_AUTO_ACCEPT		=> 0
WMI_CREATE_DATE		=> 2011-08-17 10:29:38
WMI_CURRENCY_ID		=> 643
WMI_DESCRIPTION		=> Пополнение счета пользователем №76 на сумму 175 у.е.
WMI_EXPIRED_DATE		=> 2011-11-17 10:29:38
WMI_FAIL_URL		=> http://countrypost.ru/syspay/showFail
WMI_LAST_NOTIFY_DATE		=> 2011-10-14 14:40:10
WMI_MERCHANT_ID		=> 103853778255
WMI_NOTIFY_COUNT		=> 1
WMI_ORDER_ID		=> 343083832022
WMI_ORDER_STATE		=> Processing
WMI_PAYMENT_AMOUNT		=> 5976.00
WMI_PAYMENT_NO		=> 762094
WMI_PAYMENT_TYPE		=> WalletOneRUB
WMI_SUCCESS_URL		=> http://countrypost.ru/syspay/showSuccess
WMI_TO_USER_ID		=> 183900216646
WMI_UPDATE_DATE		=> 2011-10-14 14:40:08
WMI_SIGNATURE		=> b2ThBh4W8aMG7CBJcW49XT9UBQQ=
########################################


########### 14-10-2011 16:41 ###########
User_amount		=> 181
User_comment		=> BASE64:
User_id		=> 76
User_tax		=> 5.43
WMI_AUTO_ACCEPT		=> 0
WMI_CREATE_DATE		=> 2011-08-17 10:29:38
WMI_CURRENCY_ID		=> 643
WMI_DESCRIPTION		=> Пополнение счета пользователем №76 на сумму 175 у.е.
WMI_EXPIRED_DATE		=> 2011-11-17 10:29:38
WMI_FAIL_URL		=> http://countrypost.ru/syspay/showFail
WMI_LAST_NOTIFY_DATE		=> 2011-10-14 14:40:10
WMI_MERCHANT_ID		=> 103853778255
WMI_NOTIFY_COUNT		=> 1
WMI_ORDER_ID		=> 343083832022
WMI_ORDER_STATE		=> Processing
WMI_PAYMENT_AMOUNT		=> 5976.00
WMI_PAYMENT_NO		=> 762094
WMI_PAYMENT_TYPE		=> WalletOneRUB
WMI_SUCCESS_URL		=> http://countrypost.ru/syspay/showSuccess
WMI_TO_USER_ID		=> 183900216646
WMI_UPDATE_DATE		=> 2011-10-14 14:40:08
WMI_SIGNATURE		=> b2ThBh4W8aMG7CBJcW49XT9UBQQ=
Answer:"WMI_RESULT=OK&WMI_DESCRIPTION=%D0%97%D0%B0%D0%BA%D0%B0%D0%B7+%23762094+%D0%BE%D0%BF%D0%BB%D0%B0%D1%87%D0%B5%D0%BD%21"
Decoded Desc:"Р—Р°РєР°Р· #762094 РѕРїР»Р°С‡РµРЅ!"
########################################


