########### 17-08-2011 08:53 ###########
User_amount		=> 150
User_comment		=> BASE64:
User_id		=> 129
User_tax		=> 4.5
WMI_AUTO_ACCEPT		=> 0
WMI_CREATE_DATE		=> 2011-08-17 06:45:37
WMI_CURRENCY_ID		=> 643
WMI_DESCRIPTION		=> Пополнение счета пользователем №129 на сумму 150 у.е.
WMI_EXPIRED_DATE		=> 2011-11-17 06:45:37
WMI_FAIL_URL		=> http://countrypost.ru/syspay/showFail
WMI_LAST_NOTIFY_DATE		=> 2011-08-17 06:52:10
WMI_MERCHANT_ID		=> 103853778255
WMI_NOTIFY_COUNT		=> 1
WMI_ORDER_ID		=> 343083699875
WMI_ORDER_STATE		=> Processing
WMI_PAYMENT_AMOUNT		=> 4478.00
WMI_PAYMENT_NO		=> 1292102
WMI_PAYMENT_TYPE		=> LiqPayUSD
WMI_SUCCESS_URL		=> http://countrypost.ru/syspay/showSuccess
WMI_TO_USER_ID		=> 111018776570
WMI_UPDATE_DATE		=> 2011-08-17 06:52:06
WMI_SIGNATURE		=> 863pVH5/x1mJV37keDlygkUjpNk=
########################################


########### 17-08-2011 08:53 ###########
User_amount		=> 150
User_comment		=> BASE64:
User_id		=> 129
User_tax		=> 4.5
WMI_AUTO_ACCEPT		=> 0
WMI_CREATE_DATE		=> 2011-08-17 06:45:37
WMI_CURRENCY_ID		=> 643
WMI_DESCRIPTION		=> Пополнение счета пользователем №129 на сумму 150 у.е.
WMI_EXPIRED_DATE		=> 2011-11-17 06:45:37
WMI_FAIL_URL		=> http://countrypost.ru/syspay/showFail
WMI_LAST_NOTIFY_DATE		=> 2011-08-17 06:52:10
WMI_MERCHANT_ID		=> 103853778255
WMI_NOTIFY_COUNT		=> 1
WMI_ORDER_ID		=> 343083699875
WMI_ORDER_STATE		=> Processing
WMI_PAYMENT_AMOUNT		=> 4478.00
WMI_PAYMENT_NO		=> 1292102
WMI_PAYMENT_TYPE		=> LiqPayUSD
WMI_SUCCESS_URL		=> http://countrypost.ru/syspay/showSuccess
WMI_TO_USER_ID		=> 111018776570
WMI_UPDATE_DATE		=> 2011-08-17 06:52:06
WMI_SIGNATURE		=> 863pVH5/x1mJV37keDlygkUjpNk=
Answer:"WMI_RESULT=OK&WMI_DESCRIPTION=%D0%97%D0%B0%D0%BA%D0%B0%D0%B7+%231292102+%D0%BE%D0%BF%D0%BB%D0%B0%D1%87%D0%B5%D0%BD%21"
Decoded Desc:"Р—Р°РєР°Р· #1292102 РѕРїР»Р°С‡РµРЅ!"
########################################


########### 17-08-2011 12:46 ###########
User_amount		=> 170
User_comment		=> BASE64:
User_id		=> 76
User_tax		=> 5.1
WMI_AUTO_ACCEPT		=> 0
WMI_CREATE_DATE		=> 2011-08-17 10:11:59
WMI_CURRENCY_ID		=> 643
WMI_DESCRIPTION		=> Пополнение счета пользователем №76 на сумму 170 у.е.
WMI_EXPIRED_DATE		=> 2011-11-17 10:11:59
WMI_FAIL_URL		=> http://countrypost.ru/syspay/showFail
WMI_LAST_NOTIFY_DATE		=> 2011-08-17 10:44:20
WMI_MERCHANT_ID		=> 103853778255
WMI_NOTIFY_COUNT		=> 1
WMI_ORDER_ID		=> 343083876749
WMI_ORDER_STATE		=> Processing
WMI_PAYMENT_AMOUNT		=> 5108.00
WMI_PAYMENT_NO		=> 762099
WMI_PAYMENT_TYPE		=> LiqPayUSD
WMI_SUCCESS_URL		=> http://countrypost.ru/syspay/showSuccess
WMI_TO_USER_ID		=> 183900216646
WMI_UPDATE_DATE		=> 2011-08-17 10:44:19
WMI_SIGNATURE		=> rWFW6e9d3bAMbuNfWol6LtKqKPg=
########################################


########### 17-08-2011 12:46 ###########
User_amount		=> 170
User_comment		=> BASE64:
User_id		=> 76
User_tax		=> 5.1
WMI_AUTO_ACCEPT		=> 0
WMI_CREATE_DATE		=> 2011-08-17 10:11:59
WMI_CURRENCY_ID		=> 643
WMI_DESCRIPTION		=> Пополнение счета пользователем №76 на сумму 170 у.е.
WMI_EXPIRED_DATE		=> 2011-11-17 10:11:59
WMI_FAIL_URL		=> http://countrypost.ru/syspay/showFail
WMI_LAST_NOTIFY_DATE		=> 2011-08-17 10:44:20
WMI_MERCHANT_ID		=> 103853778255
WMI_NOTIFY_COUNT		=> 1
WMI_ORDER_ID		=> 343083876749
WMI_ORDER_STATE		=> Processing
WMI_PAYMENT_AMOUNT		=> 5108.00
WMI_PAYMENT_NO		=> 762099
WMI_PAYMENT_TYPE		=> LiqPayUSD
WMI_SUCCESS_URL		=> http://countrypost.ru/syspay/showSuccess
WMI_TO_USER_ID		=> 183900216646
WMI_UPDATE_DATE		=> 2011-08-17 10:44:19
WMI_SIGNATURE		=> rWFW6e9d3bAMbuNfWol6LtKqKPg=
Answer:"WMI_RESULT=OK&WMI_DESCRIPTION=%D0%97%D0%B0%D0%BA%D0%B0%D0%B7+%23762099+%D0%BE%D0%BF%D0%BB%D0%B0%D1%87%D0%B5%D0%BD%21"
Decoded Desc:"Р—Р°РєР°Р· #762099 РѕРїР»Р°С‡РµРЅ!"
########################################


########### 17-08-2011 22:59 ###########
User_amount		=> 300
User_comment		=> BASE64:
User_id		=> 129
User_tax		=> 9
WMI_AUTO_ACCEPT		=> 0
WMI_CREATE_DATE		=> 2011-08-17 20:47:59
WMI_CURRENCY_ID		=> 643
WMI_DESCRIPTION		=> Пополнение счета пользователем №129 на сумму 300 у.е.
WMI_EXPIRED_DATE		=> 2011-11-17 20:47:59
WMI_FAIL_URL		=> http://countrypost.ru/syspay/showFail
WMI_LAST_NOTIFY_DATE		=> 2011-08-17 20:57:43
WMI_MERCHANT_ID		=> 103853778255
WMI_NOTIFY_COUNT		=> 1
WMI_ORDER_ID		=> 343083366664
WMI_ORDER_STATE		=> Processing
WMI_PAYMENT_AMOUNT		=> 8909.00
WMI_PAYMENT_NO		=> 1292149
WMI_PAYMENT_TYPE		=> LiqPayUSD
WMI_SUCCESS_URL		=> http://countrypost.ru/syspay/showSuccess
WMI_TO_USER_ID		=> 111018776570
WMI_UPDATE_DATE		=> 2011-08-17 20:57:39
WMI_SIGNATURE		=> uD4K28o66MAdLJoXROlkY7hm5z4=
########################################


########### 17-08-2011 22:59 ###########
User_amount		=> 300
User_comment		=> BASE64:
User_id		=> 129
User_tax		=> 9
WMI_AUTO_ACCEPT		=> 0
WMI_CREATE_DATE		=> 2011-08-17 20:47:59
WMI_CURRENCY_ID		=> 643
WMI_DESCRIPTION		=> Пополнение счета пользователем №129 на сумму 300 у.е.
WMI_EXPIRED_DATE		=> 2011-11-17 20:47:59
WMI_FAIL_URL		=> http://countrypost.ru/syspay/showFail
WMI_LAST_NOTIFY_DATE		=> 2011-08-17 20:57:43
WMI_MERCHANT_ID		=> 103853778255
WMI_NOTIFY_COUNT		=> 1
WMI_ORDER_ID		=> 343083366664
WMI_ORDER_STATE		=> Processing
WMI_PAYMENT_AMOUNT		=> 8909.00
WMI_PAYMENT_NO		=> 1292149
WMI_PAYMENT_TYPE		=> LiqPayUSD
WMI_SUCCESS_URL		=> http://countrypost.ru/syspay/showSuccess
WMI_TO_USER_ID		=> 111018776570
WMI_UPDATE_DATE		=> 2011-08-17 20:57:39
WMI_SIGNATURE		=> uD4K28o66MAdLJoXROlkY7hm5z4=
Answer:"WMI_RESULT=OK&WMI_DESCRIPTION=%D0%97%D0%B0%D0%BA%D0%B0%D0%B7+%231292149+%D0%BE%D0%BF%D0%BB%D0%B0%D1%87%D0%B5%D0%BD%21"
Decoded Desc:"Р—Р°РєР°Р· #1292149 РѕРїР»Р°С‡РµРЅ!"
########################################


