########### 14-07-2011 10:30 ###########
User_amount		=> 10
User_comment		=> BASE64:
User_id		=> 76
User_tax		=> 0.3
WMI_AUTO_ACCEPT		=> 0
WMI_CREATE_DATE		=> 2011-07-14 08:26:17
WMI_CURRENCY_ID		=> 643
WMI_DESCRIPTION		=> Пополнение счета пользователем №76 на сумму 10 у.е.
WMI_EXPIRED_DATE		=> 2011-10-14 08:26:17
WMI_FAIL_URL		=> http://countrypost.ru/syspay/showFail
WMI_LAST_NOTIFY_DATE		=> 2011-07-14 08:29:36
WMI_MERCHANT_ID		=> 103853778255
WMI_NOTIFY_COUNT		=> 1
WMI_ORDER_ID		=> 343126793847
WMI_ORDER_STATE		=> Processing
WMI_PAYMENT_AMOUNT		=> 293.00
WMI_PAYMENT_NO		=> 762084
WMI_PAYMENT_TYPE		=> WalletOneRUB
WMI_SUCCESS_URL		=> http://countrypost.ru/syspay/showSuccess
WMI_TO_USER_ID		=> 183900216646
WMI_UPDATE_DATE		=> 2011-07-14 08:29:32
WMI_SIGNATURE		=> VYSL+O9SV8k4kq5iX2+Z+2acz5o=
########################################


########### 14-07-2011 10:30 ###########
User_amount		=> 10
User_comment		=> BASE64:
User_id		=> 76
User_tax		=> 0.3
WMI_AUTO_ACCEPT		=> 0
WMI_CREATE_DATE		=> 2011-07-14 08:26:17
WMI_CURRENCY_ID		=> 643
WMI_DESCRIPTION		=> Пополнение счета пользователем №76 на сумму 10 у.е.
WMI_EXPIRED_DATE		=> 2011-10-14 08:26:17
WMI_FAIL_URL		=> http://countrypost.ru/syspay/showFail
WMI_LAST_NOTIFY_DATE		=> 2011-07-14 08:29:36
WMI_MERCHANT_ID		=> 103853778255
WMI_NOTIFY_COUNT		=> 1
WMI_ORDER_ID		=> 343126793847
WMI_ORDER_STATE		=> Processing
WMI_PAYMENT_AMOUNT		=> 293.00
WMI_PAYMENT_NO		=> 762084
WMI_PAYMENT_TYPE		=> WalletOneRUB
WMI_SUCCESS_URL		=> http://countrypost.ru/syspay/showSuccess
WMI_TO_USER_ID		=> 183900216646
WMI_UPDATE_DATE		=> 2011-07-14 08:29:32
WMI_SIGNATURE		=> VYSL+O9SV8k4kq5iX2+Z+2acz5o=
Answer:"WMI_RESULT=OK&WMI_DESCRIPTION=%C7%E0%EA%E0%E7+%23762084+%EE%EF%EB%E0%F7%E5%ED%21"
Decoded Desc:"Заказ #762084 оплачен!"
########################################


