########### 13-10-2011 17:03 ###########
User_amount		=> 172
User_comment		=> BASE64:
User_id		=> 76
User_tax		=> 5.16
WMI_AUTO_ACCEPT		=> 0
WMI_CREATE_DATE		=> 2011-10-13 15:02:49
WMI_CURRENCY_ID		=> 643
WMI_DESCRIPTION		=> Пополнение счета пользователем №76 на сумму 172 у.е.
WMI_EXPIRED_DATE		=> 2012-01-13 15:02:49
WMI_FAIL_URL		=> http://countrypost.ru/syspay/showFail
WMI_LAST_NOTIFY_DATE		=> 2011-10-13 15:03:17
WMI_MERCHANT_ID		=> 103853778255
WMI_NOTIFY_COUNT		=> 1
WMI_ORDER_ID		=> 343350406420
WMI_ORDER_STATE		=> Processing
WMI_PAYMENT_AMOUNT		=> 5678.00
WMI_PAYMENT_NO		=> 762055
WMI_PAYMENT_TYPE		=> WalletOneRUB
WMI_SUCCESS_URL		=> http://countrypost.ru/syspay/showSuccess
WMI_TO_USER_ID		=> 183900216646
WMI_UPDATE_DATE		=> 2011-10-13 15:03:17
WMI_SIGNATURE		=> GurwWJMIw1O8Jqq1NSOlNmAlejo=
########################################


########### 13-10-2011 17:03 ###########
User_amount		=> 172
User_comment		=> BASE64:
User_id		=> 76
User_tax		=> 5.16
WMI_AUTO_ACCEPT		=> 0
WMI_CREATE_DATE		=> 2011-10-13 15:02:49
WMI_CURRENCY_ID		=> 643
WMI_DESCRIPTION		=> Пополнение счета пользователем №76 на сумму 172 у.е.
WMI_EXPIRED_DATE		=> 2012-01-13 15:02:49
WMI_FAIL_URL		=> http://countrypost.ru/syspay/showFail
WMI_LAST_NOTIFY_DATE		=> 2011-10-13 15:03:17
WMI_MERCHANT_ID		=> 103853778255
WMI_NOTIFY_COUNT		=> 1
WMI_ORDER_ID		=> 343350406420
WMI_ORDER_STATE		=> Processing
WMI_PAYMENT_AMOUNT		=> 5678.00
WMI_PAYMENT_NO		=> 762055
WMI_PAYMENT_TYPE		=> WalletOneRUB
WMI_SUCCESS_URL		=> http://countrypost.ru/syspay/showSuccess
WMI_TO_USER_ID		=> 183900216646
WMI_UPDATE_DATE		=> 2011-10-13 15:03:17
WMI_SIGNATURE		=> GurwWJMIw1O8Jqq1NSOlNmAlejo=
Answer:"WMI_RESULT=OK&WMI_DESCRIPTION=%D0%97%D0%B0%D0%BA%D0%B0%D0%B7+%23762055+%D0%BE%D0%BF%D0%BB%D0%B0%D1%87%D0%B5%D0%BD%21"
Decoded Desc:"Р—Р°РєР°Р· #762055 РѕРїР»Р°С‡РµРЅ!"
########################################


