########### 10-08-2011 11:13 ###########
User_amount		=> 40
User_comment		=> BASE64:
User_id		=> 129
User_tax		=> 1.2
WMI_AUTO_ACCEPT		=> 0
WMI_CREATE_DATE		=> 2011-08-10 08:50:45
WMI_CURRENCY_ID		=> 643
WMI_DESCRIPTION		=> Пополнение счета пользователем №129 на сумму 40 у.е.
WMI_EXPIRED_DATE		=> 2011-11-10 08:50:45
WMI_FAIL_URL		=> http://countrypost.ru/syspay/showFail
WMI_LAST_NOTIFY_DATE		=> 2011-08-10 09:12:03
WMI_MERCHANT_ID		=> 103853778255
WMI_NOTIFY_COUNT		=> 1
WMI_ORDER_ID		=> 343089891910
WMI_ORDER_STATE		=> Processing
WMI_PAYMENT_AMOUNT		=> 1263.00
WMI_PAYMENT_NO		=> 1292100
WMI_PAYMENT_TYPE		=> LiqPayUSD
WMI_SUCCESS_URL		=> http://countrypost.ru/syspay/showSuccess
WMI_TO_USER_ID		=> 111018776570
WMI_UPDATE_DATE		=> 2011-08-10 09:12:01
WMI_SIGNATURE		=> LajxtzAdApSeZgJR4awhbEMFqdo=
########################################


########### 10-08-2011 11:13 ###########
User_amount		=> 40
User_comment		=> BASE64:
User_id		=> 129
User_tax		=> 1.2
WMI_AUTO_ACCEPT		=> 0
WMI_CREATE_DATE		=> 2011-08-10 08:50:45
WMI_CURRENCY_ID		=> 643
WMI_DESCRIPTION		=> Пополнение счета пользователем №129 на сумму 40 у.е.
WMI_EXPIRED_DATE		=> 2011-11-10 08:50:45
WMI_FAIL_URL		=> http://countrypost.ru/syspay/showFail
WMI_LAST_NOTIFY_DATE		=> 2011-08-10 09:12:03
WMI_MERCHANT_ID		=> 103853778255
WMI_NOTIFY_COUNT		=> 1
WMI_ORDER_ID		=> 343089891910
WMI_ORDER_STATE		=> Processing
WMI_PAYMENT_AMOUNT		=> 1263.00
WMI_PAYMENT_NO		=> 1292100
WMI_PAYMENT_TYPE		=> LiqPayUSD
WMI_SUCCESS_URL		=> http://countrypost.ru/syspay/showSuccess
WMI_TO_USER_ID		=> 111018776570
WMI_UPDATE_DATE		=> 2011-08-10 09:12:01
WMI_SIGNATURE		=> LajxtzAdApSeZgJR4awhbEMFqdo=
Answer:"WMI_RESULT=OK&WMI_DESCRIPTION=%C7%E0%EA%E0%E7+%231292100+%EE%EF%EB%E0%F7%E5%ED%21"
Decoded Desc:"Заказ #1292100 оплачен!"
########################################


