########### 25-08-2011 02:15 ###########
User_amount		=> 160
User_comment		=> BASE64:
User_id		=> 129
User_tax		=> 4.8
WMI_AUTO_ACCEPT		=> 0
WMI_CREATE_DATE		=> 2011-08-18 21:56:24
WMI_CURRENCY_ID		=> 643
WMI_DESCRIPTION		=> Пополнение счета пользователем №129 на сумму 160 у.е.
WMI_EXPIRED_DATE		=> 2011-11-18 21:56:24
WMI_FAIL_URL		=> http://countrypost.ru/syspay/showFail
WMI_LAST_NOTIFY_DATE		=> 2011-08-25 00:13:55
WMI_MERCHANT_ID		=> 103853778255
WMI_NOTIFY_COUNT		=> 95
WMI_ORDER_ID		=> 343082267865
WMI_ORDER_STATE		=> Processing
WMI_PAYMENT_AMOUNT		=> 4755.00
WMI_PAYMENT_NO		=> 1292162
WMI_PAYMENT_TYPE		=> LiqPayUSD
WMI_SUCCESS_URL		=> http://countrypost.ru/syspay/showSuccess
WMI_TO_USER_ID		=> 111018776570
WMI_UPDATE_DATE		=> 2011-08-18 22:14:10
WMI_SIGNATURE		=> Bi9TyRedtucKDVL/2vsJMF19VWc=
########################################


########### 25-08-2011 06:16 ###########
User_amount		=> 160
User_comment		=> BASE64:
User_id		=> 129
User_tax		=> 4.8
WMI_AUTO_ACCEPT		=> 0
WMI_CREATE_DATE		=> 2011-08-18 21:56:24
WMI_CURRENCY_ID		=> 643
WMI_DESCRIPTION		=> Пополнение счета пользователем №129 на сумму 160 у.е.
WMI_EXPIRED_DATE		=> 2011-11-18 21:56:24
WMI_FAIL_URL		=> http://countrypost.ru/syspay/showFail
WMI_LAST_NOTIFY_DATE		=> 2011-08-25 04:14:48
WMI_MERCHANT_ID		=> 103853778255
WMI_NOTIFY_COUNT		=> 96
WMI_ORDER_ID		=> 343082267865
WMI_ORDER_STATE		=> Processing
WMI_PAYMENT_AMOUNT		=> 4755.00
WMI_PAYMENT_NO		=> 1292162
WMI_PAYMENT_TYPE		=> LiqPayUSD
WMI_SUCCESS_URL		=> http://countrypost.ru/syspay/showSuccess
WMI_TO_USER_ID		=> 111018776570
WMI_UPDATE_DATE		=> 2011-08-18 22:14:10
WMI_SIGNATURE		=> U1U4CIQfr+rjrmxIF8sVG8Tvsv8=
########################################


########### 25-08-2011 10:17 ###########
User_amount		=> 160
User_comment		=> BASE64:
User_id		=> 129
User_tax		=> 4.8
WMI_AUTO_ACCEPT		=> 0
WMI_CREATE_DATE		=> 2011-08-18 21:56:24
WMI_CURRENCY_ID		=> 643
WMI_DESCRIPTION		=> Пополнение счета пользователем №129 на сумму 160 у.е.
WMI_EXPIRED_DATE		=> 2011-11-18 21:56:24
WMI_FAIL_URL		=> http://countrypost.ru/syspay/showFail
WMI_LAST_NOTIFY_DATE		=> 2011-08-25 08:15:49
WMI_MERCHANT_ID		=> 103853778255
WMI_NOTIFY_COUNT		=> 97
WMI_ORDER_ID		=> 343082267865
WMI_ORDER_STATE		=> Processing
WMI_PAYMENT_AMOUNT		=> 4755.00
WMI_PAYMENT_NO		=> 1292162
WMI_PAYMENT_TYPE		=> LiqPayUSD
WMI_SUCCESS_URL		=> http://countrypost.ru/syspay/showSuccess
WMI_TO_USER_ID		=> 111018776570
WMI_UPDATE_DATE		=> 2011-08-18 22:14:10
WMI_SIGNATURE		=> G4yfDOog9YC5172m9dkY5RgdU64=
########################################


########### 25-08-2011 14:17 ###########
User_amount		=> 160
User_comment		=> BASE64:
User_id		=> 129
User_tax		=> 4.8
WMI_AUTO_ACCEPT		=> 0
WMI_CREATE_DATE		=> 2011-08-18 21:56:24
WMI_CURRENCY_ID		=> 643
WMI_DESCRIPTION		=> Пополнение счета пользователем №129 на сумму 160 у.е.
WMI_EXPIRED_DATE		=> 2011-11-18 21:56:24
WMI_FAIL_URL		=> http://countrypost.ru/syspay/showFail
WMI_LAST_NOTIFY_DATE		=> 2011-08-25 12:16:08
WMI_MERCHANT_ID		=> 103853778255
WMI_NOTIFY_COUNT		=> 98
WMI_ORDER_ID		=> 343082267865
WMI_ORDER_STATE		=> Processing
WMI_PAYMENT_AMOUNT		=> 4755.00
WMI_PAYMENT_NO		=> 1292162
WMI_PAYMENT_TYPE		=> LiqPayUSD
WMI_SUCCESS_URL		=> http://countrypost.ru/syspay/showSuccess
WMI_TO_USER_ID		=> 111018776570
WMI_UPDATE_DATE		=> 2011-08-18 22:14:10
WMI_SIGNATURE		=> 3Uig2X99SFm4WtzL/ndbC9fSoI4=
########################################


########### 25-08-2011 18:18 ###########
User_amount		=> 160
User_comment		=> BASE64:
User_id		=> 129
User_tax		=> 4.8
WMI_AUTO_ACCEPT		=> 0
WMI_CREATE_DATE		=> 2011-08-18 21:56:24
WMI_CURRENCY_ID		=> 643
WMI_DESCRIPTION		=> Пополнение счета пользователем №129 на сумму 160 у.е.
WMI_EXPIRED_DATE		=> 2011-11-18 21:56:24
WMI_FAIL_URL		=> http://countrypost.ru/syspay/showFail
WMI_LAST_NOTIFY_DATE		=> 2011-08-25 16:17:06
WMI_MERCHANT_ID		=> 103853778255
WMI_NOTIFY_COUNT		=> 99
WMI_ORDER_ID		=> 343082267865
WMI_ORDER_STATE		=> Processing
WMI_PAYMENT_AMOUNT		=> 4755.00
WMI_PAYMENT_NO		=> 1292162
WMI_PAYMENT_TYPE		=> LiqPayUSD
WMI_SUCCESS_URL		=> http://countrypost.ru/syspay/showSuccess
WMI_TO_USER_ID		=> 111018776570
WMI_UPDATE_DATE		=> 2011-08-18 22:14:10
WMI_SIGNATURE		=> NH+8aI43+6/ExPYYy3+F67dE5JI=
########################################


########### 25-08-2011 22:19 ###########
User_amount		=> 160
User_comment		=> BASE64:
User_id		=> 129
User_tax		=> 4.8
WMI_AUTO_ACCEPT		=> 0
WMI_CREATE_DATE		=> 2011-08-18 21:56:24
WMI_CURRENCY_ID		=> 643
WMI_DESCRIPTION		=> Пополнение счета пользователем №129 на сумму 160 у.е.
WMI_EXPIRED_DATE		=> 2011-11-18 21:56:24
WMI_FAIL_URL		=> http://countrypost.ru/syspay/showFail
WMI_LAST_NOTIFY_DATE		=> 2011-08-25 20:17:13
WMI_MERCHANT_ID		=> 103853778255
WMI_NOTIFY_COUNT		=> 100
WMI_ORDER_ID		=> 343082267865
WMI_ORDER_STATE		=> Processing
WMI_PAYMENT_AMOUNT		=> 4755.00
WMI_PAYMENT_NO		=> 1292162
WMI_PAYMENT_TYPE		=> LiqPayUSD
WMI_SUCCESS_URL		=> http://countrypost.ru/syspay/showSuccess
WMI_TO_USER_ID		=> 111018776570
WMI_UPDATE_DATE		=> 2011-08-18 22:14:10
WMI_SIGNATURE		=> MyZ14r2kG54nDUBZstkZnXVZnXY=
########################################


