########### 27-08-2011 00:16 ###########
User_amount		=> 160
User_comment		=> BASE64:
User_id		=> 129
User_tax		=> 4.8
WMI_AUTO_ACCEPT		=> 0
WMI_CREATE_DATE		=> 2011-08-18 21:56:24
WMI_CURRENCY_ID		=> 643
WMI_DESCRIPTION		=> Пополнение счета пользователем №129 на сумму 160 у.е.
WMI_EXPIRED_DATE		=> 2011-11-18 21:56:24
WMI_FAIL_URL		=> http://countrypost.ru/syspay/showFail
WMI_LAST_NOTIFY_DATE		=> 2011-08-26 22:14:58
WMI_MERCHANT_ID		=> 103853778255
WMI_NOTIFY_COUNT		=> 48
WMI_ORDER_ID		=> 343082267865
WMI_ORDER_STATE		=> Processing
WMI_PAYMENT_AMOUNT		=> 4755.00
WMI_PAYMENT_NO		=> 1292162
WMI_PAYMENT_TYPE		=> LiqPayUSD
WMI_SUCCESS_URL		=> http://countrypost.ru/syspay/showSuccess
WMI_TO_USER_ID		=> 111018776570
WMI_UPDATE_DATE		=> 2011-08-26 07:40:49
WMI_SIGNATURE		=> QbUC2t4zYfkNzslM/hwIn464thg=
########################################


########### 27-08-2011 00:46 ###########
User_amount		=> 160
User_comment		=> BASE64:
User_id		=> 129
User_tax		=> 4.8
WMI_AUTO_ACCEPT		=> 0
WMI_CREATE_DATE		=> 2011-08-18 21:56:24
WMI_CURRENCY_ID		=> 643
WMI_DESCRIPTION		=> Пополнение счета пользователем №129 на сумму 160 у.е.
WMI_EXPIRED_DATE		=> 2011-11-18 21:56:24
WMI_FAIL_URL		=> http://countrypost.ru/syspay/showFail
WMI_LAST_NOTIFY_DATE		=> 2011-08-26 22:45:04
WMI_MERCHANT_ID		=> 103853778255
WMI_NOTIFY_COUNT		=> 49
WMI_ORDER_ID		=> 343082267865
WMI_ORDER_STATE		=> Processing
WMI_PAYMENT_AMOUNT		=> 4755.00
WMI_PAYMENT_NO		=> 1292162
WMI_PAYMENT_TYPE		=> LiqPayUSD
WMI_SUCCESS_URL		=> http://countrypost.ru/syspay/showSuccess
WMI_TO_USER_ID		=> 111018776570
WMI_UPDATE_DATE		=> 2011-08-26 07:40:49
WMI_SIGNATURE		=> dShZyrfEf6mz7IgBAhkGOcTsmxk=
########################################


########### 27-08-2011 01:16 ###########
User_amount		=> 160
User_comment		=> BASE64:
User_id		=> 129
User_tax		=> 4.8
WMI_AUTO_ACCEPT		=> 0
WMI_CREATE_DATE		=> 2011-08-18 21:56:24
WMI_CURRENCY_ID		=> 643
WMI_DESCRIPTION		=> Пополнение счета пользователем №129 на сумму 160 у.е.
WMI_EXPIRED_DATE		=> 2011-11-18 21:56:24
WMI_FAIL_URL		=> http://countrypost.ru/syspay/showFail
WMI_LAST_NOTIFY_DATE		=> 2011-08-26 23:15:22
WMI_MERCHANT_ID		=> 103853778255
WMI_NOTIFY_COUNT		=> 50
WMI_ORDER_ID		=> 343082267865
WMI_ORDER_STATE		=> Processing
WMI_PAYMENT_AMOUNT		=> 4755.00
WMI_PAYMENT_NO		=> 1292162
WMI_PAYMENT_TYPE		=> LiqPayUSD
WMI_SUCCESS_URL		=> http://countrypost.ru/syspay/showSuccess
WMI_TO_USER_ID		=> 111018776570
WMI_UPDATE_DATE		=> 2011-08-26 07:40:49
WMI_SIGNATURE		=> /PmxBJt3qfGJkF/IJY0nwe6dP8M=
########################################


########### 27-08-2011 03:17 ###########
User_amount		=> 160
User_comment		=> BASE64:
User_id		=> 129
User_tax		=> 4.8
WMI_AUTO_ACCEPT		=> 0
WMI_CREATE_DATE		=> 2011-08-18 21:56:24
WMI_CURRENCY_ID		=> 643
WMI_DESCRIPTION		=> Пополнение счета пользователем №129 на сумму 160 у.е.
WMI_EXPIRED_DATE		=> 2011-11-18 21:56:24
WMI_FAIL_URL		=> http://countrypost.ru/syspay/showFail
WMI_LAST_NOTIFY_DATE		=> 2011-08-27 01:15:35
WMI_MERCHANT_ID		=> 103853778255
WMI_NOTIFY_COUNT		=> 51
WMI_ORDER_ID		=> 343082267865
WMI_ORDER_STATE		=> Processing
WMI_PAYMENT_AMOUNT		=> 4755.00
WMI_PAYMENT_NO		=> 1292162
WMI_PAYMENT_TYPE		=> LiqPayUSD
WMI_SUCCESS_URL		=> http://countrypost.ru/syspay/showSuccess
WMI_TO_USER_ID		=> 111018776570
WMI_UPDATE_DATE		=> 2011-08-26 07:40:49
WMI_SIGNATURE		=> QUjvkQMgeQeTIovof4qWCYNNwhs=
########################################


########### 27-08-2011 05:17 ###########
User_amount		=> 160
User_comment		=> BASE64:
User_id		=> 129
User_tax		=> 4.8
WMI_AUTO_ACCEPT		=> 0
WMI_CREATE_DATE		=> 2011-08-18 21:56:24
WMI_CURRENCY_ID		=> 643
WMI_DESCRIPTION		=> Пополнение счета пользователем №129 на сумму 160 у.е.
WMI_EXPIRED_DATE		=> 2011-11-18 21:56:24
WMI_FAIL_URL		=> http://countrypost.ru/syspay/showFail
WMI_LAST_NOTIFY_DATE		=> 2011-08-27 03:16:05
WMI_MERCHANT_ID		=> 103853778255
WMI_NOTIFY_COUNT		=> 52
WMI_ORDER_ID		=> 343082267865
WMI_ORDER_STATE		=> Processing
WMI_PAYMENT_AMOUNT		=> 4755.00
WMI_PAYMENT_NO		=> 1292162
WMI_PAYMENT_TYPE		=> LiqPayUSD
WMI_SUCCESS_URL		=> http://countrypost.ru/syspay/showSuccess
WMI_TO_USER_ID		=> 111018776570
WMI_UPDATE_DATE		=> 2011-08-26 07:40:49
WMI_SIGNATURE		=> NzpuxrIzxCYBCZlgpS3CJXHeVOs=
########################################


########### 27-08-2011 07:18 ###########
User_amount		=> 160
User_comment		=> BASE64:
User_id		=> 129
User_tax		=> 4.8
WMI_AUTO_ACCEPT		=> 0
WMI_CREATE_DATE		=> 2011-08-18 21:56:24
WMI_CURRENCY_ID		=> 643
WMI_DESCRIPTION		=> Пополнение счета пользователем №129 на сумму 160 у.е.
WMI_EXPIRED_DATE		=> 2011-11-18 21:56:24
WMI_FAIL_URL		=> http://countrypost.ru/syspay/showFail
WMI_LAST_NOTIFY_DATE		=> 2011-08-27 05:16:36
WMI_MERCHANT_ID		=> 103853778255
WMI_NOTIFY_COUNT		=> 53
WMI_ORDER_ID		=> 343082267865
WMI_ORDER_STATE		=> Processing
WMI_PAYMENT_AMOUNT		=> 4755.00
WMI_PAYMENT_NO		=> 1292162
WMI_PAYMENT_TYPE		=> LiqPayUSD
WMI_SUCCESS_URL		=> http://countrypost.ru/syspay/showSuccess
WMI_TO_USER_ID		=> 111018776570
WMI_UPDATE_DATE		=> 2011-08-26 07:40:49
WMI_SIGNATURE		=> zBzPbiChF7C9ok6rt9VCQqJ9V9M=
########################################


########### 27-08-2011 09:18 ###########
User_amount		=> 160
User_comment		=> BASE64:
User_id		=> 129
User_tax		=> 4.8
WMI_AUTO_ACCEPT		=> 0
WMI_CREATE_DATE		=> 2011-08-18 21:56:24
WMI_CURRENCY_ID		=> 643
WMI_DESCRIPTION		=> Пополнение счета пользователем №129 на сумму 160 у.е.
WMI_EXPIRED_DATE		=> 2011-11-18 21:56:24
WMI_FAIL_URL		=> http://countrypost.ru/syspay/showFail
WMI_LAST_NOTIFY_DATE		=> 2011-08-27 07:17:11
WMI_MERCHANT_ID		=> 103853778255
WMI_NOTIFY_COUNT		=> 54
WMI_ORDER_ID		=> 343082267865
WMI_ORDER_STATE		=> Processing
WMI_PAYMENT_AMOUNT		=> 4755.00
WMI_PAYMENT_NO		=> 1292162
WMI_PAYMENT_TYPE		=> LiqPayUSD
WMI_SUCCESS_URL		=> http://countrypost.ru/syspay/showSuccess
WMI_TO_USER_ID		=> 111018776570
WMI_UPDATE_DATE		=> 2011-08-26 07:40:49
WMI_SIGNATURE		=> kI5pRHQ7zbNCzKwX+C+vaX1D+YE=
########################################


########### 27-08-2011 11:19 ###########
User_amount		=> 160
User_comment		=> BASE64:
User_id		=> 129
User_tax		=> 4.8
WMI_AUTO_ACCEPT		=> 0
WMI_CREATE_DATE		=> 2011-08-18 21:56:24
WMI_CURRENCY_ID		=> 643
WMI_DESCRIPTION		=> Пополнение счета пользователем №129 на сумму 160 у.е.
WMI_EXPIRED_DATE		=> 2011-11-18 21:56:24
WMI_FAIL_URL		=> http://countrypost.ru/syspay/showFail
WMI_LAST_NOTIFY_DATE		=> 2011-08-27 09:18:09
WMI_MERCHANT_ID		=> 103853778255
WMI_NOTIFY_COUNT		=> 55
WMI_ORDER_ID		=> 343082267865
WMI_ORDER_STATE		=> Processing
WMI_PAYMENT_AMOUNT		=> 4755.00
WMI_PAYMENT_NO		=> 1292162
WMI_PAYMENT_TYPE		=> LiqPayUSD
WMI_SUCCESS_URL		=> http://countrypost.ru/syspay/showSuccess
WMI_TO_USER_ID		=> 111018776570
WMI_UPDATE_DATE		=> 2011-08-26 07:40:49
WMI_SIGNATURE		=> iBkOq1m2rkaUgM88Vwf7VZkDSOg=
########################################


########### 27-08-2011 13:20 ###########
User_amount		=> 160
User_comment		=> BASE64:
User_id		=> 129
User_tax		=> 4.8
WMI_AUTO_ACCEPT		=> 0
WMI_CREATE_DATE		=> 2011-08-18 21:56:24
WMI_CURRENCY_ID		=> 643
WMI_DESCRIPTION		=> Пополнение счета пользователем №129 на сумму 160 у.е.
WMI_EXPIRED_DATE		=> 2011-11-18 21:56:24
WMI_FAIL_URL		=> http://countrypost.ru/syspay/showFail
WMI_LAST_NOTIFY_DATE		=> 2011-08-27 11:18:32
WMI_MERCHANT_ID		=> 103853778255
WMI_NOTIFY_COUNT		=> 56
WMI_ORDER_ID		=> 343082267865
WMI_ORDER_STATE		=> Processing
WMI_PAYMENT_AMOUNT		=> 4755.00
WMI_PAYMENT_NO		=> 1292162
WMI_PAYMENT_TYPE		=> LiqPayUSD
WMI_SUCCESS_URL		=> http://countrypost.ru/syspay/showSuccess
WMI_TO_USER_ID		=> 111018776570
WMI_UPDATE_DATE		=> 2011-08-26 07:40:49
WMI_SIGNATURE		=> RVkluaN5DuRWFK8DrUJcMSSrctw=
########################################


########### 27-08-2011 15:20 ###########
User_amount		=> 160
User_comment		=> BASE64:
User_id		=> 129
User_tax		=> 4.8
WMI_AUTO_ACCEPT		=> 0
WMI_CREATE_DATE		=> 2011-08-18 21:56:24
WMI_CURRENCY_ID		=> 643
WMI_DESCRIPTION		=> Пополнение счета пользователем №129 на сумму 160 у.е.
WMI_EXPIRED_DATE		=> 2011-11-18 21:56:24
WMI_FAIL_URL		=> http://countrypost.ru/syspay/showFail
WMI_LAST_NOTIFY_DATE		=> 2011-08-27 13:18:57
WMI_MERCHANT_ID		=> 103853778255
WMI_NOTIFY_COUNT		=> 57
WMI_ORDER_ID		=> 343082267865
WMI_ORDER_STATE		=> Processing
WMI_PAYMENT_AMOUNT		=> 4755.00
WMI_PAYMENT_NO		=> 1292162
WMI_PAYMENT_TYPE		=> LiqPayUSD
WMI_SUCCESS_URL		=> http://countrypost.ru/syspay/showSuccess
WMI_TO_USER_ID		=> 111018776570
WMI_UPDATE_DATE		=> 2011-08-26 07:40:49
WMI_SIGNATURE		=> S5MGUsSU7EF5BEwpdyONOFV0Y+8=
########################################


########### 27-08-2011 17:21 ###########
User_amount		=> 160
User_comment		=> BASE64:
User_id		=> 129
User_tax		=> 4.8
WMI_AUTO_ACCEPT		=> 0
WMI_CREATE_DATE		=> 2011-08-18 21:56:24
WMI_CURRENCY_ID		=> 643
WMI_DESCRIPTION		=> Пополнение счета пользователем №129 на сумму 160 у.е.
WMI_EXPIRED_DATE		=> 2011-11-18 21:56:24
WMI_FAIL_URL		=> http://countrypost.ru/syspay/showFail
WMI_LAST_NOTIFY_DATE		=> 2011-08-27 15:19:08
WMI_MERCHANT_ID		=> 103853778255
WMI_NOTIFY_COUNT		=> 58
WMI_ORDER_ID		=> 343082267865
WMI_ORDER_STATE		=> Processing
WMI_PAYMENT_AMOUNT		=> 4755.00
WMI_PAYMENT_NO		=> 1292162
WMI_PAYMENT_TYPE		=> LiqPayUSD
WMI_SUCCESS_URL		=> http://countrypost.ru/syspay/showSuccess
WMI_TO_USER_ID		=> 111018776570
WMI_UPDATE_DATE		=> 2011-08-26 07:40:49
WMI_SIGNATURE		=> uQ/af+1G26735JaWtzffOTRU8Hs=
########################################


########### 27-08-2011 19:21 ###########
User_amount		=> 160
User_comment		=> BASE64:
User_id		=> 129
User_tax		=> 4.8
WMI_AUTO_ACCEPT		=> 0
WMI_CREATE_DATE		=> 2011-08-18 21:56:24
WMI_CURRENCY_ID		=> 643
WMI_DESCRIPTION		=> Пополнение счета пользователем №129 на сумму 160 у.е.
WMI_EXPIRED_DATE		=> 2011-11-18 21:56:24
WMI_FAIL_URL		=> http://countrypost.ru/syspay/showFail
WMI_LAST_NOTIFY_DATE		=> 2011-08-27 17:19:33
WMI_MERCHANT_ID		=> 103853778255
WMI_NOTIFY_COUNT		=> 59
WMI_ORDER_ID		=> 343082267865
WMI_ORDER_STATE		=> Processing
WMI_PAYMENT_AMOUNT		=> 4755.00
WMI_PAYMENT_NO		=> 1292162
WMI_PAYMENT_TYPE		=> LiqPayUSD
WMI_SUCCESS_URL		=> http://countrypost.ru/syspay/showSuccess
WMI_TO_USER_ID		=> 111018776570
WMI_UPDATE_DATE		=> 2011-08-26 07:40:49
WMI_SIGNATURE		=> VAgfcV9ZZzLzTYXTEBu6W/zPl4o=
########################################


########### 27-08-2011 21:21 ###########
User_amount		=> 160
User_comment		=> BASE64:
User_id		=> 129
User_tax		=> 4.8
WMI_AUTO_ACCEPT		=> 0
WMI_CREATE_DATE		=> 2011-08-18 21:56:24
WMI_CURRENCY_ID		=> 643
WMI_DESCRIPTION		=> Пополнение счета пользователем №129 на сумму 160 у.е.
WMI_EXPIRED_DATE		=> 2011-11-18 21:56:24
WMI_FAIL_URL		=> http://countrypost.ru/syspay/showFail
WMI_LAST_NOTIFY_DATE		=> 2011-08-27 19:19:43
WMI_MERCHANT_ID		=> 103853778255
WMI_NOTIFY_COUNT		=> 60
WMI_ORDER_ID		=> 343082267865
WMI_ORDER_STATE		=> Processing
WMI_PAYMENT_AMOUNT		=> 4755.00
WMI_PAYMENT_NO		=> 1292162
WMI_PAYMENT_TYPE		=> LiqPayUSD
WMI_SUCCESS_URL		=> http://countrypost.ru/syspay/showSuccess
WMI_TO_USER_ID		=> 111018776570
WMI_UPDATE_DATE		=> 2011-08-26 07:40:49
WMI_SIGNATURE		=> EQjWr/5OCsM7rHsVJIXRKQlx0R0=
########################################


########### 27-08-2011 23:22 ###########
User_amount		=> 160
User_comment		=> BASE64:
User_id		=> 129
User_tax		=> 4.8
WMI_AUTO_ACCEPT		=> 0
WMI_CREATE_DATE		=> 2011-08-18 21:56:24
WMI_CURRENCY_ID		=> 643
WMI_DESCRIPTION		=> Пополнение счета пользователем №129 на сумму 160 у.е.
WMI_EXPIRED_DATE		=> 2011-11-18 21:56:24
WMI_FAIL_URL		=> http://countrypost.ru/syspay/showFail
WMI_LAST_NOTIFY_DATE		=> 2011-08-27 21:19:59
WMI_MERCHANT_ID		=> 103853778255
WMI_NOTIFY_COUNT		=> 61
WMI_ORDER_ID		=> 343082267865
WMI_ORDER_STATE		=> Processing
WMI_PAYMENT_AMOUNT		=> 4755.00
WMI_PAYMENT_NO		=> 1292162
WMI_PAYMENT_TYPE		=> LiqPayUSD
WMI_SUCCESS_URL		=> http://countrypost.ru/syspay/showSuccess
WMI_TO_USER_ID		=> 111018776570
WMI_UPDATE_DATE		=> 2011-08-26 07:40:49
WMI_SIGNATURE		=> hCPtSI738IoUgq8DTGqVkvOzVZ4=
########################################


