########### 23-08-2011 02:08 ###########
User_amount		=> 160
User_comment		=> BASE64:
User_id		=> 129
User_tax		=> 4.8
WMI_AUTO_ACCEPT		=> 0
WMI_CREATE_DATE		=> 2011-08-18 21:56:24
WMI_CURRENCY_ID		=> 643
WMI_DESCRIPTION		=> Пополнение счета пользователем №129 на сумму 160 у.е.
WMI_EXPIRED_DATE		=> 2011-11-18 21:56:24
WMI_FAIL_URL		=> http://countrypost.ru/syspay/showFail
WMI_LAST_NOTIFY_DATE		=> 2011-08-23 00:06:07
WMI_MERCHANT_ID		=> 103853778255
WMI_NOTIFY_COUNT		=> 83
WMI_ORDER_ID		=> 343082267865
WMI_ORDER_STATE		=> Processing
WMI_PAYMENT_AMOUNT		=> 4755.00
WMI_PAYMENT_NO		=> 1292162
WMI_PAYMENT_TYPE		=> LiqPayUSD
WMI_SUCCESS_URL		=> http://countrypost.ru/syspay/showSuccess
WMI_TO_USER_ID		=> 111018776570
WMI_UPDATE_DATE		=> 2011-08-18 22:14:10
WMI_SIGNATURE		=> rOMYi0/rNVCou5Eh6VI2iINysWc=
########################################


########### 23-08-2011 06:08 ###########
User_amount		=> 160
User_comment		=> BASE64:
User_id		=> 129
User_tax		=> 4.8
WMI_AUTO_ACCEPT		=> 0
WMI_CREATE_DATE		=> 2011-08-18 21:56:24
WMI_CURRENCY_ID		=> 643
WMI_DESCRIPTION		=> Пополнение счета пользователем №129 на сумму 160 у.е.
WMI_EXPIRED_DATE		=> 2011-11-18 21:56:24
WMI_FAIL_URL		=> http://countrypost.ru/syspay/showFail
WMI_LAST_NOTIFY_DATE		=> 2011-08-23 04:06:42
WMI_MERCHANT_ID		=> 103853778255
WMI_NOTIFY_COUNT		=> 84
WMI_ORDER_ID		=> 343082267865
WMI_ORDER_STATE		=> Processing
WMI_PAYMENT_AMOUNT		=> 4755.00
WMI_PAYMENT_NO		=> 1292162
WMI_PAYMENT_TYPE		=> LiqPayUSD
WMI_SUCCESS_URL		=> http://countrypost.ru/syspay/showSuccess
WMI_TO_USER_ID		=> 111018776570
WMI_UPDATE_DATE		=> 2011-08-18 22:14:10
WMI_SIGNATURE		=> flaCcyH5/wAdIWb93gPQfFGl0Yg=
########################################


########### 23-08-2011 10:08 ###########
User_amount		=> 160
User_comment		=> BASE64:
User_id		=> 129
User_tax		=> 4.8
WMI_AUTO_ACCEPT		=> 0
WMI_CREATE_DATE		=> 2011-08-18 21:56:24
WMI_CURRENCY_ID		=> 643
WMI_DESCRIPTION		=> Пополнение счета пользователем №129 на сумму 160 у.е.
WMI_EXPIRED_DATE		=> 2011-11-18 21:56:24
WMI_FAIL_URL		=> http://countrypost.ru/syspay/showFail
WMI_LAST_NOTIFY_DATE		=> 2011-08-23 08:07:31
WMI_MERCHANT_ID		=> 103853778255
WMI_NOTIFY_COUNT		=> 85
WMI_ORDER_ID		=> 343082267865
WMI_ORDER_STATE		=> Processing
WMI_PAYMENT_AMOUNT		=> 4755.00
WMI_PAYMENT_NO		=> 1292162
WMI_PAYMENT_TYPE		=> LiqPayUSD
WMI_SUCCESS_URL		=> http://countrypost.ru/syspay/showSuccess
WMI_TO_USER_ID		=> 111018776570
WMI_UPDATE_DATE		=> 2011-08-18 22:14:10
WMI_SIGNATURE		=> /5ybr4tJ17PH4wmpW4EE3+IbTm8=
########################################


########### 23-08-2011 18:10 ###########
User_amount		=> 160
User_comment		=> BASE64:
User_id		=> 129
User_tax		=> 4.8
WMI_AUTO_ACCEPT		=> 0
WMI_CREATE_DATE		=> 2011-08-18 21:56:24
WMI_CURRENCY_ID		=> 643
WMI_DESCRIPTION		=> Пополнение счета пользователем №129 на сумму 160 у.е.
WMI_EXPIRED_DATE		=> 2011-11-18 21:56:24
WMI_FAIL_URL		=> http://countrypost.ru/syspay/showFail
WMI_LAST_NOTIFY_DATE		=> 2011-08-23 16:08:54
WMI_MERCHANT_ID		=> 103853778255
WMI_NOTIFY_COUNT		=> 87
WMI_ORDER_ID		=> 343082267865
WMI_ORDER_STATE		=> Processing
WMI_PAYMENT_AMOUNT		=> 4755.00
WMI_PAYMENT_NO		=> 1292162
WMI_PAYMENT_TYPE		=> LiqPayUSD
WMI_SUCCESS_URL		=> http://countrypost.ru/syspay/showSuccess
WMI_TO_USER_ID		=> 111018776570
WMI_UPDATE_DATE		=> 2011-08-18 22:14:10
WMI_SIGNATURE		=> rt+WLVLaV68tZLVoziucpwhiS9c=
########################################


########### 23-08-2011 22:10 ###########
User_amount		=> 160
User_comment		=> BASE64:
User_id		=> 129
User_tax		=> 4.8
WMI_AUTO_ACCEPT		=> 0
WMI_CREATE_DATE		=> 2011-08-18 21:56:24
WMI_CURRENCY_ID		=> 643
WMI_DESCRIPTION		=> Пополнение счета пользователем №129 на сумму 160 у.е.
WMI_EXPIRED_DATE		=> 2011-11-18 21:56:24
WMI_FAIL_URL		=> http://countrypost.ru/syspay/showFail
WMI_LAST_NOTIFY_DATE		=> 2011-08-23 20:09:19
WMI_MERCHANT_ID		=> 103853778255
WMI_NOTIFY_COUNT		=> 88
WMI_ORDER_ID		=> 343082267865
WMI_ORDER_STATE		=> Processing
WMI_PAYMENT_AMOUNT		=> 4755.00
WMI_PAYMENT_NO		=> 1292162
WMI_PAYMENT_TYPE		=> LiqPayUSD
WMI_SUCCESS_URL		=> http://countrypost.ru/syspay/showSuccess
WMI_TO_USER_ID		=> 111018776570
WMI_UPDATE_DATE		=> 2011-08-18 22:14:10
WMI_SIGNATURE		=> cCFj8po9/S0Dm3cpJ64tgSRJffw=
########################################


