########### 26-10-2011 19:25 ###########
User_amount		=> 114
User_comment		=> BASE64:
User_id		=> 76
User_tax		=> 3.42
WMI_AUTO_ACCEPT		=> 0
WMI_CREATE_DATE		=> 2011-10-26 17:23:25
WMI_CURRENCY_ID		=> 643
WMI_DESCRIPTION		=> Пополнение счета пользователем №76 на сумму 114 у.е.
WMI_EXPIRED_DATE		=> 2012-01-26 17:23:25
WMI_FAIL_URL		=> http://countrypost.ru/syspay/showFail
WMI_LAST_NOTIFY_DATE		=> 2011-10-26 17:24:16
WMI_MERCHANT_ID		=> 103853778255
WMI_NOTIFY_COUNT		=> 1
WMI_ORDER_ID		=> 343366553522
WMI_ORDER_STATE		=> Processing
WMI_PAYMENT_AMOUNT		=> 3653.00
WMI_PAYMENT_NO		=> 762095
WMI_PAYMENT_TYPE		=> WalletOneRUB
WMI_SUCCESS_URL		=> http://countrypost.ru/syspay/showSuccess
WMI_TO_USER_ID		=> 183900216646
WMI_UPDATE_DATE		=> 2011-10-26 17:24:15
WMI_SIGNATURE		=> eJh0dCp/523mbV/t8jkLktK/sig=
########################################


########### 26-10-2011 19:25 ###########
User_amount		=> 114
User_comment		=> BASE64:
User_id		=> 76
User_tax		=> 3.42
WMI_AUTO_ACCEPT		=> 0
WMI_CREATE_DATE		=> 2011-10-26 17:23:25
WMI_CURRENCY_ID		=> 643
WMI_DESCRIPTION		=> Пополнение счета пользователем №76 на сумму 114 у.е.
WMI_EXPIRED_DATE		=> 2012-01-26 17:23:25
WMI_FAIL_URL		=> http://countrypost.ru/syspay/showFail
WMI_LAST_NOTIFY_DATE		=> 2011-10-26 17:24:16
WMI_MERCHANT_ID		=> 103853778255
WMI_NOTIFY_COUNT		=> 1
WMI_ORDER_ID		=> 343366553522
WMI_ORDER_STATE		=> Processing
WMI_PAYMENT_AMOUNT		=> 3653.00
WMI_PAYMENT_NO		=> 762095
WMI_PAYMENT_TYPE		=> WalletOneRUB
WMI_SUCCESS_URL		=> http://countrypost.ru/syspay/showSuccess
WMI_TO_USER_ID		=> 183900216646
WMI_UPDATE_DATE		=> 2011-10-26 17:24:15
WMI_SIGNATURE		=> eJh0dCp/523mbV/t8jkLktK/sig=
Answer:"WMI_RESULT=OK&WMI_DESCRIPTION=%D0%97%D0%B0%D0%BA%D0%B0%D0%B7+%23762095+%D0%BE%D0%BF%D0%BB%D0%B0%D1%87%D0%B5%D0%BD%21"
Decoded Desc:"Р—Р°РєР°Р· #762095 РѕРїР»Р°С‡РµРЅ!"
########################################


