########### 01-12-2011 07:31 ###########
LMI_MODE		=> 0
LMI_PAYMENT_AMOUNT		=> 9270.00
LMI_PAYEE_PURSE		=> R335456041886
LMI_PAYMENT_NO		=> 1322721257
LMI_PAYER_WM		=> 264122600150
LMI_PAYER_PURSE		=> R931815874022
LMI_SYS_INVS_NO		=> 251394766
LMI_SYS_TRANS_NO		=> 624756741
LMI_SYS_TRANS_DATE		=> 20111201 10:31:36
LMI_HASH		=> D7724641A99CACA4A958173620A90144
LMI_PAYMENT_DESC		=> Refill balance for client 208 on 9270 RUR ($285)
LMI_LANG		=> ru-RU
LMI_DBLCHK		=> SMS
User_amount		=> 285
User_id		=> 208
User_comment		=> 
User_tax		=> 5.13
########################################


########### 01-12-2011 07:31 ###########
LMI_MODE		=> 0
LMI_PAYMENT_AMOUNT		=> 9270.00
LMI_PAYEE_PURSE		=> R335456041886
LMI_PAYMENT_NO		=> 1322721257
LMI_PAYER_WM		=> 264122600150
LMI_PAYER_PURSE		=> R931815874022
LMI_SYS_INVS_NO		=> 251394766
LMI_SYS_TRANS_NO		=> 624756741
LMI_SYS_TRANS_DATE		=> 20111201 10:31:36
LMI_HASH		=> D7724641A99CACA4A958173620A90144
LMI_PAYMENT_DESC		=> Refill balance for client 208 on 9270 RUR ($285)
LMI_LANG		=> ru-RU
LMI_DBLCHK		=> SMS
User_amount		=> 285
User_id		=> 208
User_comment		=> 
User_tax		=> 5.13
Status: OK! [payment_id=2041]
########################################


