########### 07-11-2011 15:41 ###########
LMI_MODE		=> 0
LMI_PAYMENT_AMOUNT		=> 4582.00
LMI_PAYEE_PURSE		=> R335456041886
LMI_PAYMENT_NO		=> 1192103
LMI_PAYER_WM		=> 166128035848
LMI_PAYER_PURSE		=> R292909142857
LMI_SYS_INVS_NO		=> 246005201
LMI_SYS_TRANS_NO		=> 615278553
LMI_SYS_TRANS_DATE		=> 20111107 18:41:38
LMI_HASH		=> FFE868E0BA9E31D6C821DDC5CB971DDE
LMI_PAYMENT_DESC		=> Charge for user 119 (on sum: 143)
LMI_LANG		=> ru-RU
LMI_DBLCHK		=> SMS
User_amount		=> 143
User_id		=> 119
User_comment		=> 
User_tax		=> 2.574
########################################


########### 07-11-2011 15:41 ###########
LMI_MODE		=> 0
LMI_PAYMENT_AMOUNT		=> 4582.00
LMI_PAYEE_PURSE		=> R335456041886
LMI_PAYMENT_NO		=> 1192103
LMI_PAYER_WM		=> 166128035848
LMI_PAYER_PURSE		=> R292909142857
LMI_SYS_INVS_NO		=> 246005201
LMI_SYS_TRANS_NO		=> 615278553
LMI_SYS_TRANS_DATE		=> 20111107 18:41:38
LMI_HASH		=> FFE868E0BA9E31D6C821DDC5CB971DDE
LMI_PAYMENT_DESC		=> Charge for user 119 (on sum: 143)
LMI_LANG		=> ru-RU
LMI_DBLCHK		=> SMS
User_amount		=> 143
User_id		=> 119
User_comment		=> 
User_tax		=> 2.574
Status: OK! [payment_id=1355]
########################################


