########### 06-11-2011 21:06 ###########
LMI_MODE		=> 0
LMI_PAYMENT_AMOUNT		=> 3845.00
LMI_PAYEE_PURSE		=> R335456041886
LMI_PAYMENT_NO		=> 1292098
LMI_PAYER_WM		=> 119057210631
LMI_PAYER_PURSE		=> R174114494476
LMI_SYS_INVS_NO		=> 245856247
LMI_SYS_TRANS_NO		=> 615008483
LMI_SYS_TRANS_DATE		=> 20111107 00:06:20
LMI_HASH		=> 313AFD8FC0AAC1E2EB77B1F2466D79A2
LMI_PAYMENT_DESC		=> Charge for user 129 (on sum: 120)
LMI_LANG		=> ru-RU
LMI_DBLCHK		=> SMS
User_amount		=> 120
User_id		=> 129
User_comment		=> 
User_tax		=> 2.16
########################################


########### 06-11-2011 21:06 ###########
LMI_MODE		=> 0
LMI_PAYMENT_AMOUNT		=> 3845.00
LMI_PAYEE_PURSE		=> R335456041886
LMI_PAYMENT_NO		=> 1292098
LMI_PAYER_WM		=> 119057210631
LMI_PAYER_PURSE		=> R174114494476
LMI_SYS_INVS_NO		=> 245856247
LMI_SYS_TRANS_NO		=> 615008483
LMI_SYS_TRANS_DATE		=> 20111107 00:06:20
LMI_HASH		=> 313AFD8FC0AAC1E2EB77B1F2466D79A2
LMI_PAYMENT_DESC		=> Charge for user 129 (on sum: 120)
LMI_LANG		=> ru-RU
LMI_DBLCHK		=> SMS
User_amount		=> 120
User_id		=> 129
User_comment		=> 
User_tax		=> 2.16
Status: OK! [payment_id=1322]
########################################


