########### 03-12-2011 20:10 ###########
LMI_MODE		=> 0
LMI_PAYMENT_AMOUNT		=> 4859.00
LMI_PAYEE_PURSE		=> R335456041886
LMI_PAYMENT_NO		=> 1322939630
LMI_PAYER_WM		=> 225155238520
LMI_PAYER_PURSE		=> R199580511223
LMI_SYS_INVS_NO		=> 252042877
LMI_SYS_TRANS_NO		=> 625913300
LMI_SYS_TRANS_DATE		=> 20111203 23:10:07
LMI_HASH		=> 4047C7DB850EF105B5424B6597B508DF
LMI_PAYMENT_DESC		=> Refill balance for client 284 on 4859 RUR ($149)
LMI_LANG		=> ru-RU
LMI_DBLCHK		=> SMS
User_amount		=> 149
User_id		=> 284
User_comment		=> 
User_tax		=> 2.682
########################################


########### 03-12-2011 20:10 ###########
LMI_MODE		=> 0
LMI_PAYMENT_AMOUNT		=> 4859.00
LMI_PAYEE_PURSE		=> R335456041886
LMI_PAYMENT_NO		=> 1322939630
LMI_PAYER_WM		=> 225155238520
LMI_PAYER_PURSE		=> R199580511223
LMI_SYS_INVS_NO		=> 252042877
LMI_SYS_TRANS_NO		=> 625913300
LMI_SYS_TRANS_DATE		=> 20111203 23:10:07
LMI_HASH		=> 4047C7DB850EF105B5424B6597B508DF
LMI_PAYMENT_DESC		=> Refill balance for client 284 on 4859 RUR ($149)
LMI_LANG		=> ru-RU
LMI_DBLCHK		=> SMS
User_amount		=> 149
User_id		=> 284
User_comment		=> 
User_tax		=> 2.682
Status: OK! [payment_id=2093]
########################################


