########### 15-12-2011 21:04 ###########
LMI_MODE		=> 0
LMI_PAYMENT_AMOUNT		=> 1980.00
LMI_PAYEE_PURSE		=> R335456041886
LMI_PAYMENT_NO		=> 1323979890
LMI_PAYER_WM		=> 200697511337
LMI_PAYER_PURSE		=> R391878998512
LMI_SYS_INVS_NO		=> 254856046
LMI_SYS_TRANS_NO		=> 630971965
LMI_SYS_TRANS_DATE		=> 20111216 00:04:28
LMI_HASH		=> 4FA0F5437609B86FA044258F42102F66
LMI_PAYMENT_DESC		=> Refill balance for client 466 on 1980 RUR ($60)
LMI_LANG		=> ru-RU
LMI_DBLCHK		=> SMS
User_amount		=> 60
User_id		=> 466
User_comment		=> 
User_tax		=> 1.08
########################################


########### 15-12-2011 21:04 ###########
LMI_MODE		=> 0
LMI_PAYMENT_AMOUNT		=> 1980.00
LMI_PAYEE_PURSE		=> R335456041886
LMI_PAYMENT_NO		=> 1323979890
LMI_PAYER_WM		=> 200697511337
LMI_PAYER_PURSE		=> R391878998512
LMI_SYS_INVS_NO		=> 254856046
LMI_SYS_TRANS_NO		=> 630971965
LMI_SYS_TRANS_DATE		=> 20111216 00:04:28
LMI_HASH		=> 4FA0F5437609B86FA044258F42102F66
LMI_PAYMENT_DESC		=> Refill balance for client 466 on 1980 RUR ($60)
LMI_LANG		=> ru-RU
LMI_DBLCHK		=> SMS
User_amount		=> 60
User_id		=> 466
User_comment		=> 
User_tax		=> 1.08
Status: OK! [payment_id=2403]
########################################


