########### 15-11-2011 19:57 ###########
LMI_MODE		=> 0
LMI_PAYMENT_AMOUNT		=> 1259.00
LMI_PAYEE_PURSE		=> R335456041886
LMI_PAYMENT_NO		=> 0
LMI_PAYER_WM		=> 225155238520
LMI_PAYER_PURSE		=> R199580511223
LMI_SYS_INVS_NO		=> 247866232
LMI_SYS_TRANS_NO		=> 618563930
LMI_SYS_TRANS_DATE		=> 20111115 22:57:50
LMI_HASH		=> 6E1F64AFFA5284BCE3B74438B03A2499
LMI_PAYMENT_DESC		=> Refill balance for client 284 on 1259 RUR ($40)
LMI_LANG		=> ru-RU
LMI_DBLCHK		=> SMS
User_amount		=> 40
User_id		=> 284
User_comment		=> 
User_tax		=> 0.72
########################################


########### 15-11-2011 19:57 ###########
LMI_MODE		=> 0
LMI_PAYMENT_AMOUNT		=> 1259.00
LMI_PAYEE_PURSE		=> R335456041886
LMI_PAYMENT_NO		=> 0
LMI_PAYER_WM		=> 225155238520
LMI_PAYER_PURSE		=> R199580511223
LMI_SYS_INVS_NO		=> 247866232
LMI_SYS_TRANS_NO		=> 618563930
LMI_SYS_TRANS_DATE		=> 20111115 22:57:50
LMI_HASH		=> 6E1F64AFFA5284BCE3B74438B03A2499
LMI_PAYMENT_DESC		=> Refill balance for client 284 on 1259 RUR ($40)
LMI_LANG		=> ru-RU
LMI_DBLCHK		=> SMS
User_amount		=> 40
User_id		=> 284
User_comment		=> 
User_tax		=> 0.72
Status: OK! [payment_id=1588]
########################################


