########### 17-10-2011 16:42 ###########
LMI_MODE		=> 0
LMI_PAYMENT_AMOUNT		=> 3219.00
LMI_PAYEE_PURSE		=> R335456041886
LMI_PAYMENT_NO		=> 1292135
LMI_PAYER_WM		=> 119057210631
LMI_PAYER_PURSE		=> R174114494476
LMI_SYS_INVS_NO		=> 241262428
LMI_SYS_TRANS_NO		=> 607027695
LMI_SYS_TRANS_DATE		=> 20111017 18:42:58
LMI_HASH		=> 125040ED2D571AFE50A8E3912A9C8B13
LMI_PAYMENT_DESC		=> Charge for user 129 (on sum: 100)
LMI_LANG		=> ru-RU
LMI_DBLCHK		=> SMS
User_amount		=> 100
User_id		=> 129
User_comment		=> 
User_tax		=> 1.8
########################################


########### 17-10-2011 16:42 ###########
LMI_MODE		=> 0
LMI_PAYMENT_AMOUNT		=> 3219.00
LMI_PAYEE_PURSE		=> R335456041886
LMI_PAYMENT_NO		=> 1292135
LMI_PAYER_WM		=> 119057210631
LMI_PAYER_PURSE		=> R174114494476
LMI_SYS_INVS_NO		=> 241262428
LMI_SYS_TRANS_NO		=> 607027695
LMI_SYS_TRANS_DATE		=> 20111017 18:42:58
LMI_HASH		=> 125040ED2D571AFE50A8E3912A9C8B13
LMI_PAYMENT_DESC		=> Charge for user 129 (on sum: 100)
LMI_LANG		=> ru-RU
LMI_DBLCHK		=> SMS
User_amount		=> 100
User_id		=> 129
User_comment		=> 
User_tax		=> 1.8
Status: OK! [payment_id=881]
########################################


