########### 13-11-2011 19:10 ###########
LMI_MODE		=> 0
LMI_PAYMENT_AMOUNT		=> 2695.00
LMI_PAYEE_PURSE		=> R335456041886
LMI_PAYMENT_NO		=> 0
LMI_PAYER_WM		=> 225155238520
LMI_PAYER_PURSE		=> R199580511223
LMI_SYS_INVS_NO		=> 247390983
LMI_SYS_TRANS_NO		=> 617724529
LMI_SYS_TRANS_DATE		=> 20111113 22:10:16
LMI_HASH		=> 3F1B352221E5A727CF1D40B83FF6B347
LMI_PAYMENT_DESC		=> Refill balance for client 284 on 2695 RUR ($85)
LMI_LANG		=> ru-RU
LMI_DBLCHK		=> SMS
User_amount		=> 85
User_id		=> 284
User_comment		=> 
User_tax		=> 1.53
########################################


########### 13-11-2011 19:10 ###########
LMI_MODE		=> 0
LMI_PAYMENT_AMOUNT		=> 2695.00
LMI_PAYEE_PURSE		=> R335456041886
LMI_PAYMENT_NO		=> 0
LMI_PAYER_WM		=> 225155238520
LMI_PAYER_PURSE		=> R199580511223
LMI_SYS_INVS_NO		=> 247390983
LMI_SYS_TRANS_NO		=> 617724529
LMI_SYS_TRANS_DATE		=> 20111113 22:10:16
LMI_HASH		=> 3F1B352221E5A727CF1D40B83FF6B347
LMI_PAYMENT_DESC		=> Refill balance for client 284 on 2695 RUR ($85)
LMI_LANG		=> ru-RU
LMI_DBLCHK		=> SMS
User_amount		=> 85
User_id		=> 284
User_comment		=> 
User_tax		=> 1.53
Status: OK! [payment_id=1522]
########################################


