########### 14-10-2011 09:05 ###########
LMI_MODE		=> 0
LMI_PAYMENT_AMOUNT		=> 9789.00
LMI_PAYEE_PURSE		=> R335456041886
LMI_PAYMENT_NO		=> 1292102
LMI_PAYER_WM		=> 119057210631
LMI_PAYER_PURSE		=> R174114494476
LMI_SYS_INVS_NO		=> 240541959
LMI_SYS_TRANS_NO		=> 605795043
LMI_SYS_TRANS_DATE		=> 20111014 11:05:44
LMI_HASH		=> 39A575B3FAF102670468EE4E2BC299CE
LMI_PAYMENT_DESC		=> Charge for user 129 (on sum: 300)
LMI_LANG		=> ru-RU
LMI_DBLCHK		=> SMS
User_amount		=> 300
User_id		=> 129
User_comment		=> 
User_tax		=> 5.4
########################################


########### 14-10-2011 11:27 ###########
LMI_MODE		=> 0
LMI_PAYMENT_AMOUNT		=> 1371.00
LMI_PAYEE_PURSE		=> R335456041886
LMI_PAYMENT_NO		=> 2312076
LMI_PAYER_WM		=> 280681742816
LMI_PAYER_PURSE		=> R349911958813
LMI_SYS_INVS_NO		=> 240570741
LMI_SYS_TRANS_NO		=> 605843861
LMI_SYS_TRANS_DATE		=> 20111014 13:27:45
LMI_HASH		=> 55B171CFE06EF70F8E066E167BF3AFDF
LMI_PAYMENT_DESC		=> Charge for user 231 (on sum: 42)
LMI_LANG		=> ru-RU
LMI_DBLCHK		=> SMS
User_amount		=> 42
User_id		=> 231
User_comment		=> 
User_tax		=> 0.756
########################################


########### 14-10-2011 11:27 ###########
LMI_MODE		=> 0
LMI_PAYMENT_AMOUNT		=> 1371.00
LMI_PAYEE_PURSE		=> R335456041886
LMI_PAYMENT_NO		=> 2312076
LMI_PAYER_WM		=> 280681742816
LMI_PAYER_PURSE		=> R349911958813
LMI_SYS_INVS_NO		=> 240570741
LMI_SYS_TRANS_NO		=> 605843861
LMI_SYS_TRANS_DATE		=> 20111014 13:27:45
LMI_HASH		=> 55B171CFE06EF70F8E066E167BF3AFDF
LMI_PAYMENT_DESC		=> Charge for user 231 (on sum: 42)
LMI_LANG		=> ru-RU
LMI_DBLCHK		=> SMS
User_amount		=> 42
User_id		=> 231
User_comment		=> 
User_tax		=> 0.756
Status: OK! [payment_id=817]
########################################


