########### 15-10-2011 10:05 ###########
LMI_MODE		=> 0
LMI_PAYMENT_AMOUNT		=> 11589.00
LMI_PAYEE_PURSE		=> R335456041886
LMI_PAYMENT_NO		=> 1292106
LMI_PAYER_WM		=> 119057210631
LMI_PAYER_PURSE		=> R174114494476
LMI_SYS_INVS_NO		=> 240771068
LMI_SYS_TRANS_NO		=> 606188037
LMI_SYS_TRANS_DATE		=> 20111015 12:05:20
LMI_HASH		=> A427F917F5E0381D1F07D643D9DDAC2F
LMI_PAYMENT_DESC		=> Charge for user 129 (on sum: 360)
LMI_LANG		=> ru-RU
LMI_DBLCHK		=> SMS
User_amount		=> 360
User_id		=> 129
User_comment		=> 
User_tax		=> 6.48
########################################


########### 15-10-2011 10:05 ###########
LMI_MODE		=> 0
LMI_PAYMENT_AMOUNT		=> 11589.00
LMI_PAYEE_PURSE		=> R335456041886
LMI_PAYMENT_NO		=> 1292106
LMI_PAYER_WM		=> 119057210631
LMI_PAYER_PURSE		=> R174114494476
LMI_SYS_INVS_NO		=> 240771068
LMI_SYS_TRANS_NO		=> 606188037
LMI_SYS_TRANS_DATE		=> 20111015 12:05:20
LMI_HASH		=> A427F917F5E0381D1F07D643D9DDAC2F
LMI_PAYMENT_DESC		=> Charge for user 129 (on sum: 360)
LMI_LANG		=> ru-RU
LMI_DBLCHK		=> SMS
User_amount		=> 360
User_id		=> 129
User_comment		=> 
User_tax		=> 6.48
Status: OK! [payment_id=845]
########################################


