########### 22-11-2011 07:37 ###########
LMI_MODE		=> 0
LMI_PAYMENT_AMOUNT		=> 482.00
LMI_PAYEE_PURSE		=> R335456041886
LMI_PAYMENT_NO		=> 1321944101
LMI_PAYER_WM		=> 225155238520
LMI_PAYER_PURSE		=> R199580511223
LMI_SYS_INVS_NO		=> 249246374
LMI_SYS_TRANS_NO		=> 621021406
LMI_SYS_TRANS_DATE		=> 20111122 10:37:56
LMI_HASH		=> 5467427B6056794C2B01F4644DA056E1
LMI_PAYMENT_DESC		=> Refill balance for client 284 on 482 RUR ($15)
LMI_LANG		=> ru-RU
LMI_DBLCHK		=> SMS
User_amount		=> 15
User_id		=> 284
User_comment		=> 
User_tax		=> 0.27
########################################


########### 22-11-2011 07:37 ###########
LMI_MODE		=> 0
LMI_PAYMENT_AMOUNT		=> 482.00
LMI_PAYEE_PURSE		=> R335456041886
LMI_PAYMENT_NO		=> 1321944101
LMI_PAYER_WM		=> 225155238520
LMI_PAYER_PURSE		=> R199580511223
LMI_SYS_INVS_NO		=> 249246374
LMI_SYS_TRANS_NO		=> 621021406
LMI_SYS_TRANS_DATE		=> 20111122 10:37:56
LMI_HASH		=> 5467427B6056794C2B01F4644DA056E1
LMI_PAYMENT_DESC		=> Refill balance for client 284 on 482 RUR ($15)
LMI_LANG		=> ru-RU
LMI_DBLCHK		=> SMS
User_amount		=> 15
User_id		=> 284
User_comment		=> 
User_tax		=> 0.27
Status: OK! [payment_id=1779]
########################################


