########### 27-09-2011 21:06 ###########
LMI_MODE		=> 0
LMI_PAYMENT_AMOUNT		=> 5058.00
LMI_PAYEE_PURSE		=> R335456041886
LMI_PAYMENT_NO		=> 1292115
LMI_PAYER_WM		=> 119057210631
LMI_PAYER_PURSE		=> R174114494476
LMI_SYS_INVS_NO		=> 237052853
LMI_SYS_TRANS_NO		=> 599698579
LMI_SYS_TRANS_DATE		=> 20110927 23:06:59
LMI_HASH		=> 29DDCF103C0D6AAAA94B08FBD592E5A3
LMI_PAYMENT_DESC		=> Charge for user 129 (on sum: 150)
LMI_LANG		=> ru-RU
LMI_DBLCHK		=> SMS
User_amount		=> 150
User_id		=> 129
User_comment		=> 
User_tax		=> 2.7
########################################


########### 27-09-2011 21:06 ###########
LMI_MODE		=> 0
LMI_PAYMENT_AMOUNT		=> 5058.00
LMI_PAYEE_PURSE		=> R335456041886
LMI_PAYMENT_NO		=> 1292115
LMI_PAYER_WM		=> 119057210631
LMI_PAYER_PURSE		=> R174114494476
LMI_SYS_INVS_NO		=> 237052853
LMI_SYS_TRANS_NO		=> 599698579
LMI_SYS_TRANS_DATE		=> 20110927 23:06:59
LMI_HASH		=> 29DDCF103C0D6AAAA94B08FBD592E5A3
LMI_PAYMENT_DESC		=> Charge for user 129 (on sum: 150)
LMI_LANG		=> ru-RU
LMI_DBLCHK		=> SMS
User_amount		=> 150
User_id		=> 129
User_comment		=> 
User_tax		=> 2.7
Status: OK! [payment_id=656]
########################################


