########### 27-06-2011 15:00 ###########
LMI_MODE		=> 0
LMI_PAYMENT_AMOUNT		=> 2662.00
LMI_PAYEE_PURSE		=> R335456041886
LMI_PAYMENT_NO		=> 432162
LMI_PAYER_WM		=> 375704528010
LMI_PAYER_PURSE		=> R899916055357
LMI_SYS_INVS_NO		=> 219213600
LMI_SYS_TRANS_NO		=> 568288389
LMI_SYS_TRANS_DATE		=> 20110627 17:00:49
LMI_HASH		=> 46F57596085A02F78557788FE720BE7A
LMI_PAYMENT_DESC		=> Пополнение счета пользователем №43 на сумму 91 у.е.
LMI_LANG		=> ru-RU
LMI_DBLCHK		=> SMS
User_amount		=> 91
User_id		=> 43
User_comment		=> 
User_tax		=> 1.638
########################################


########### 27-06-2011 15:00 ###########
LMI_MODE		=> 0
LMI_PAYMENT_AMOUNT		=> 2662.00
LMI_PAYEE_PURSE		=> R335456041886
LMI_PAYMENT_NO		=> 432162
LMI_PAYER_WM		=> 375704528010
LMI_PAYER_PURSE		=> R899916055357
LMI_SYS_INVS_NO		=> 219213600
LMI_SYS_TRANS_NO		=> 568288389
LMI_SYS_TRANS_DATE		=> 20110627 17:00:49
LMI_HASH		=> 46F57596085A02F78557788FE720BE7A
LMI_PAYMENT_DESC		=> Пополнение счета пользователем №43 на сумму 91 у.е.
LMI_LANG		=> ru-RU
LMI_DBLCHK		=> SMS
User_amount		=> 91
User_id		=> 43
User_comment		=> 
User_tax		=> 1.638
Status: OK! [payment_id=23]
########################################


