########### 20-05-2011 21:13 ###########
LMI_MODE		=> 1
LMI_PAYMENT_AMOUNT		=> 29.00
LMI_PAYEE_PURSE		=> R335456041886
LMI_PAYMENT_NO		=> 2212093
LMI_PAYER_WM		=> 249785998467
LMI_PAYER_PURSE		=> R335456041886
LMI_SYS_INVS_NO		=> 305
LMI_SYS_TRANS_NO		=> 90
LMI_SYS_TRANS_DATE		=> 20110520 23:13:54
LMI_HASH		=> 39F6D4D3517EA255E593FE1C5ED230BD
LMI_PAYMENT_DESC		=> Пополнение счета пользователем №221 на сумму 1 у.е.
LMI_LANG		=> ru-RU
User_id		=> 221
########################################


########### 20-05-2011 21:13 ###########
LMI_MODE		=> 1
LMI_PAYMENT_AMOUNT		=> 29.00
LMI_PAYEE_PURSE		=> R335456041886
LMI_PAYMENT_NO		=> 2212093
LMI_PAYER_WM		=> 249785998467
LMI_PAYER_PURSE		=> R335456041886
LMI_SYS_INVS_NO		=> 305
LMI_SYS_TRANS_NO		=> 90
LMI_SYS_TRANS_DATE		=> 20110520 23:13:54
LMI_HASH		=> 39F6D4D3517EA255E593FE1C5ED230BD
LMI_PAYMENT_DESC		=> Пополнение счета пользователем №221 на сумму 1 у.е.
LMI_LANG		=> ru-RU
User_id		=> 221
Status: OK! [payment_id=156]
########################################


########### 20-05-2011 21:56 ###########
LMI_MODE		=> 1
LMI_PAYMENT_AMOUNT		=> 2875.00
LMI_PAYEE_PURSE		=> R335456041886
LMI_PAYMENT_NO		=> 2212119
LMI_PAYER_WM		=> 249785998467
LMI_PAYER_PURSE		=> R335456041886
LMI_SYS_INVS_NO		=> 1000
LMI_SYS_TRANS_NO		=> 161
LMI_SYS_TRANS_DATE		=> 20110520 23:56:42
LMI_HASH		=> 80C794528D72BE87C6A65AC55B154CCF
LMI_PAYMENT_DESC		=> Пополнение счета пользователем №221 на сумму 100 у.е.
LMI_LANG		=> ru-RU
User_id		=> 221
########################################


########### 20-05-2011 21:56 ###########
LMI_MODE		=> 1
LMI_PAYMENT_AMOUNT		=> 2875.00
LMI_PAYEE_PURSE		=> R335456041886
LMI_PAYMENT_NO		=> 2212119
LMI_PAYER_WM		=> 249785998467
LMI_PAYER_PURSE		=> R335456041886
LMI_SYS_INVS_NO		=> 1000
LMI_SYS_TRANS_NO		=> 161
LMI_SYS_TRANS_DATE		=> 20110520 23:56:42
LMI_HASH		=> 80C794528D72BE87C6A65AC55B154CCF
LMI_PAYMENT_DESC		=> Пополнение счета пользователем №221 на сумму 100 у.е.
LMI_LANG		=> ru-RU
User_id		=> 221
Status: OK! [payment_id=165]
########################################


