########### 23-11-2011 13:46 ###########
LMI_MODE		=> 0
LMI_PAYMENT_AMOUNT		=> 6420.00
LMI_PAYEE_PURSE		=> R335456041886
LMI_PAYMENT_NO		=> 1322052450
LMI_PAYER_WM		=> 119057210631
LMI_PAYER_PURSE		=> R174114494476
LMI_SYS_INVS_NO		=> 249561169
LMI_SYS_TRANS_NO		=> 621574253
LMI_SYS_TRANS_DATE		=> 20111123 16:46:13
LMI_HASH		=> 879BC38EC61A0481C4748B0F22914CE8
LMI_PAYMENT_DESC		=> Refill balance for client 129 on 6420 RUR ($199)
LMI_LANG		=> ru-RU
LMI_DBLCHK		=> SMS
User_amount		=> 199
User_id		=> 129
User_comment		=> 
User_tax		=> 3.582
########################################


########### 23-11-2011 13:46 ###########
LMI_MODE		=> 0
LMI_PAYMENT_AMOUNT		=> 6420.00
LMI_PAYEE_PURSE		=> R335456041886
LMI_PAYMENT_NO		=> 1322052450
LMI_PAYER_WM		=> 119057210631
LMI_PAYER_PURSE		=> R174114494476
LMI_SYS_INVS_NO		=> 249561169
LMI_SYS_TRANS_NO		=> 621574253
LMI_SYS_TRANS_DATE		=> 20111123 16:46:13
LMI_HASH		=> 879BC38EC61A0481C4748B0F22914CE8
LMI_PAYMENT_DESC		=> Refill balance for client 129 on 6420 RUR ($199)
LMI_LANG		=> ru-RU
LMI_DBLCHK		=> SMS
User_amount		=> 199
User_id		=> 129
User_comment		=> 
User_tax		=> 3.582
Status: OK! [payment_id=1810]
########################################


########### 23-11-2011 19:36 ###########
LMI_MODE		=> 0
LMI_PAYMENT_AMOUNT		=> 1291.00
LMI_PAYEE_PURSE		=> R335456041886
LMI_PAYMENT_NO		=> 1322073623
LMI_PAYER_WM		=> 225155238520
LMI_PAYER_PURSE		=> R199580511223
LMI_SYS_INVS_NO		=> 249655608
LMI_SYS_TRANS_NO		=> 621737047
LMI_SYS_TRANS_DATE		=> 20111123 22:36:47
LMI_HASH		=> 4B102B26CE863CF02FA4861014A40B97
LMI_PAYMENT_DESC		=> Refill balance for client 284 on 1291 RUR ($40)
LMI_LANG		=> ru-RU
LMI_DBLCHK		=> SMS
User_amount		=> 40
User_id		=> 284
User_comment		=> 
User_tax		=> 0.72
########################################


########### 23-11-2011 19:36 ###########
LMI_MODE		=> 0
LMI_PAYMENT_AMOUNT		=> 1291.00
LMI_PAYEE_PURSE		=> R335456041886
LMI_PAYMENT_NO		=> 1322073623
LMI_PAYER_WM		=> 225155238520
LMI_PAYER_PURSE		=> R199580511223
LMI_SYS_INVS_NO		=> 249655608
LMI_SYS_TRANS_NO		=> 621737047
LMI_SYS_TRANS_DATE		=> 20111123 22:36:47
LMI_HASH		=> 4B102B26CE863CF02FA4861014A40B97
LMI_PAYMENT_DESC		=> Refill balance for client 284 on 1291 RUR ($40)
LMI_LANG		=> ru-RU
LMI_DBLCHK		=> SMS
User_amount		=> 40
User_id		=> 284
User_comment		=> 
User_tax		=> 0.72
Status: OK! [payment_id=1830]
########################################


