########### 29-08-2011 14:46 ###########
LMI_MODE		=> 0
LMI_PAYMENT_AMOUNT		=> 359.00
LMI_PAYEE_PURSE		=> R335456041886
LMI_PAYMENT_NO		=> 1242133
LMI_PAYER_WM		=> 410080978941
LMI_PAYER_PURSE		=> R405591524923
LMI_SYS_INVS_NO		=> 231003302
LMI_SYS_TRANS_NO		=> 589108439
LMI_SYS_TRANS_DATE		=> 20110829 16:46:11
LMI_HASH		=> F1649864CA267F06B0B263C5227C88DD
LMI_PAYMENT_DESC		=> Charge for user 124 (on sum: 12)
LMI_LANG		=> ru-RU
User_amount		=> 12
User_id		=> 124
User_comment		=> 
User_tax		=> 0.216
########################################


########### 29-08-2011 14:46 ###########
LMI_MODE		=> 0
LMI_PAYMENT_AMOUNT		=> 359.00
LMI_PAYEE_PURSE		=> R335456041886
LMI_PAYMENT_NO		=> 1242133
LMI_PAYER_WM		=> 410080978941
LMI_PAYER_PURSE		=> R405591524923
LMI_SYS_INVS_NO		=> 231003302
LMI_SYS_TRANS_NO		=> 589108439
LMI_SYS_TRANS_DATE		=> 20110829 16:46:11
LMI_HASH		=> F1649864CA267F06B0B263C5227C88DD
LMI_PAYMENT_DESC		=> Charge for user 124 (on sum: 12)
LMI_LANG		=> ru-RU
User_amount		=> 12
User_id		=> 124
User_comment		=> 
User_tax		=> 0.216
Status: OK! [payment_id=318]
########################################


