########### 28-06-2011 06:29 ###########
LMI_MODE		=> 0
LMI_PAYMENT_AMOUNT		=> 1872.00
LMI_PAYEE_PURSE		=> R335456041886
LMI_PAYMENT_NO		=> 382116
LMI_PAYER_WM		=> 220648441700
LMI_PAYER_PURSE		=> R978834932586
LMI_SYS_INVS_NO		=> 219322661
LMI_SYS_TRANS_NO		=> 568472109
LMI_SYS_TRANS_DATE		=> 20110628 08:29:33
LMI_HASH		=> 5A40BDD81FCD31098D15D594E4FEF340
LMI_PAYMENT_DESC		=> Пополнение счета пользователем №38 на сумму 64 у.е.
LMI_LANG		=> ru-RU
LMI_DBLCHK		=> SMS
User_amount		=> 64
User_id		=> 38
User_comment		=> 
User_tax		=> 1.152
########################################


########### 28-06-2011 06:29 ###########
LMI_MODE		=> 0
LMI_PAYMENT_AMOUNT		=> 1872.00
LMI_PAYEE_PURSE		=> R335456041886
LMI_PAYMENT_NO		=> 382116
LMI_PAYER_WM		=> 220648441700
LMI_PAYER_PURSE		=> R978834932586
LMI_SYS_INVS_NO		=> 219322661
LMI_SYS_TRANS_NO		=> 568472109
LMI_SYS_TRANS_DATE		=> 20110628 08:29:33
LMI_HASH		=> 5A40BDD81FCD31098D15D594E4FEF340
LMI_PAYMENT_DESC		=> Пополнение счета пользователем №38 на сумму 64 у.е.
LMI_LANG		=> ru-RU
LMI_DBLCHK		=> SMS
User_amount		=> 64
User_id		=> 38
User_comment		=> 
User_tax		=> 1.152
Status: OK! [payment_id=28]
########################################


