########### 21-11-2011 07:08 ###########
LMI_MODE		=> 0
LMI_PAYMENT_AMOUNT		=> 161.00
LMI_PAYEE_PURSE		=> R335456041886
LMI_PAYMENT_NO		=> 1321855629
LMI_PAYER_WM		=> 264122600150
LMI_PAYER_PURSE		=> R931815874022
LMI_SYS_INVS_NO		=> 249010197
LMI_SYS_TRANS_NO		=> 620592732
LMI_SYS_TRANS_DATE		=> 20111121 10:08:20
LMI_HASH		=> 22B0D757400C5549125BBC481EE5EA0D
LMI_PAYMENT_DESC		=> Refill balance for client 208 on 161 RUR ($5)
LMI_LANG		=> ru-RU
LMI_DBLCHK		=> SMS
User_amount		=> 5
User_id		=> 208
User_comment		=> 
User_tax		=> 0.09
########################################


########### 21-11-2011 07:08 ###########
LMI_MODE		=> 0
LMI_PAYMENT_AMOUNT		=> 161.00
LMI_PAYEE_PURSE		=> R335456041886
LMI_PAYMENT_NO		=> 1321855629
LMI_PAYER_WM		=> 264122600150
LMI_PAYER_PURSE		=> R931815874022
LMI_SYS_INVS_NO		=> 249010197
LMI_SYS_TRANS_NO		=> 620592732
LMI_SYS_TRANS_DATE		=> 20111121 10:08:20
LMI_HASH		=> 22B0D757400C5549125BBC481EE5EA0D
LMI_PAYMENT_DESC		=> Refill balance for client 208 on 161 RUR ($5)
LMI_LANG		=> ru-RU
LMI_DBLCHK		=> SMS
User_amount		=> 5
User_id		=> 208
User_comment		=> 
User_tax		=> 0.09
Status: OK! [payment_id=1747]
########################################


