########### 29-09-2011 10:02 ###########
LMI_MODE		=> 0
LMI_PAYMENT_AMOUNT		=> 3681.00
LMI_PAYEE_PURSE		=> R335456041886
LMI_PAYMENT_NO		=> 1292083
LMI_PAYER_WM		=> 119057210631
LMI_PAYER_PURSE		=> R174114494476
LMI_SYS_INVS_NO		=> 237345031
LMI_SYS_TRANS_NO		=> 600207419
LMI_SYS_TRANS_DATE		=> 20110929 12:02:51
LMI_HASH		=> C60B31743E05A1255863FC86B1B085D3
LMI_PAYMENT_DESC		=> Charge for user 129 (on sum: 110)
LMI_LANG		=> ru-RU
LMI_DBLCHK		=> SMS
User_amount		=> 110
User_id		=> 129
User_comment		=> 
User_tax		=> 1.98
########################################


########### 29-09-2011 10:02 ###########
LMI_MODE		=> 0
LMI_PAYMENT_AMOUNT		=> 3681.00
LMI_PAYEE_PURSE		=> R335456041886
LMI_PAYMENT_NO		=> 1292083
LMI_PAYER_WM		=> 119057210631
LMI_PAYER_PURSE		=> R174114494476
LMI_SYS_INVS_NO		=> 237345031
LMI_SYS_TRANS_NO		=> 600207419
LMI_SYS_TRANS_DATE		=> 20110929 12:02:51
LMI_HASH		=> C60B31743E05A1255863FC86B1B085D3
LMI_PAYMENT_DESC		=> Charge for user 129 (on sum: 110)
LMI_LANG		=> ru-RU
LMI_DBLCHK		=> SMS
User_amount		=> 110
User_id		=> 129
User_comment		=> 
User_tax		=> 1.98
Status: OK! [payment_id=682]
########################################


