########### 24-10-2011 01:52 ###########
LMI_MODE		=> 0
LMI_PAYMENT_AMOUNT		=> 8462.00
LMI_PAYEE_PURSE		=> R335456041886
LMI_PAYMENT_NO		=> 1292143
LMI_PAYER_WM		=> 119057210631
LMI_PAYER_PURSE		=> R174114494476
LMI_SYS_INVS_NO		=> 242680017
LMI_SYS_TRANS_NO		=> 609493880
LMI_SYS_TRANS_DATE		=> 20111024 03:52:12
LMI_HASH		=> B3631E965AD8A848C5A22CB57580E938
LMI_PAYMENT_DESC		=> Charge for user 129 (on sum: 260)
LMI_LANG		=> ru-RU
LMI_DBLCHK		=> SMS
User_amount		=> 260
User_id		=> 129
User_comment		=> 
User_tax		=> 4.68
########################################


########### 24-10-2011 01:52 ###########
LMI_MODE		=> 0
LMI_PAYMENT_AMOUNT		=> 8462.00
LMI_PAYEE_PURSE		=> R335456041886
LMI_PAYMENT_NO		=> 1292143
LMI_PAYER_WM		=> 119057210631
LMI_PAYER_PURSE		=> R174114494476
LMI_SYS_INVS_NO		=> 242680017
LMI_SYS_TRANS_NO		=> 609493880
LMI_SYS_TRANS_DATE		=> 20111024 03:52:12
LMI_HASH		=> B3631E965AD8A848C5A22CB57580E938
LMI_PAYMENT_DESC		=> Charge for user 129 (on sum: 260)
LMI_LANG		=> ru-RU
LMI_DBLCHK		=> SMS
User_amount		=> 260
User_id		=> 129
User_comment		=> 
User_tax		=> 4.68
Status: OK! [payment_id=1005]
########################################


