########### 27-10-2011 00:20 ###########
LMI_MODE		=> 0
LMI_PAYMENT_AMOUNT		=> 2154.00
LMI_PAYEE_PURSE		=> R335456041886
LMI_PAYMENT_NO		=> 1292081
LMI_PAYER_WM		=> 119057210631
LMI_PAYER_PURSE		=> R174114494476
LMI_SYS_INVS_NO		=> 243382416
LMI_SYS_TRANS_NO		=> 610722896
LMI_SYS_TRANS_DATE		=> 20111027 02:20:51
LMI_HASH		=> CDE47BDFD86A7369E76D0692FCB6665A
LMI_PAYMENT_DESC		=> Charge for user 129 (on sum: 68)
LMI_LANG		=> ru-RU
LMI_DBLCHK		=> SMS
User_amount		=> 68
User_id		=> 129
User_comment		=> 
User_tax		=> 1.224
########################################


########### 27-10-2011 00:20 ###########
LMI_MODE		=> 0
LMI_PAYMENT_AMOUNT		=> 2154.00
LMI_PAYEE_PURSE		=> R335456041886
LMI_PAYMENT_NO		=> 1292081
LMI_PAYER_WM		=> 119057210631
LMI_PAYER_PURSE		=> R174114494476
LMI_SYS_INVS_NO		=> 243382416
LMI_SYS_TRANS_NO		=> 610722896
LMI_SYS_TRANS_DATE		=> 20111027 02:20:51
LMI_HASH		=> CDE47BDFD86A7369E76D0692FCB6665A
LMI_PAYMENT_DESC		=> Charge for user 129 (on sum: 68)
LMI_LANG		=> ru-RU
LMI_DBLCHK		=> SMS
User_amount		=> 68
User_id		=> 129
User_comment		=> 
User_tax		=> 1.224
Status: OK! [payment_id=1090]
########################################


