########### 30-11-2011 21:00 ###########
LMI_MODE		=> 0
LMI_PAYMENT_AMOUNT		=> 2733.00
LMI_PAYEE_PURSE		=> R335456041886
LMI_PAYMENT_NO		=> 1322683481
LMI_PAYER_WM		=> 225155238520
LMI_PAYER_PURSE		=> R199580511223
LMI_SYS_INVS_NO		=> 251343069
LMI_SYS_TRANS_NO		=> 624653321
LMI_SYS_TRANS_DATE		=> 20111201 00:00:47
LMI_HASH		=> B0B9C006405A3E16E93A418F3DB14148
LMI_PAYMENT_DESC		=> Refill balance for client 284 on 2733 RUR ($84)
LMI_LANG		=> ru-RU
LMI_DBLCHK		=> SMS
User_amount		=> 84
User_id		=> 284
User_comment		=> 
User_tax		=> 1.512
########################################


########### 30-11-2011 21:00 ###########
LMI_MODE		=> 0
LMI_PAYMENT_AMOUNT		=> 2733.00
LMI_PAYEE_PURSE		=> R335456041886
LMI_PAYMENT_NO		=> 1322683481
LMI_PAYER_WM		=> 225155238520
LMI_PAYER_PURSE		=> R199580511223
LMI_SYS_INVS_NO		=> 251343069
LMI_SYS_TRANS_NO		=> 624653321
LMI_SYS_TRANS_DATE		=> 20111201 00:00:47
LMI_HASH		=> B0B9C006405A3E16E93A418F3DB14148
LMI_PAYMENT_DESC		=> Refill balance for client 284 on 2733 RUR ($84)
LMI_LANG		=> ru-RU
LMI_DBLCHK		=> SMS
User_amount		=> 84
User_id		=> 284
User_comment		=> 
User_tax		=> 1.512
Status: OK! [payment_id=2036]
########################################


