########### 30-10-2011 05:35 ###########
LMI_MODE		=> 0
LMI_PAYMENT_AMOUNT		=> 2054.00
LMI_PAYEE_PURSE		=> R335456041886
LMI_PAYMENT_NO		=> 1862103
LMI_PAYER_WM		=> 757303666558
LMI_PAYER_PURSE		=> R121369668244
LMI_SYS_INVS_NO		=> 244075789
LMI_SYS_TRANS_NO		=> 611927148
LMI_SYS_TRANS_DATE		=> 20111030 08:35:13
LMI_HASH		=> 9B377C6C5D07C60ED6B922E8906FB3F7
LMI_PAYMENT_DESC		=> Charge for user 186 (on sum: 65)
LMI_LANG		=> ru-RU
LMI_DBLCHK		=> SMS
User_amount		=> 65
User_id		=> 186
User_comment		=> 
User_tax		=> 1.17
########################################


########### 30-10-2011 05:35 ###########
LMI_MODE		=> 0
LMI_PAYMENT_AMOUNT		=> 2054.00
LMI_PAYEE_PURSE		=> R335456041886
LMI_PAYMENT_NO		=> 1862103
LMI_PAYER_WM		=> 757303666558
LMI_PAYER_PURSE		=> R121369668244
LMI_SYS_INVS_NO		=> 244075789
LMI_SYS_TRANS_NO		=> 611927148
LMI_SYS_TRANS_DATE		=> 20111030 08:35:13
LMI_HASH		=> 9B377C6C5D07C60ED6B922E8906FB3F7
LMI_PAYMENT_DESC		=> Charge for user 186 (on sum: 65)
LMI_LANG		=> ru-RU
LMI_DBLCHK		=> SMS
User_amount		=> 65
User_id		=> 186
User_comment		=> 
User_tax		=> 1.17
Status: OK! [payment_id=1165]
########################################


