########### 30-09-2011 13:49 ###########
LMI_MODE		=> 0
LMI_PAYMENT_AMOUNT		=> 2318.00
LMI_PAYEE_PURSE		=> R335456041886
LMI_PAYMENT_NO		=> 1292154
LMI_PAYER_WM		=> 119057210631
LMI_PAYER_PURSE		=> R174114494476
LMI_SYS_INVS_NO		=> 237622376
LMI_SYS_TRANS_NO		=> 600690602
LMI_SYS_TRANS_DATE		=> 20110930 15:49:13
LMI_HASH		=> 3E5BABD1A13624DE132CE176B60C2174
LMI_PAYMENT_DESC		=> Charge for user 129 (on sum: 70)
LMI_LANG		=> ru-RU
LMI_DBLCHK		=> SMS
User_amount		=> 70
User_id		=> 129
User_comment		=> 
User_tax		=> 1.26
########################################


########### 30-09-2011 13:49 ###########
LMI_MODE		=> 0
LMI_PAYMENT_AMOUNT		=> 2318.00
LMI_PAYEE_PURSE		=> R335456041886
LMI_PAYMENT_NO		=> 1292154
LMI_PAYER_WM		=> 119057210631
LMI_PAYER_PURSE		=> R174114494476
LMI_SYS_INVS_NO		=> 237622376
LMI_SYS_TRANS_NO		=> 600690602
LMI_SYS_TRANS_DATE		=> 20110930 15:49:13
LMI_HASH		=> 3E5BABD1A13624DE132CE176B60C2174
LMI_PAYMENT_DESC		=> Charge for user 129 (on sum: 70)
LMI_LANG		=> ru-RU
LMI_DBLCHK		=> SMS
User_amount		=> 70
User_id		=> 129
User_comment		=> 
User_tax		=> 1.26
Status: OK! [payment_id=706]
########################################


