########### 25-11-2011 01:19 ###########
########################################


########### 25-11-2011 01:19 ###########
Status: FAIL! Не верная цифровая подпись!
SignStr:Z735510829657XFgw
CalcSign:C133C0EDE71FFEA502BC1A9D1AE21E40
RespSign:
########################################


########### 25-11-2011 01:19 ###########
LMI_MODE		=> 0
LMI_PAYMENT_AMOUNT		=> 13.00
LMI_PAYEE_PURSE		=> Z735510829657
LMI_PAYMENT_NO		=> 1322180727
LMI_PAYER_WM		=> 286070674492
LMI_PAYER_PURSE		=> Z691245518706
LMI_SYS_INVS_NO		=> 249941670
LMI_SYS_TRANS_NO		=> 622236455
LMI_SYS_TRANS_DATE		=> 20111125 04:19:32
LMI_HASH		=> DD8FD5558AFE5801F347E271C89F9E05
LMI_PAYMENT_DESC		=> Refill balance for client 391 on $10
LMI_LANG		=> ru-RU
LMI_DBLCHK		=> SMS
User_amount		=> 10
User_id		=> 391
User_tax		=> 2.24
########################################


########### 25-11-2011 01:19 ###########
LMI_MODE		=> 0
LMI_PAYMENT_AMOUNT		=> 13.00
LMI_PAYEE_PURSE		=> Z735510829657
LMI_PAYMENT_NO		=> 1322180727
LMI_PAYER_WM		=> 286070674492
LMI_PAYER_PURSE		=> Z691245518706
LMI_SYS_INVS_NO		=> 249941670
LMI_SYS_TRANS_NO		=> 622236455
LMI_SYS_TRANS_DATE		=> 20111125 04:19:32
LMI_HASH		=> DD8FD5558AFE5801F347E271C89F9E05
LMI_PAYMENT_DESC		=> Refill balance for client 391 on $10
LMI_LANG		=> ru-RU
LMI_DBLCHK		=> SMS
User_amount		=> 10
User_id		=> 391
User_tax		=> 2.24
Status: OK! [payment_id=1859]
########################################


########### 25-11-2011 12:38 ###########
########################################


########### 25-11-2011 12:38 ###########
Status: FAIL! Не верная цифровая подпись!
SignStr:Z735510829657XFgw
CalcSign:C133C0EDE71FFEA502BC1A9D1AE21E40
RespSign:
########################################


########### 25-11-2011 12:38 ###########
LMI_MODE		=> 0
LMI_PAYMENT_AMOUNT		=> 105.00
LMI_PAYEE_PURSE		=> Z735510829657
LMI_PAYMENT_NO		=> 1322221415
LMI_PAYER_WM		=> 286070674492
LMI_PAYER_PURSE		=> Z691245518706
LMI_SYS_INVS_NO		=> 250033603
LMI_SYS_TRANS_NO		=> 622396594
LMI_SYS_TRANS_DATE		=> 20111125 15:38:06
LMI_HASH		=> E7FFFCDB3B88985E7E6AD951AB86C412
LMI_PAYMENT_DESC		=> Refill balance for client 391 on $100
LMI_LANG		=> ru-RU
LMI_DBLCHK		=> SMS
User_amount		=> 100
User_id		=> 391
User_tax		=> 4.4
########################################


########### 25-11-2011 12:38 ###########
LMI_MODE		=> 0
LMI_PAYMENT_AMOUNT		=> 105.00
LMI_PAYEE_PURSE		=> Z735510829657
LMI_PAYMENT_NO		=> 1322221415
LMI_PAYER_WM		=> 286070674492
LMI_PAYER_PURSE		=> Z691245518706
LMI_SYS_INVS_NO		=> 250033603
LMI_SYS_TRANS_NO		=> 622396594
LMI_SYS_TRANS_DATE		=> 20111125 15:38:06
LMI_HASH		=> E7FFFCDB3B88985E7E6AD951AB86C412
LMI_PAYMENT_DESC		=> Refill balance for client 391 on $100
LMI_LANG		=> ru-RU
LMI_DBLCHK		=> SMS
User_amount		=> 100
User_id		=> 391
User_tax		=> 4.4
Status: OK! [payment_id=1866]
########################################


