########### 18-11-2011 11:00 ###########
########################################


########### 18-11-2011 11:00 ###########
Status: FAIL! Не верная цифровая подпись!
SignStr:R335456041886XFgw
CalcSign:50395C41851C4674D54A83DE6B31EFD4
RespSign:
########################################


########### 18-11-2011 11:08 ###########
########################################


########### 18-11-2011 11:08 ###########
Status: FAIL! Не верная цифровая подпись!
SignStr:R335456041886XFgw
CalcSign:50395C41851C4674D54A83DE6B31EFD4
RespSign:
########################################


########### 18-11-2011 11:24 ###########
########################################


########### 18-11-2011 11:24 ###########
Status: FAIL! Не верная цифровая подпись!
SignStr:R335456041886XFgw
CalcSign:50395C41851C4674D54A83DE6B31EFD4
RespSign:
########################################


########### 18-11-2011 11:24 ###########
LMI_MODE		=> 0
LMI_PAYMENT_AMOUNT		=> 4.00
LMI_PAYEE_PURSE		=> Z735510829657
LMI_PAYMENT_NO		=> 1321611806
LMI_PAYER_WM		=> 385342887085
LMI_PAYER_PURSE		=> Z267146939960
LMI_SYS_INVS_NO		=> 248431100
LMI_SYS_TRANS_NO		=> 619590362
LMI_SYS_TRANS_DATE		=> 20111118 14:24:01
LMI_HASH		=> 6083859329605CCFB444AE4B569F5B33
LMI_PAYMENT_DESC		=> Refill balance for client 4 on $1
LMI_LANG		=> ru-RU
User_id		=> 4
User_tax		=> 2.016
########################################


########### 18-11-2011 11:24 ###########
LMI_MODE		=> 0
LMI_PAYMENT_AMOUNT		=> 4.00
LMI_PAYEE_PURSE		=> Z735510829657
LMI_PAYMENT_NO		=> 1321611806
LMI_PAYER_WM		=> 385342887085
LMI_PAYER_PURSE		=> Z267146939960
LMI_SYS_INVS_NO		=> 248431100
LMI_SYS_TRANS_NO		=> 619590362
LMI_SYS_TRANS_DATE		=> 20111118 14:24:01
LMI_HASH		=> 6083859329605CCFB444AE4B569F5B33
LMI_PAYMENT_DESC		=> Refill balance for client 4 on $1
LMI_LANG		=> ru-RU
User_id		=> 4
User_tax		=> 2.016
Status: FAIL! Не верная цифровая подпись!
SignStr:R3354560418864.001321611806024843110061959036220111118 14:24:01XFgwZ267146939960385342887085
CalcSign:20271F328CBBD1C3907E8A395CC73196
RespSign:6083859329605CCFB444AE4B569F5B33
########################################


########### 18-11-2011 11:46 ###########
########################################


########### 18-11-2011 11:46 ###########
Status: FAIL! Не верная цифровая подпись!
SignStr:Z735510829657XFgw
CalcSign:C133C0EDE71FFEA502BC1A9D1AE21E40
RespSign:
########################################


########### 18-11-2011 11:46 ###########
LMI_MODE		=> 0
LMI_PAYMENT_AMOUNT		=> 4.00
LMI_PAYEE_PURSE		=> Z735510829657
LMI_PAYMENT_NO		=> 1321613206
LMI_PAYER_WM		=> 385342887085
LMI_PAYER_PURSE		=> Z267146939960
LMI_SYS_INVS_NO		=> 248436545
LMI_SYS_TRANS_NO		=> 619599603
LMI_SYS_TRANS_DATE		=> 20111118 14:46:58
LMI_HASH		=> 1B96CDF7F51DFBD62A7AD0956370FBED
LMI_PAYMENT_DESC		=> Refill balance for client 4 on $1
LMI_LANG		=> ru-RU
User_id		=> 4
User_tax		=> 2.016
########################################


########### 18-11-2011 11:46 ###########
LMI_MODE		=> 0
LMI_PAYMENT_AMOUNT		=> 4.00
LMI_PAYEE_PURSE		=> Z735510829657
LMI_PAYMENT_NO		=> 1321613206
LMI_PAYER_WM		=> 385342887085
LMI_PAYER_PURSE		=> Z267146939960
LMI_SYS_INVS_NO		=> 248436545
LMI_SYS_TRANS_NO		=> 619599603
LMI_SYS_TRANS_DATE		=> 20111118 14:46:58
LMI_HASH		=> 1B96CDF7F51DFBD62A7AD0956370FBED
LMI_PAYMENT_DESC		=> Refill balance for client 4 on $1
LMI_LANG		=> ru-RU
User_id		=> 4
User_tax		=> 2.016
Status: OK! [payment_id=1689]
########################################


########### 18-11-2011 12:48 ###########
########################################


########### 18-11-2011 12:48 ###########
Status: FAIL! Не верная цифровая подпись!
SignStr:Z735510829657XFgw
CalcSign:C133C0EDE71FFEA502BC1A9D1AE21E40
RespSign:
########################################


########### 18-11-2011 12:48 ###########
LMI_MODE		=> 0
LMI_PAYMENT_AMOUNT		=> 4.00
LMI_PAYEE_PURSE		=> Z735510829657
LMI_PAYMENT_NO		=> 1321616867
LMI_PAYER_WM		=> 385342887085
LMI_PAYER_PURSE		=> Z267146939960
LMI_SYS_INVS_NO		=> 248451617
LMI_SYS_TRANS_NO		=> 619625153
LMI_SYS_TRANS_DATE		=> 20111118 15:48:02
LMI_HASH		=> CA4D21401AC426D6BD80339F267B321A
LMI_PAYMENT_DESC		=> Refill balance for client 4 on $1
LMI_LANG		=> ru-RU
User_amount		=> 1
User_id		=> 4
User_tax		=> 2.016
########################################


########### 18-11-2011 12:48 ###########
LMI_MODE		=> 0
LMI_PAYMENT_AMOUNT		=> 4.00
LMI_PAYEE_PURSE		=> Z735510829657
LMI_PAYMENT_NO		=> 1321616867
LMI_PAYER_WM		=> 385342887085
LMI_PAYER_PURSE		=> Z267146939960
LMI_SYS_INVS_NO		=> 248451617
LMI_SYS_TRANS_NO		=> 619625153
LMI_SYS_TRANS_DATE		=> 20111118 15:48:02
LMI_HASH		=> CA4D21401AC426D6BD80339F267B321A
LMI_PAYMENT_DESC		=> Refill balance for client 4 on $1
LMI_LANG		=> ru-RU
User_amount		=> 1
User_id		=> 4
User_tax		=> 2.016
Status: OK! [payment_id=1697]
########################################


