########### 16-12-2011 18:37 ###########
########################################


########### 16-12-2011 18:37 ###########
Status: FAIL! Не верная цифровая подпись!
SignStr:Z735510829657XFgw
CalcSign:C133C0EDE71FFEA502BC1A9D1AE21E40
RespSign:
########################################


########### 16-12-2011 18:37 ###########
LMI_MODE		=> 0
LMI_PAYMENT_AMOUNT		=> 183.00
LMI_PAYEE_PURSE		=> Z735510829657
LMI_PAYMENT_NO		=> 1324057412
LMI_PAYER_WM		=> 375062441843
LMI_PAYER_PURSE		=> Z243704458372
LMI_SYS_INVS_NO		=> 255064709
LMI_SYS_TRANS_NO		=> 631349431
LMI_SYS_TRANS_DATE		=> 20111216 21:37:19
LMI_HASH		=> F21D2CFF3B3709B3BE8DF4DBC3B9AD77
LMI_PAYMENT_DESC		=> Refill balance for client 479 on $176
LMI_LANG		=> ru-RU
LMI_DBLCHK		=> SMS
User_amount		=> 176
User_id		=> 479
User_tax		=> 6.224
########################################


########### 16-12-2011 18:37 ###########
LMI_MODE		=> 0
LMI_PAYMENT_AMOUNT		=> 183.00
LMI_PAYEE_PURSE		=> Z735510829657
LMI_PAYMENT_NO		=> 1324057412
LMI_PAYER_WM		=> 375062441843
LMI_PAYER_PURSE		=> Z243704458372
LMI_SYS_INVS_NO		=> 255064709
LMI_SYS_TRANS_NO		=> 631349431
LMI_SYS_TRANS_DATE		=> 20111216 21:37:19
LMI_HASH		=> F21D2CFF3B3709B3BE8DF4DBC3B9AD77
LMI_PAYMENT_DESC		=> Refill balance for client 479 on $176
LMI_LANG		=> ru-RU
LMI_DBLCHK		=> SMS
User_amount		=> 176
User_id		=> 479
User_tax		=> 6.224
Status: OK! [payment_id=2414]
########################################


