########### 17-11-2011 00:44 ###########
########################################


########### 17-11-2011 00:44 ###########
Status: FAIL! Не верная цифровая подпись!
SignStr:R335456041886XFgw
CalcSign:50395C41851C4674D54A83DE6B31EFD4
RespSign:
########################################


########### 17-11-2011 00:44 ###########
LMI_MODE		=> 1
LMI_PAYMENT_AMOUNT		=> 79.00
LMI_PAYEE_PURSE		=> Z735510829657
LMI_PAYMENT_NO		=> 0
LMI_PAYER_WM		=> 377025606911
LMI_PAYER_PURSE		=> Z175731127837
LMI_SYS_INVS_NO		=> 957
LMI_SYS_TRANS_NO		=> 697
LMI_SYS_TRANS_DATE		=> 20111117 03:44:57
LMI_HASH		=> B7A6F301617F1E86CB0202A5AF3362B2
LMI_PAYMENT_DESC		=> Refill balance for client 76 on $75
LMI_LANG		=> ru-RU
User_id		=> 76
User_tax		=> 3.2
########################################


########### 17-11-2011 00:44 ###########
LMI_MODE		=> 1
LMI_PAYMENT_AMOUNT		=> 79.00
LMI_PAYEE_PURSE		=> Z735510829657
LMI_PAYMENT_NO		=> 0
LMI_PAYER_WM		=> 377025606911
LMI_PAYER_PURSE		=> Z175731127837
LMI_SYS_INVS_NO		=> 957
LMI_SYS_TRANS_NO		=> 697
LMI_SYS_TRANS_DATE		=> 20111117 03:44:57
LMI_HASH		=> B7A6F301617F1E86CB0202A5AF3362B2
LMI_PAYMENT_DESC		=> Refill balance for client 76 on $75
LMI_LANG		=> ru-RU
User_id		=> 76
User_tax		=> 3.2
Status: FAIL! Не верная цифровая подпись!
SignStr:R33545604188679.000195769720111117 03:44:57XFgwZ175731127837377025606911
CalcSign:05499354A14B7427C47C7A02BC2CB76D
RespSign:B7A6F301617F1E86CB0202A5AF3362B2
########################################


########### 17-11-2011 08:20 ###########
########################################


########### 17-11-2011 08:20 ###########
Status: FAIL! Не верная цифровая подпись!
SignStr:R335456041886XFgw
CalcSign:50395C41851C4674D54A83DE6B31EFD4
RespSign:
########################################


########### 17-11-2011 08:20 ###########
LMI_MODE		=> 1
LMI_PAYMENT_AMOUNT		=> 79.00
LMI_PAYEE_PURSE		=> Z735510829657
LMI_PAYMENT_NO		=> 0
LMI_PAYER_WM		=> 377025606911
LMI_PAYER_PURSE		=> Z175731127837
LMI_SYS_INVS_NO		=> 51
LMI_SYS_TRANS_NO		=> 649
LMI_SYS_TRANS_DATE		=> 20111117 11:20:00
LMI_HASH		=> 60FC31ED6815775926E655EFAC27A13D
LMI_PAYMENT_DESC		=> Refill balance for client 76 on $75
LMI_LANG		=> ru-RU
User_id		=> 76
User_tax		=> 3.2
########################################


########### 17-11-2011 08:20 ###########
LMI_MODE		=> 1
LMI_PAYMENT_AMOUNT		=> 79.00
LMI_PAYEE_PURSE		=> Z735510829657
LMI_PAYMENT_NO		=> 0
LMI_PAYER_WM		=> 377025606911
LMI_PAYER_PURSE		=> Z175731127837
LMI_SYS_INVS_NO		=> 51
LMI_SYS_TRANS_NO		=> 649
LMI_SYS_TRANS_DATE		=> 20111117 11:20:00
LMI_HASH		=> 60FC31ED6815775926E655EFAC27A13D
LMI_PAYMENT_DESC		=> Refill balance for client 76 on $75
LMI_LANG		=> ru-RU
User_id		=> 76
User_tax		=> 3.2
Status: FAIL! Не верная цифровая подпись!
SignStr:R33545604188679.00015164920111117 11:20:00XFgwZ175731127837377025606911
CalcSign:64C03B6E168BA0393618913CCDD5AEAE
RespSign:60FC31ED6815775926E655EFAC27A13D
########################################


########### 17-11-2011 08:46 ###########
########################################


########### 17-11-2011 08:46 ###########
Status: FAIL! Не верная цифровая подпись!
SignStr:R335456041886XFgw
CalcSign:50395C41851C4674D54A83DE6B31EFD4
RespSign:
########################################


########### 17-11-2011 08:46 ###########
LMI_MODE		=> 0
LMI_PAYMENT_AMOUNT		=> 79.00
LMI_PAYEE_PURSE		=> Z735510829657
LMI_PAYMENT_NO		=> 0
LMI_PAYER_WM		=> 377025606911
LMI_PAYER_PURSE		=> Z175731127837
LMI_SYS_INVS_NO		=> 248165390
LMI_SYS_TRANS_NO		=> 619108836
LMI_SYS_TRANS_DATE		=> 20111117 11:46:44
LMI_HASH		=> EF3C46112A89AE9CE621C261F1E430C1
LMI_PAYMENT_DESC		=> Refill balance for client 76 on $75
LMI_LANG		=> ru-RU
User_id		=> 76
User_tax		=> 3.2
########################################


########### 17-11-2011 08:46 ###########
LMI_MODE		=> 0
LMI_PAYMENT_AMOUNT		=> 79.00
LMI_PAYEE_PURSE		=> Z735510829657
LMI_PAYMENT_NO		=> 0
LMI_PAYER_WM		=> 377025606911
LMI_PAYER_PURSE		=> Z175731127837
LMI_SYS_INVS_NO		=> 248165390
LMI_SYS_TRANS_NO		=> 619108836
LMI_SYS_TRANS_DATE		=> 20111117 11:46:44
LMI_HASH		=> EF3C46112A89AE9CE621C261F1E430C1
LMI_PAYMENT_DESC		=> Refill balance for client 76 on $75
LMI_LANG		=> ru-RU
User_id		=> 76
User_tax		=> 3.2
Status: FAIL! Не верная цифровая подпись!
SignStr:R33545604188679.000024816539061910883620111117 11:46:44XFgwZ175731127837377025606911
CalcSign:672822825FDE9BE76FBA3627ED98364B
RespSign:EF3C46112A89AE9CE621C261F1E430C1
########################################


