########### 05-12-2011 20:25 ###########
########################################


########### 05-12-2011 20:25 ###########
Status: FAIL! Не верная цифровая подпись!
SignStr:Z735510829657XFgw
CalcSign:C133C0EDE71FFEA502BC1A9D1AE21E40
RespSign:
########################################


########### 05-12-2011 20:26 ###########
########################################


########### 05-12-2011 20:26 ###########
Status: FAIL! Не верная цифровая подпись!
SignStr:Z735510829657XFgw
CalcSign:C133C0EDE71FFEA502BC1A9D1AE21E40
RespSign:
########################################


########### 05-12-2011 20:26 ###########
LMI_MODE		=> 0
LMI_PAYMENT_AMOUNT		=> 33.00
LMI_PAYEE_PURSE		=> Z735510829657
LMI_PAYMENT_NO		=> 1323113531
LMI_PAYER_WM		=> 286070674492
LMI_PAYER_PURSE		=> Z691245518706
LMI_SYS_INVS_NO		=> 252482246
LMI_SYS_TRANS_NO		=> 626694727
LMI_SYS_TRANS_DATE		=> 20111205 23:26:33
LMI_HASH		=> 0EFD2B33C3D5EE6DD217BA63B033AEC1
LMI_PAYMENT_DESC		=> Refill balance for client 391 on $30
LMI_LANG		=> ru-RU
LMI_DBLCHK		=> SMS
User_amount		=> 30
User_id		=> 391
User_tax		=> 2.72
########################################


########### 05-12-2011 20:26 ###########
LMI_MODE		=> 0
LMI_PAYMENT_AMOUNT		=> 33.00
LMI_PAYEE_PURSE		=> Z735510829657
LMI_PAYMENT_NO		=> 1323113531
LMI_PAYER_WM		=> 286070674492
LMI_PAYER_PURSE		=> Z691245518706
LMI_SYS_INVS_NO		=> 252482246
LMI_SYS_TRANS_NO		=> 626694727
LMI_SYS_TRANS_DATE		=> 20111205 23:26:33
LMI_HASH		=> 0EFD2B33C3D5EE6DD217BA63B033AEC1
LMI_PAYMENT_DESC		=> Refill balance for client 391 on $30
LMI_LANG		=> ru-RU
LMI_DBLCHK		=> SMS
User_amount		=> 30
User_id		=> 391
User_tax		=> 2.72
Status: OK! [payment_id=2137]
########################################


