########### 06-12-2011 21:50 ###########
########################################


########### 06-12-2011 21:50 ###########
Status: FAIL! Не верная цифровая подпись!
SignStr:Z735510829657XFgw
CalcSign:C133C0EDE71FFEA502BC1A9D1AE21E40
RespSign:
########################################


########### 06-12-2011 21:50 ###########
LMI_MODE		=> 0
LMI_PAYMENT_AMOUNT		=> 178.00
LMI_PAYEE_PURSE		=> Z735510829657
LMI_PAYMENT_NO		=> 1323205010
LMI_PAYER_WM		=> 286070674492
LMI_PAYER_PURSE		=> Z691245518706
LMI_SYS_INVS_NO		=> 252742540
LMI_SYS_TRANS_NO		=> 627168635
LMI_SYS_TRANS_DATE		=> 20111207 00:50:59
LMI_HASH		=> 34357EE1B88BCC1D768FA8F01A2533A7
LMI_PAYMENT_DESC		=> Refill balance for client 391 on $171
LMI_LANG		=> ru-RU
LMI_DBLCHK		=> SMS
User_amount		=> 171
User_id		=> 391
User_tax		=> 6.104
########################################


########### 06-12-2011 21:50 ###########
LMI_MODE		=> 0
LMI_PAYMENT_AMOUNT		=> 178.00
LMI_PAYEE_PURSE		=> Z735510829657
LMI_PAYMENT_NO		=> 1323205010
LMI_PAYER_WM		=> 286070674492
LMI_PAYER_PURSE		=> Z691245518706
LMI_SYS_INVS_NO		=> 252742540
LMI_SYS_TRANS_NO		=> 627168635
LMI_SYS_TRANS_DATE		=> 20111207 00:50:59
LMI_HASH		=> 34357EE1B88BCC1D768FA8F01A2533A7
LMI_PAYMENT_DESC		=> Refill balance for client 391 on $171
LMI_LANG		=> ru-RU
LMI_DBLCHK		=> SMS
User_amount		=> 171
User_id		=> 391
User_tax		=> 6.104
Status: OK! [payment_id=2180]
########################################


